Autotested Results for a1 submitted by Jil Nayak (nayakjil)
Generated at 2016-11-01T21:59:53

Summary of Results: 170 out of 321 tests successfully passed
--

Tests for tests.DustBallTest (28/28 passed)
--

1) getColumn() not changing the return value of getSymbol()                           .. ok!
2) moveTo dustball moves correctly                                                    .. ok!
3) the variable symbol exists and is declared correctly                               .. ok!
4) getSymbol() returning the correct value                                            .. ok!
5) getRow() returning the correct value                                               .. ok!
6) the variable row exists and is declared correctly                                  .. ok!
7) the method updateCoordinates()                                                     .. ok!
8) getRow() not changing the return value of getSymbol()                              .. ok!
9) the method updateCoordinates()                                                     .. ok!
10) getColumn() returning the correct value                                            .. ok!
11) getValue is correct                                                                .. ok!
12) the method getSymbol()                                                             .. ok!
13) the method getRow()                                                                .. ok!
14) the constructor exists and is declared correctly                                   .. ok!
15) the method hashCode()                                                              .. ok!
16) getRow() returning the correct value with multiple Sprites                         .. ok!
17) moveTo signature                                                                   .. ok!
18) the variable column exists and is declared correctly                               .. ok!
19) the method equals()                                                                .. ok!
20) getColumn() returning the correct value with multiple Sprites                      .. ok!
21) the method getColumn()                                                             .. ok!
22) toString() returning the correct value                                             .. ok!
23) moveTo dustball moves correctly                                                    .. ok!
24) getSymbol() not changing the return value of getColumn()                           .. ok!
25) getSymbol() not changing the return value of getRow()                              .. ok!
26) getColumn() not changing the return value of getRow()                              .. ok!
27) that DustBall inherits Sprite                                                      .. ok!
28) getRow() not changing the return value of getColumn()                              .. ok!


Tests for tests.VacuumGameTest (0/74 passed)
--

1) VacuumGame constructor                                                             .. failed
.. because game/VacuumGame (details below):

    java.lang.NoClassDefFoundError: game/VacuumGame
    	at tests.VacuumGameTest.testReflectionCnstructor(VacuumGameTest.java:144)
    	at sun.reflect.NativeMethodAccessorImpl.invoke0(Native Method)
    	at sun.reflect.NativeMethodAccessorImpl.invoke(NativeMethodAccessorImpl.java:62)
    	at sun.reflect.DelegatingMethodAccessorImpl.invoke(DelegatingMethodAccessorImpl.java:43)
    	at java.lang.reflect.Method.invoke(Method.java:498)
    	at org.junit.runners.model.FrameworkMethod$1.runReflectiveCall(FrameworkMethod.java:50)
    	at org.junit.internal.runners.model.ReflectiveCallable.run(ReflectiveCallable.java:12)
    	at org.junit.runners.model.FrameworkMethod.invokeExplosively(FrameworkMethod.java:47)
    	at org.junit.internal.runners.statements.InvokeMethod.evaluate(InvokeMethod.java:17)
    	at org.junit.internal.runners.statements.FailOnTimeout$CallableStatement.call(FailOnTimeout.java:298)
    	at org.junit.internal.runners.statements.FailOnTimeout$CallableStatement.call(FailOnTimeout.java:292)
    	at java.util.concurrent.FutureTask.run(FutureTask.java:266)
    	at java.lang.Thread.run(Thread.java:745)

2) VacuumGame                                                                         .. failed
.. because game/VacuumGame (details below):

    java.lang.NoClassDefFoundError: game/VacuumGame
    	at tests.VacuumGameTest.testVacuumGame(VacuumGameTest.java:53)
    	at sun.reflect.NativeMethodAccessorImpl.invoke0(Native Method)
    	at sun.reflect.NativeMethodAccessorImpl.invoke(NativeMethodAccessorImpl.java:62)
    	at sun.reflect.DelegatingMethodAccessorImpl.invoke(DelegatingMethodAccessorImpl.java:43)
    	at java.lang.reflect.Method.invoke(Method.java:498)
    	at org.junit.runners.model.FrameworkMethod$1.runReflectiveCall(FrameworkMethod.java:50)
    	at org.junit.internal.runners.model.ReflectiveCallable.run(ReflectiveCallable.java:12)
    	at org.junit.runners.model.FrameworkMethod.invokeExplosively(FrameworkMethod.java:47)
    	at org.junit.internal.runners.statements.InvokeMethod.evaluate(InvokeMethod.java:17)
    	at org.junit.internal.runners.statements.FailOnTimeout$CallableStatement.call(FailOnTimeout.java:298)
    	at org.junit.internal.runners.statements.FailOnTimeout$CallableStatement.call(FailOnTimeout.java:292)
    	at java.util.concurrent.FutureTask.run(FutureTask.java:266)
    	at java.lang.Thread.run(Thread.java:745)

3) getNumRows with 7 rows                                                             .. failed
.. because game/VacuumGame (details below):

    java.lang.NoClassDefFoundError: game/VacuumGame
    	at tests.VacuumGameTest.testGetNumRowsTiny(VacuumGameTest.java:336)
    	at sun.reflect.NativeMethodAccessorImpl.invoke0(Native Method)
    	at sun.reflect.NativeMethodAccessorImpl.invoke(NativeMethodAccessorImpl.java:62)
    	at sun.reflect.DelegatingMethodAccessorImpl.invoke(DelegatingMethodAccessorImpl.java:43)
    	at java.lang.reflect.Method.invoke(Method.java:498)
    	at org.junit.runners.model.FrameworkMethod$1.runReflectiveCall(FrameworkMethod.java:50)
    	at org.junit.internal.runners.model.ReflectiveCallable.run(ReflectiveCallable.java:12)
    	at org.junit.runners.model.FrameworkMethod.invokeExplosively(FrameworkMethod.java:47)
    	at org.junit.internal.runners.statements.InvokeMethod.evaluate(InvokeMethod.java:17)
    	at org.junit.internal.runners.statements.FailOnTimeout$CallableStatement.call(FailOnTimeout.java:298)
    	at org.junit.internal.runners.statements.FailOnTimeout$CallableStatement.call(FailOnTimeout.java:292)
    	at java.util.concurrent.FutureTask.run(FutureTask.java:266)
    	at java.lang.Thread.run(Thread.java:745)

4) move left on wall                                                                  .. failed
.. because game/VacuumGame (details below):

    java.lang.NoClassDefFoundError: game/VacuumGame
    	at tests.VacuumGameTest.testMoveVacuumOneWallLeft(VacuumGameTest.java:578)
    	at sun.reflect.NativeMethodAccessorImpl.invoke0(Native Method)
    	at sun.reflect.NativeMethodAccessorImpl.invoke(NativeMethodAccessorImpl.java:62)
    	at sun.reflect.DelegatingMethodAccessorImpl.invoke(DelegatingMethodAccessorImpl.java:43)
    	at java.lang.reflect.Method.invoke(Method.java:498)
    	at org.junit.runners.model.FrameworkMethod$1.runReflectiveCall(FrameworkMethod.java:50)
    	at org.junit.internal.runners.model.ReflectiveCallable.run(ReflectiveCallable.java:12)
    	at org.junit.runners.model.FrameworkMethod.invokeExplosively(FrameworkMethod.java:47)
    	at org.junit.internal.runners.statements.InvokeMethod.evaluate(InvokeMethod.java:17)
    	at org.junit.internal.runners.statements.FailOnTimeout$CallableStatement.call(FailOnTimeout.java:298)
    	at org.junit.internal.runners.statements.FailOnTimeout$CallableStatement.call(FailOnTimeout.java:292)
    	at java.util.concurrent.FutureTask.run(FutureTask.java:266)
    	at java.lang.Thread.run(Thread.java:745)

5) getWinner gives correct results                                                    .. failed
.. because game/VacuumGame (details below):

    java.lang.NoClassDefFoundError: game/VacuumGame
    	at tests.VacuumGameTest.testHasWonOneDirtVacuumOneWins(VacuumGameTest.java:1033)
    	at sun.reflect.NativeMethodAccessorImpl.invoke0(Native Method)
    	at sun.reflect.NativeMethodAccessorImpl.invoke(NativeMethodAccessorImpl.java:62)
    	at sun.reflect.DelegatingMethodAccessorImpl.invoke(DelegatingMethodAccessorImpl.java:43)
    	at java.lang.reflect.Method.invoke(Method.java:498)
    	at org.junit.runners.model.FrameworkMethod$1.runReflectiveCall(FrameworkMethod.java:50)
    	at org.junit.internal.runners.model.ReflectiveCallable.run(ReflectiveCallable.java:12)
    	at org.junit.runners.model.FrameworkMethod.invokeExplosively(FrameworkMethod.java:47)
    	at org.junit.internal.runners.statements.InvokeMethod.evaluate(InvokeMethod.java:17)
    	at org.junit.internal.runners.statements.FailOnTimeout$CallableStatement.call(FailOnTimeout.java:298)
    	at org.junit.internal.runners.statements.FailOnTimeout$CallableStatement.call(FailOnTimeout.java:292)
    	at java.util.concurrent.FutureTask.run(FutureTask.java:266)
    	at java.lang.Thread.run(Thread.java:745)

6) move up twice onto wall                                                            .. failed
.. because game/VacuumGame (details below):

    java.lang.NoClassDefFoundError: game/VacuumGame
    	at tests.VacuumGameTest.testMoveVacuumTwoWallUp(VacuumGameTest.java:897)
    	at sun.reflect.NativeMethodAccessorImpl.invoke0(Native Method)
    	at sun.reflect.NativeMethodAccessorImpl.invoke(NativeMethodAccessorImpl.java:62)
    	at sun.reflect.DelegatingMethodAccessorImpl.invoke(DelegatingMethodAccessorImpl.java:43)
    	at java.lang.reflect.Method.invoke(Method.java:498)
    	at org.junit.runners.model.FrameworkMethod$1.runReflectiveCall(FrameworkMethod.java:50)
    	at org.junit.internal.runners.model.ReflectiveCallable.run(ReflectiveCallable.java:12)
    	at org.junit.runners.model.FrameworkMethod.invokeExplosively(FrameworkMethod.java:47)
    	at org.junit.internal.runners.statements.InvokeMethod.evaluate(InvokeMethod.java:17)
    	at org.junit.internal.runners.statements.FailOnTimeout$CallableStatement.call(FailOnTimeout.java:298)
    	at org.junit.internal.runners.statements.FailOnTimeout$CallableStatement.call(FailOnTimeout.java:292)
    	at java.util.concurrent.FutureTask.run(FutureTask.java:266)
    	at java.lang.Thread.run(Thread.java:745)

7) getVacuumOne non-null                                                              .. failed
.. because game/VacuumGame (details below):

    java.lang.NoClassDefFoundError: game/VacuumGame
    	at tests.VacuumGameTest.testGetVacuumOneNotNull(VacuumGameTest.java:294)
    	at sun.reflect.NativeMethodAccessorImpl.invoke0(Native Method)
    	at sun.reflect.NativeMethodAccessorImpl.invoke(NativeMethodAccessorImpl.java:62)
    	at sun.reflect.DelegatingMethodAccessorImpl.invoke(DelegatingMethodAccessorImpl.java:43)
    	at java.lang.reflect.Method.invoke(Method.java:498)
    	at org.junit.runners.model.FrameworkMethod$1.runReflectiveCall(FrameworkMethod.java:50)
    	at org.junit.internal.runners.model.ReflectiveCallable.run(ReflectiveCallable.java:12)
    	at org.junit.runners.model.FrameworkMethod.invokeExplosively(FrameworkMethod.java:47)
    	at org.junit.internal.runners.statements.InvokeMethod.evaluate(InvokeMethod.java:17)
    	at org.junit.internal.runners.statements.FailOnTimeout$CallableStatement.call(FailOnTimeout.java:298)
    	at org.junit.internal.runners.statements.FailOnTimeout$CallableStatement.call(FailOnTimeout.java:292)
    	at java.util.concurrent.FutureTask.run(FutureTask.java:266)
    	at java.lang.Thread.run(Thread.java:745)
    Caused by: java.lang.ClassNotFoundException: game.VacuumGame
    	at java.net.URLClassLoader.findClass(URLClassLoader.java:381)
    	at java.lang.ClassLoader.loadClass(ClassLoader.java:424)
    	at sun.misc.Launcher$AppClassLoader.loadClass(Launcher.java:331)
    	at java.lang.ClassLoader.loadClass(ClassLoader.java:357)
    	... 13 more

8) move right twice onto wall                                                         .. failed
.. because game/VacuumGame (details below):

    java.lang.NoClassDefFoundError: game/VacuumGame
    	at tests.VacuumGameTest.testMoveVacuumTwoWallRight(VacuumGameTest.java:877)
    	at sun.reflect.NativeMethodAccessorImpl.invoke0(Native Method)
    	at sun.reflect.NativeMethodAccessorImpl.invoke(NativeMethodAccessorImpl.java:62)
    	at sun.reflect.DelegatingMethodAccessorImpl.invoke(DelegatingMethodAccessorImpl.java:43)
    	at java.lang.reflect.Method.invoke(Method.java:498)
    	at org.junit.runners.model.FrameworkMethod$1.runReflectiveCall(FrameworkMethod.java:50)
    	at org.junit.internal.runners.model.ReflectiveCallable.run(ReflectiveCallable.java:12)
    	at org.junit.runners.model.FrameworkMethod.invokeExplosively(FrameworkMethod.java:47)
    	at org.junit.internal.runners.statements.InvokeMethod.evaluate(InvokeMethod.java:17)
    	at org.junit.internal.runners.statements.FailOnTimeout$CallableStatement.call(FailOnTimeout.java:298)
    	at org.junit.internal.runners.statements.FailOnTimeout$CallableStatement.call(FailOnTimeout.java:292)
    	at java.util.concurrent.FutureTask.run(FutureTask.java:266)
    	at java.lang.Thread.run(Thread.java:745)

9) getNumCols with 24 cols                                                            .. failed
.. because game/VacuumGame (details below):

    java.lang.NoClassDefFoundError: game/VacuumGame
    	at tests.VacuumGameTest.testGetNumColsNormal(VacuumGameTest.java:344)
    	at sun.reflect.NativeMethodAccessorImpl.invoke0(Native Method)
    	at sun.reflect.NativeMethodAccessorImpl.invoke(NativeMethodAccessorImpl.java:62)
    	at sun.reflect.DelegatingMethodAccessorImpl.invoke(DelegatingMethodAccessorImpl.java:43)
    	at java.lang.reflect.Method.invoke(Method.java:498)
    	at org.junit.runners.model.FrameworkMethod$1.runReflectiveCall(FrameworkMethod.java:50)
    	at org.junit.internal.runners.model.ReflectiveCallable.run(ReflectiveCallable.java:12)
    	at org.junit.runners.model.FrameworkMethod.invokeExplosively(FrameworkMethod.java:47)
    	at org.junit.internal.runners.statements.InvokeMethod.evaluate(InvokeMethod.java:17)
    	at org.junit.internal.runners.statements.FailOnTimeout$CallableStatement.call(FailOnTimeout.java:298)
    	at org.junit.internal.runners.statements.FailOnTimeout$CallableStatement.call(FailOnTimeout.java:292)
    	at java.util.concurrent.FutureTask.run(FutureTask.java:266)
    	at java.lang.Thread.run(Thread.java:745)

10) move down twice on clean                                                           .. failed
.. because game/VacuumGame (details below):

    java.lang.NoClassDefFoundError: game/VacuumGame
    	at tests.VacuumGameTest.testMoveVacuumTwoUnvisitedDown(VacuumGameTest.java:830)
    	at sun.reflect.NativeMethodAccessorImpl.invoke0(Native Method)
    	at sun.reflect.NativeMethodAccessorImpl.invoke(NativeMethodAccessorImpl.java:62)
    	at sun.reflect.DelegatingMethodAccessorImpl.invoke(DelegatingMethodAccessorImpl.java:43)
    	at java.lang.reflect.Method.invoke(Method.java:498)
    	at org.junit.runners.model.FrameworkMethod$1.runReflectiveCall(FrameworkMethod.java:50)
    	at org.junit.internal.runners.model.ReflectiveCallable.run(ReflectiveCallable.java:12)
    	at org.junit.runners.model.FrameworkMethod.invokeExplosively(FrameworkMethod.java:47)
    	at org.junit.internal.runners.statements.InvokeMethod.evaluate(InvokeMethod.java:17)
    	at org.junit.internal.runners.statements.FailOnTimeout$CallableStatement.call(FailOnTimeout.java:298)
    	at org.junit.internal.runners.statements.FailOnTimeout$CallableStatement.call(FailOnTimeout.java:292)
    	at java.util.concurrent.FutureTask.run(FutureTask.java:266)
    	at java.lang.Thread.run(Thread.java:745)

11) VacuumGame getSprite signature                                                     .. failed
.. because game/VacuumGame (details below):

    java.lang.NoClassDefFoundError: game/VacuumGame
    	at tests.VacuumGameTest.testReflectionMethodGetSprite(VacuumGameTest.java:240)
    	at sun.reflect.NativeMethodAccessorImpl.invoke0(Native Method)
    	at sun.reflect.NativeMethodAccessorImpl.invoke(NativeMethodAccessorImpl.java:62)
    	at sun.reflect.DelegatingMethodAccessorImpl.invoke(DelegatingMethodAccessorImpl.java:43)
    	at java.lang.reflect.Method.invoke(Method.java:498)
    	at org.junit.runners.model.FrameworkMethod$1.runReflectiveCall(FrameworkMethod.java:50)
    	at org.junit.internal.runners.model.ReflectiveCallable.run(ReflectiveCallable.java:12)
    	at org.junit.runners.model.FrameworkMethod.invokeExplosively(FrameworkMethod.java:47)
    	at org.junit.internal.runners.statements.InvokeMethod.evaluate(InvokeMethod.java:17)
    	at org.junit.internal.runners.statements.FailOnTimeout$CallableStatement.call(FailOnTimeout.java:298)
    	at org.junit.internal.runners.statements.FailOnTimeout$CallableStatement.call(FailOnTimeout.java:292)
    	at java.util.concurrent.FutureTask.run(FutureTask.java:266)
    	at java.lang.Thread.run(Thread.java:745)

12) getSprite with wall                                                                .. failed
.. because game/VacuumGame (details below):

    java.lang.NoClassDefFoundError: game/VacuumGame
    	at tests.VacuumGameTest.testGetNormalWall(VacuumGameTest.java:376)
    	at sun.reflect.NativeMethodAccessorImpl.invoke0(Native Method)
    	at sun.reflect.NativeMethodAccessorImpl.invoke(NativeMethodAccessorImpl.java:62)
    	at sun.reflect.DelegatingMethodAccessorImpl.invoke(DelegatingMethodAccessorImpl.java:43)
    	at java.lang.reflect.Method.invoke(Method.java:498)
    	at org.junit.runners.model.FrameworkMethod$1.runReflectiveCall(FrameworkMethod.java:50)
    	at org.junit.internal.runners.model.ReflectiveCallable.run(ReflectiveCallable.java:12)
    	at org.junit.runners.model.FrameworkMethod.invokeExplosively(FrameworkMethod.java:47)
    	at org.junit.internal.runners.statements.InvokeMethod.evaluate(InvokeMethod.java:17)
    	at org.junit.internal.runners.statements.FailOnTimeout$CallableStatement.call(FailOnTimeout.java:298)
    	at org.junit.internal.runners.statements.FailOnTimeout$CallableStatement.call(FailOnTimeout.java:292)
    	at java.util.concurrent.FutureTask.run(FutureTask.java:266)
    	at java.lang.Thread.run(Thread.java:745)

13) getWinner gives correct results                                                    .. failed
.. because game/VacuumGame (details below):

    java.lang.NoClassDefFoundError: game/VacuumGame
    	at tests.VacuumGameTest.testHasWonOneMobileVacuumOneWins(VacuumGameTest.java:1128)
    	at sun.reflect.NativeMethodAccessorImpl.invoke0(Native Method)
    	at sun.reflect.NativeMethodAccessorImpl.invoke(NativeMethodAccessorImpl.java:62)
    	at sun.reflect.DelegatingMethodAccessorImpl.invoke(DelegatingMethodAccessorImpl.java:43)
    	at java.lang.reflect.Method.invoke(Method.java:498)
    	at org.junit.runners.model.FrameworkMethod$1.runReflectiveCall(FrameworkMethod.java:50)
    	at org.junit.internal.runners.model.ReflectiveCallable.run(ReflectiveCallable.java:12)
    	at org.junit.runners.model.FrameworkMethod.invokeExplosively(FrameworkMethod.java:47)
    	at org.junit.internal.runners.statements.InvokeMethod.evaluate(InvokeMethod.java:17)
    	at org.junit.internal.runners.statements.FailOnTimeout$CallableStatement.call(FailOnTimeout.java:298)
    	at org.junit.internal.runners.statements.FailOnTimeout$CallableStatement.call(FailOnTimeout.java:292)
    	at java.util.concurrent.FutureTask.run(FutureTask.java:266)
    	at java.lang.Thread.run(Thread.java:745)

14) getSprite with vacuum                                                              .. failed
.. because game/VacuumGame (details below):

    java.lang.NoClassDefFoundError: game/VacuumGame
    	at tests.VacuumGameTest.testGetNormalVacuumOne(VacuumGameTest.java:442)
    	at sun.reflect.NativeMethodAccessorImpl.invoke0(Native Method)
    	at sun.reflect.NativeMethodAccessorImpl.invoke(NativeMethodAccessorImpl.java:62)
    	at sun.reflect.DelegatingMethodAccessorImpl.invoke(DelegatingMethodAccessorImpl.java:43)
    	at java.lang.reflect.Method.invoke(Method.java:498)
    	at org.junit.runners.model.FrameworkMethod$1.runReflectiveCall(FrameworkMethod.java:50)
    	at org.junit.internal.runners.model.ReflectiveCallable.run(ReflectiveCallable.java:12)
    	at org.junit.runners.model.FrameworkMethod.invokeExplosively(FrameworkMethod.java:47)
    	at org.junit.internal.runners.statements.InvokeMethod.evaluate(InvokeMethod.java:17)
    	at org.junit.internal.runners.statements.FailOnTimeout$CallableStatement.call(FailOnTimeout.java:298)
    	at org.junit.internal.runners.statements.FailOnTimeout$CallableStatement.call(FailOnTimeout.java:292)
    	at java.util.concurrent.FutureTask.run(FutureTask.java:266)
    	at java.lang.Thread.run(Thread.java:745)

15) VacuumGame getWinner signature                                                     .. failed
.. because game/VacuumGame (details below):

    java.lang.NoClassDefFoundError: game/VacuumGame
    	at tests.VacuumGameTest.testReflectionMethodGetWinner(VacuumGameTest.java:226)
    	at sun.reflect.NativeMethodAccessorImpl.invoke0(Native Method)
    	at sun.reflect.NativeMethodAccessorImpl.invoke(NativeMethodAccessorImpl.java:62)
    	at sun.reflect.DelegatingMethodAccessorImpl.invoke(DelegatingMethodAccessorImpl.java:43)
    	at java.lang.reflect.Method.invoke(Method.java:498)
    	at org.junit.runners.model.FrameworkMethod$1.runReflectiveCall(FrameworkMethod.java:50)
    	at org.junit.internal.runners.model.ReflectiveCallable.run(ReflectiveCallable.java:12)
    	at org.junit.runners.model.FrameworkMethod.invokeExplosively(FrameworkMethod.java:47)
    	at org.junit.internal.runners.statements.InvokeMethod.evaluate(InvokeMethod.java:17)
    	at org.junit.internal.runners.statements.FailOnTimeout$CallableStatement.call(FailOnTimeout.java:298)
    	at org.junit.internal.runners.statements.FailOnTimeout$CallableStatement.call(FailOnTimeout.java:292)
    	at java.util.concurrent.FutureTask.run(FutureTask.java:266)
    	at java.lang.Thread.run(Thread.java:745)

16) clean gives correct results                                                        .. failed
.. because game/VacuumGame (details below):

    java.lang.NoClassDefFoundError: game/VacuumGame
    	at tests.VacuumGameTest.testCleanToWinVacuumOne(VacuumGameTest.java:1299)
    	at sun.reflect.NativeMethodAccessorImpl.invoke0(Native Method)
    	at sun.reflect.NativeMethodAccessorImpl.invoke(NativeMethodAccessorImpl.java:62)
    	at sun.reflect.DelegatingMethodAccessorImpl.invoke(DelegatingMethodAccessorImpl.java:43)
    	at java.lang.reflect.Method.invoke(Method.java:498)
    	at org.junit.runners.model.FrameworkMethod$1.runReflectiveCall(FrameworkMethod.java:50)
    	at org.junit.internal.runners.model.ReflectiveCallable.run(ReflectiveCallable.java:12)
    	at org.junit.runners.model.FrameworkMethod.invokeExplosively(FrameworkMethod.java:47)
    	at org.junit.internal.runners.statements.InvokeMethod.evaluate(InvokeMethod.java:17)
    	at org.junit.internal.runners.statements.FailOnTimeout$CallableStatement.call(FailOnTimeout.java:298)
    	at org.junit.internal.runners.statements.FailOnTimeout$CallableStatement.call(FailOnTimeout.java:292)
    	at java.util.concurrent.FutureTask.run(FutureTask.java:266)
    	at java.lang.Thread.run(Thread.java:745)

17) non-null grid                                                                      .. failed
.. because game/VacuumGame (details below):

    java.lang.NoClassDefFoundError: game/VacuumGame
    	at tests.VacuumGameTest.testGetMazeNotNull(VacuumGameTest.java:286)
    	at sun.reflect.NativeMethodAccessorImpl.invoke0(Native Method)
    	at sun.reflect.NativeMethodAccessorImpl.invoke(NativeMethodAccessorImpl.java:62)
    	at sun.reflect.DelegatingMethodAccessorImpl.invoke(DelegatingMethodAccessorImpl.java:43)
    	at java.lang.reflect.Method.invoke(Method.java:498)
    	at org.junit.runners.model.FrameworkMethod$1.runReflectiveCall(FrameworkMethod.java:50)
    	at org.junit.internal.runners.model.ReflectiveCallable.run(ReflectiveCallable.java:12)
    	at org.junit.runners.model.FrameworkMethod.invokeExplosively(FrameworkMethod.java:47)
    	at org.junit.internal.runners.statements.InvokeMethod.evaluate(InvokeMethod.java:17)
    	at org.junit.internal.runners.statements.FailOnTimeout$CallableStatement.call(FailOnTimeout.java:298)
    	at org.junit.internal.runners.statements.FailOnTimeout$CallableStatement.call(FailOnTimeout.java:292)
    	at java.util.concurrent.FutureTask.run(FutureTask.java:266)
    	at java.lang.Thread.run(Thread.java:745)

18) getWinner gives correct results                                                    .. failed
.. because game/VacuumGame (details below):

    java.lang.NoClassDefFoundError: game/VacuumGame
    	at tests.VacuumGameTest.testHasWonOneEachVacuumTwoWins(VacuumGameTest.java:1224)
    	at sun.reflect.NativeMethodAccessorImpl.invoke0(Native Method)
    	at sun.reflect.NativeMethodAccessorImpl.invoke(NativeMethodAccessorImpl.java:62)
    	at sun.reflect.DelegatingMethodAccessorImpl.invoke(DelegatingMethodAccessorImpl.java:43)
    	at java.lang.reflect.Method.invoke(Method.java:498)
    	at org.junit.runners.model.FrameworkMethod$1.runReflectiveCall(FrameworkMethod.java:50)
    	at org.junit.internal.runners.model.ReflectiveCallable.run(ReflectiveCallable.java:12)
    	at org.junit.runners.model.FrameworkMethod.invokeExplosively(FrameworkMethod.java:47)
    	at org.junit.internal.runners.statements.InvokeMethod.evaluate(InvokeMethod.java:17)
    	at org.junit.internal.runners.statements.FailOnTimeout$CallableStatement.call(FailOnTimeout.java:298)
    	at org.junit.internal.runners.statements.FailOnTimeout$CallableStatement.call(FailOnTimeout.java:292)
    	at java.util.concurrent.FutureTask.run(FutureTask.java:266)
    	at java.lang.Thread.run(Thread.java:745)

19) variable grid                                                                      .. failed
.. because game/VacuumGame (details below):

    java.lang.NoClassDefFoundError: game/VacuumGame
    	at tests.VacuumGameTest.testReflectionVarGame(VacuumGameTest.java:59)
    	at sun.reflect.NativeMethodAccessorImpl.invoke0(Native Method)
    	at sun.reflect.NativeMethodAccessorImpl.invoke(NativeMethodAccessorImpl.java:62)
    	at sun.reflect.DelegatingMethodAccessorImpl.invoke(DelegatingMethodAccessorImpl.java:43)
    	at java.lang.reflect.Method.invoke(Method.java:498)
    	at org.junit.runners.model.FrameworkMethod$1.runReflectiveCall(FrameworkMethod.java:50)
    	at org.junit.internal.runners.model.ReflectiveCallable.run(ReflectiveCallable.java:12)
    	at org.junit.runners.model.FrameworkMethod.invokeExplosively(FrameworkMethod.java:47)
    	at org.junit.internal.runners.statements.InvokeMethod.evaluate(InvokeMethod.java:17)
    	at org.junit.internal.runners.statements.FailOnTimeout$CallableStatement.call(FailOnTimeout.java:298)
    	at org.junit.internal.runners.statements.FailOnTimeout$CallableStatement.call(FailOnTimeout.java:292)
    	at java.util.concurrent.FutureTask.run(FutureTask.java:266)
    	at java.lang.Thread.run(Thread.java:745)

20) move left twice onto vacuum                                                        .. failed
.. because game/VacuumGame (details below):

    java.lang.NoClassDefFoundError: game/VacuumGame
    	at tests.VacuumGameTest.testMoveVacuumTwoVacuumLeft(VacuumGameTest.java:937)
    	at sun.reflect.NativeMethodAccessorImpl.invoke0(Native Method)
    	at sun.reflect.NativeMethodAccessorImpl.invoke(NativeMethodAccessorImpl.java:62)
    	at sun.reflect.DelegatingMethodAccessorImpl.invoke(DelegatingMethodAccessorImpl.java:43)
    	at java.lang.reflect.Method.invoke(Method.java:498)
    	at org.junit.runners.model.FrameworkMethod$1.runReflectiveCall(FrameworkMethod.java:50)
    	at org.junit.internal.runners.model.ReflectiveCallable.run(ReflectiveCallable.java:12)
    	at org.junit.runners.model.FrameworkMethod.invokeExplosively(FrameworkMethod.java:47)
    	at org.junit.internal.runners.statements.InvokeMethod.evaluate(InvokeMethod.java:17)
    	at org.junit.internal.runners.statements.FailOnTimeout$CallableStatement.call(FailOnTimeout.java:298)
    	at org.junit.internal.runners.statements.FailOnTimeout$CallableStatement.call(FailOnTimeout.java:292)
    	at java.util.concurrent.FutureTask.run(FutureTask.java:266)
    	at java.lang.Thread.run(Thread.java:745)

21) move down                                                                          .. failed
.. because game/VacuumGame (details below):

    java.lang.NoClassDefFoundError: game/VacuumGame
    	at tests.VacuumGameTest.testMoveVacuumOneUnvisitedDown(VacuumGameTest.java:551)
    	at sun.reflect.NativeMethodAccessorImpl.invoke0(Native Method)
    	at sun.reflect.NativeMethodAccessorImpl.invoke(NativeMethodAccessorImpl.java:62)
    	at sun.reflect.DelegatingMethodAccessorImpl.invoke(DelegatingMethodAccessorImpl.java:43)
    	at java.lang.reflect.Method.invoke(Method.java:498)
    	at org.junit.runners.model.FrameworkMethod$1.runReflectiveCall(FrameworkMethod.java:50)
    	at org.junit.internal.runners.model.ReflectiveCallable.run(ReflectiveCallable.java:12)
    	at org.junit.runners.model.FrameworkMethod.invokeExplosively(FrameworkMethod.java:47)
    	at org.junit.internal.runners.statements.InvokeMethod.evaluate(InvokeMethod.java:17)
    	at org.junit.internal.runners.statements.FailOnTimeout$CallableStatement.call(FailOnTimeout.java:298)
    	at org.junit.internal.runners.statements.FailOnTimeout$CallableStatement.call(FailOnTimeout.java:292)
    	at java.util.concurrent.FutureTask.run(FutureTask.java:266)
    	at java.lang.Thread.run(Thread.java:745)

22) getWinner gives correct results                                                    .. failed
.. because game/VacuumGame (details below):

    java.lang.NoClassDefFoundError: game/VacuumGame
    	at tests.VacuumGameTest.testHasWonOneEachVacuumOneWins(VacuumGameTest.java:1202)
    	at sun.reflect.NativeMethodAccessorImpl.invoke0(Native Method)
    	at sun.reflect.NativeMethodAccessorImpl.invoke(NativeMethodAccessorImpl.java:62)
    	at sun.reflect.DelegatingMethodAccessorImpl.invoke(DelegatingMethodAccessorImpl.java:43)
    	at java.lang.reflect.Method.invoke(Method.java:498)
    	at org.junit.runners.model.FrameworkMethod$1.runReflectiveCall(FrameworkMethod.java:50)
    	at org.junit.internal.runners.model.ReflectiveCallable.run(ReflectiveCallable.java:12)
    	at org.junit.runners.model.FrameworkMethod.invokeExplosively(FrameworkMethod.java:47)
    	at org.junit.internal.runners.statements.InvokeMethod.evaluate(InvokeMethod.java:17)
    	at org.junit.internal.runners.statements.FailOnTimeout$CallableStatement.call(FailOnTimeout.java:298)
    	at org.junit.internal.runners.statements.FailOnTimeout$CallableStatement.call(FailOnTimeout.java:292)
    	at java.util.concurrent.FutureTask.run(FutureTask.java:266)
    	at java.lang.Thread.run(Thread.java:745)

23) getNumRows with 16 rows                                                            .. failed
.. because game/VacuumGame (details below):

    java.lang.NoClassDefFoundError: game/VacuumGame
    	at tests.VacuumGameTest.testGetNumRowsTall(VacuumGameTest.java:328)
    	at sun.reflect.NativeMethodAccessorImpl.invoke0(Native Method)
    	at sun.reflect.NativeMethodAccessorImpl.invoke(NativeMethodAccessorImpl.java:62)
    	at sun.reflect.DelegatingMethodAccessorImpl.invoke(DelegatingMethodAccessorImpl.java:43)
    	at java.lang.reflect.Method.invoke(Method.java:498)
    	at org.junit.runners.model.FrameworkMethod$1.runReflectiveCall(FrameworkMethod.java:50)
    	at org.junit.internal.runners.model.ReflectiveCallable.run(ReflectiveCallable.java:12)
    	at org.junit.runners.model.FrameworkMethod.invokeExplosively(FrameworkMethod.java:47)
    	at org.junit.internal.runners.statements.InvokeMethod.evaluate(InvokeMethod.java:17)
    	at org.junit.internal.runners.statements.FailOnTimeout$CallableStatement.call(FailOnTimeout.java:298)
    	at org.junit.internal.runners.statements.FailOnTimeout$CallableStatement.call(FailOnTimeout.java:292)
    	at java.util.concurrent.FutureTask.run(FutureTask.java:266)
    	at java.lang.Thread.run(Thread.java:745)

24) VacuumGame move signature                                                          .. failed
.. because game/VacuumGame (details below):

    java.lang.NoClassDefFoundError: game/VacuumGame
    	at tests.VacuumGameTest.testReflectionMethodMove(VacuumGameTest.java:269)
    	at sun.reflect.NativeMethodAccessorImpl.invoke0(Native Method)
    	at sun.reflect.NativeMethodAccessorImpl.invoke(NativeMethodAccessorImpl.java:62)
    	at sun.reflect.DelegatingMethodAccessorImpl.invoke(DelegatingMethodAccessorImpl.java:43)
    	at java.lang.reflect.Method.invoke(Method.java:498)
    	at org.junit.runners.model.FrameworkMethod$1.runReflectiveCall(FrameworkMethod.java:50)
    	at org.junit.internal.runners.model.ReflectiveCallable.run(ReflectiveCallable.java:12)
    	at org.junit.runners.model.FrameworkMethod.invokeExplosively(FrameworkMethod.java:47)
    	at org.junit.internal.runners.statements.InvokeMethod.evaluate(InvokeMethod.java:17)
    	at org.junit.internal.runners.statements.FailOnTimeout$CallableStatement.call(FailOnTimeout.java:298)
    	at org.junit.internal.runners.statements.FailOnTimeout$CallableStatement.call(FailOnTimeout.java:292)
    	at java.util.concurrent.FutureTask.run(FutureTask.java:266)
    	at java.lang.Thread.run(Thread.java:745)

25) VacuumGame getNumColumns signature                                                 .. failed
.. because game/VacuumGame (details below):

    java.lang.NoClassDefFoundError: game/VacuumGame
    	at tests.VacuumGameTest.testReflectionMethodGetNumCols(VacuumGameTest.java:170)
    	at sun.reflect.NativeMethodAccessorImpl.invoke0(Native Method)
    	at sun.reflect.NativeMethodAccessorImpl.invoke(NativeMethodAccessorImpl.java:62)
    	at sun.reflect.DelegatingMethodAccessorImpl.invoke(DelegatingMethodAccessorImpl.java:43)
    	at java.lang.reflect.Method.invoke(Method.java:498)
    	at org.junit.runners.model.FrameworkMethod$1.runReflectiveCall(FrameworkMethod.java:50)
    	at org.junit.internal.runners.model.ReflectiveCallable.run(ReflectiveCallable.java:12)
    	at org.junit.runners.model.FrameworkMethod.invokeExplosively(FrameworkMethod.java:47)
    	at org.junit.internal.runners.statements.InvokeMethod.evaluate(InvokeMethod.java:17)
    	at org.junit.internal.runners.statements.FailOnTimeout$CallableStatement.call(FailOnTimeout.java:298)
    	at org.junit.internal.runners.statements.FailOnTimeout$CallableStatement.call(FailOnTimeout.java:292)
    	at java.util.concurrent.FutureTask.run(FutureTask.java:266)
    	at java.lang.Thread.run(Thread.java:745)

26) move right twice onto vacuum                                                       .. failed
.. because game/VacuumGame (details below):

    java.lang.NoClassDefFoundError: game/VacuumGame
    	at tests.VacuumGameTest.testMoveVacuumTwoVacuumRight(VacuumGameTest.java:959)
    	at sun.reflect.NativeMethodAccessorImpl.invoke0(Native Method)
    	at sun.reflect.NativeMethodAccessorImpl.invoke(NativeMethodAccessorImpl.java:62)
    	at sun.reflect.DelegatingMethodAccessorImpl.invoke(DelegatingMethodAccessorImpl.java:43)
    	at java.lang.reflect.Method.invoke(Method.java:498)
    	at org.junit.runners.model.FrameworkMethod$1.runReflectiveCall(FrameworkMethod.java:50)
    	at org.junit.internal.runners.model.ReflectiveCallable.run(ReflectiveCallable.java:12)
    	at org.junit.runners.model.FrameworkMethod.invokeExplosively(FrameworkMethod.java:47)
    	at org.junit.internal.runners.statements.InvokeMethod.evaluate(InvokeMethod.java:17)
    	at org.junit.internal.runners.statements.FailOnTimeout$CallableStatement.call(FailOnTimeout.java:298)
    	at org.junit.internal.runners.statements.FailOnTimeout$CallableStatement.call(FailOnTimeout.java:292)
    	at java.util.concurrent.FutureTask.run(FutureTask.java:266)
    	at java.lang.Thread.run(Thread.java:745)

27) getWinner gives correct results                                                    .. failed
.. because game/VacuumGame (details below):

    java.lang.NoClassDefFoundError: game/VacuumGame
    	at tests.VacuumGameTest.testHasWonOneMobileVacuumTwoWins(VacuumGameTest.java:1142)
    	at sun.reflect.NativeMethodAccessorImpl.invoke0(Native Method)
    	at sun.reflect.NativeMethodAccessorImpl.invoke(NativeMethodAccessorImpl.java:62)
    	at sun.reflect.DelegatingMethodAccessorImpl.invoke(DelegatingMethodAccessorImpl.java:43)
    	at java.lang.reflect.Method.invoke(Method.java:498)
    	at org.junit.runners.model.FrameworkMethod$1.runReflectiveCall(FrameworkMethod.java:50)
    	at org.junit.internal.runners.model.ReflectiveCallable.run(ReflectiveCallable.java:12)
    	at org.junit.runners.model.FrameworkMethod.invokeExplosively(FrameworkMethod.java:47)
    	at org.junit.internal.runners.statements.InvokeMethod.evaluate(InvokeMethod.java:17)
    	at org.junit.internal.runners.statements.FailOnTimeout$CallableStatement.call(FailOnTimeout.java:298)
    	at org.junit.internal.runners.statements.FailOnTimeout$CallableStatement.call(FailOnTimeout.java:292)
    	at java.util.concurrent.FutureTask.run(FutureTask.java:266)
    	at java.lang.Thread.run(Thread.java:745)

28) move right                                                                         .. failed
.. because game/VacuumGame (details below):

    java.lang.NoClassDefFoundError: game/VacuumGame
    	at tests.VacuumGameTest.testMoveVacuumOneUnvisitedRight(VacuumGameTest.java:497)
    	at sun.reflect.NativeMethodAccessorImpl.invoke0(Native Method)
    	at sun.reflect.NativeMethodAccessorImpl.invoke(NativeMethodAccessorImpl.java:62)
    	at sun.reflect.DelegatingMethodAccessorImpl.invoke(DelegatingMethodAccessorImpl.java:43)
    	at java.lang.reflect.Method.invoke(Method.java:498)
    	at org.junit.runners.model.FrameworkMethod$1.runReflectiveCall(FrameworkMethod.java:50)
    	at org.junit.internal.runners.model.ReflectiveCallable.run(ReflectiveCallable.java:12)
    	at org.junit.runners.model.FrameworkMethod.invokeExplosively(FrameworkMethod.java:47)
    	at org.junit.internal.runners.statements.InvokeMethod.evaluate(InvokeMethod.java:17)
    	at org.junit.internal.runners.statements.FailOnTimeout$CallableStatement.call(FailOnTimeout.java:298)
    	at org.junit.internal.runners.statements.FailOnTimeout$CallableStatement.call(FailOnTimeout.java:292)
    	at java.util.concurrent.FutureTask.run(FutureTask.java:266)
    	at java.lang.Thread.run(Thread.java:745)

29) getSprite with dustball                                                            .. failed
.. because game/VacuumGame (details below):

    java.lang.NoClassDefFoundError: game/VacuumGame
    	at tests.VacuumGameTest.testGetNormalMobileDirt(VacuumGameTest.java:429)
    	at sun.reflect.NativeMethodAccessorImpl.invoke0(Native Method)
    	at sun.reflect.NativeMethodAccessorImpl.invoke(NativeMethodAccessorImpl.java:62)
    	at sun.reflect.DelegatingMethodAccessorImpl.invoke(DelegatingMethodAccessorImpl.java:43)
    	at java.lang.reflect.Method.invoke(Method.java:498)
    	at org.junit.runners.model.FrameworkMethod$1.runReflectiveCall(FrameworkMethod.java:50)
    	at org.junit.internal.runners.model.ReflectiveCallable.run(ReflectiveCallable.java:12)
    	at org.junit.runners.model.FrameworkMethod.invokeExplosively(FrameworkMethod.java:47)
    	at org.junit.internal.runners.statements.InvokeMethod.evaluate(InvokeMethod.java:17)
    	at org.junit.internal.runners.statements.FailOnTimeout$CallableStatement.call(FailOnTimeout.java:298)
    	at org.junit.internal.runners.statements.FailOnTimeout$CallableStatement.call(FailOnTimeout.java:292)
    	at java.util.concurrent.FutureTask.run(FutureTask.java:266)
    	at java.lang.Thread.run(Thread.java:745)

30) move down on wall                                                                  .. failed
.. because game/VacuumGame (details below):

    java.lang.NoClassDefFoundError: game/VacuumGame
    	at tests.VacuumGameTest.testMoveVacuumOneWallDown(VacuumGameTest.java:638)
    	at sun.reflect.NativeMethodAccessorImpl.invoke0(Native Method)
    	at sun.reflect.NativeMethodAccessorImpl.invoke(NativeMethodAccessorImpl.java:62)
    	at sun.reflect.DelegatingMethodAccessorImpl.invoke(DelegatingMethodAccessorImpl.java:43)
    	at java.lang.reflect.Method.invoke(Method.java:498)
    	at org.junit.runners.model.FrameworkMethod$1.runReflectiveCall(FrameworkMethod.java:50)
    	at org.junit.internal.runners.model.ReflectiveCallable.run(ReflectiveCallable.java:12)
    	at org.junit.runners.model.FrameworkMethod.invokeExplosively(FrameworkMethod.java:47)
    	at org.junit.internal.runners.statements.InvokeMethod.evaluate(InvokeMethod.java:17)
    	at org.junit.internal.runners.statements.FailOnTimeout$CallableStatement.call(FailOnTimeout.java:298)
    	at org.junit.internal.runners.statements.FailOnTimeout$CallableStatement.call(FailOnTimeout.java:292)
    	at java.util.concurrent.FutureTask.run(FutureTask.java:266)
    	at java.lang.Thread.run(Thread.java:745)

31) variable dusts                                                                     .. failed
.. because game/VacuumGame (details below):

    java.lang.NoClassDefFoundError: game/VacuumGame
    	at tests.VacuumGameTest.testReflectionDusts(VacuumGameTest.java:96)
    	at sun.reflect.NativeMethodAccessorImpl.invoke0(Native Method)
    	at sun.reflect.NativeMethodAccessorImpl.invoke(NativeMethodAccessorImpl.java:62)
    	at sun.reflect.DelegatingMethodAccessorImpl.invoke(DelegatingMethodAccessorImpl.java:43)
    	at java.lang.reflect.Method.invoke(Method.java:498)
    	at org.junit.runners.model.FrameworkMethod$1.runReflectiveCall(FrameworkMethod.java:50)
    	at org.junit.internal.runners.model.ReflectiveCallable.run(ReflectiveCallable.java:12)
    	at org.junit.runners.model.FrameworkMethod.invokeExplosively(FrameworkMethod.java:47)
    	at org.junit.internal.runners.statements.InvokeMethod.evaluate(InvokeMethod.java:17)
    	at org.junit.internal.runners.statements.FailOnTimeout$CallableStatement.call(FailOnTimeout.java:298)
    	at org.junit.internal.runners.statements.FailOnTimeout$CallableStatement.call(FailOnTimeout.java:292)
    	at java.util.concurrent.FutureTask.run(FutureTask.java:266)
    	at java.lang.Thread.run(Thread.java:745)

32) getNumCols with 7 cols                                                             .. failed
.. because game/VacuumGame (details below):

    java.lang.NoClassDefFoundError: game/VacuumGame
    	at tests.VacuumGameTest.testGetNumColsTall(VacuumGameTest.java:360)
    	at sun.reflect.NativeMethodAccessorImpl.invoke0(Native Method)
    	at sun.reflect.NativeMethodAccessorImpl.invoke(NativeMethodAccessorImpl.java:62)
    	at sun.reflect.DelegatingMethodAccessorImpl.invoke(DelegatingMethodAccessorImpl.java:43)
    	at java.lang.reflect.Method.invoke(Method.java:498)
    	at org.junit.runners.model.FrameworkMethod$1.runReflectiveCall(FrameworkMethod.java:50)
    	at org.junit.internal.runners.model.ReflectiveCallable.run(ReflectiveCallable.java:12)
    	at org.junit.runners.model.FrameworkMethod.invokeExplosively(FrameworkMethod.java:47)
    	at org.junit.internal.runners.statements.InvokeMethod.evaluate(InvokeMethod.java:17)
    	at org.junit.internal.runners.statements.FailOnTimeout$CallableStatement.call(FailOnTimeout.java:298)
    	at org.junit.internal.runners.statements.FailOnTimeout$CallableStatement.call(FailOnTimeout.java:292)
    	at java.util.concurrent.FutureTask.run(FutureTask.java:266)
    	at java.lang.Thread.run(Thread.java:745)

33) move left on other vacuum                                                          .. failed
.. because game/VacuumGame (details below):

    java.lang.NoClassDefFoundError: game/VacuumGame
    	at tests.VacuumGameTest.testMoveVacuumOneVacuumLeft(VacuumGameTest.java:659)
    	at sun.reflect.NativeMethodAccessorImpl.invoke0(Native Method)
    	at sun.reflect.NativeMethodAccessorImpl.invoke(NativeMethodAccessorImpl.java:62)
    	at sun.reflect.DelegatingMethodAccessorImpl.invoke(DelegatingMethodAccessorImpl.java:43)
    	at java.lang.reflect.Method.invoke(Method.java:498)
    	at org.junit.runners.model.FrameworkMethod$1.runReflectiveCall(FrameworkMethod.java:50)
    	at org.junit.internal.runners.model.ReflectiveCallable.run(ReflectiveCallable.java:12)
    	at org.junit.runners.model.FrameworkMethod.invokeExplosively(FrameworkMethod.java:47)
    	at org.junit.internal.runners.statements.InvokeMethod.evaluate(InvokeMethod.java:17)
    	at org.junit.internal.runners.statements.FailOnTimeout$CallableStatement.call(FailOnTimeout.java:298)
    	at org.junit.internal.runners.statements.FailOnTimeout$CallableStatement.call(FailOnTimeout.java:292)
    	at java.util.concurrent.FutureTask.run(FutureTask.java:266)
    	at java.lang.Thread.run(Thread.java:745)

34) getSprite with dirt                                                                .. failed
.. because game/VacuumGame (details below):

    java.lang.NoClassDefFoundError: game/VacuumGame
    	at tests.VacuumGameTest.testGetNormalDirt(VacuumGameTest.java:416)
    	at sun.reflect.NativeMethodAccessorImpl.invoke0(Native Method)
    	at sun.reflect.NativeMethodAccessorImpl.invoke(NativeMethodAccessorImpl.java:62)
    	at sun.reflect.DelegatingMethodAccessorImpl.invoke(DelegatingMethodAccessorImpl.java:43)
    	at java.lang.reflect.Method.invoke(Method.java:498)
    	at org.junit.runners.model.FrameworkMethod$1.runReflectiveCall(FrameworkMethod.java:50)
    	at org.junit.internal.runners.model.ReflectiveCallable.run(ReflectiveCallable.java:12)
    	at org.junit.runners.model.FrameworkMethod.invokeExplosively(FrameworkMethod.java:47)
    	at org.junit.internal.runners.statements.InvokeMethod.evaluate(InvokeMethod.java:17)
    	at org.junit.internal.runners.statements.FailOnTimeout$CallableStatement.call(FailOnTimeout.java:298)
    	at org.junit.internal.runners.statements.FailOnTimeout$CallableStatement.call(FailOnTimeout.java:292)
    	at java.util.concurrent.FutureTask.run(FutureTask.java:266)
    	at java.lang.Thread.run(Thread.java:745)

35) move left                                                                          .. failed
.. because game/VacuumGame (details below):

    java.lang.NoClassDefFoundError: game/VacuumGame
    	at tests.VacuumGameTest.testMoveVacuumOneUnvisitedLeft(VacuumGameTest.java:471)
    	at sun.reflect.NativeMethodAccessorImpl.invoke0(Native Method)
    	at sun.reflect.NativeMethodAccessorImpl.invoke(NativeMethodAccessorImpl.java:62)
    	at sun.reflect.DelegatingMethodAccessorImpl.invoke(DelegatingMethodAccessorImpl.java:43)
    	at java.lang.reflect.Method.invoke(Method.java:498)
    	at org.junit.runners.model.FrameworkMethod$1.runReflectiveCall(FrameworkMethod.java:50)
    	at org.junit.internal.runners.model.ReflectiveCallable.run(ReflectiveCallable.java:12)
    	at org.junit.runners.model.FrameworkMethod.invokeExplosively(FrameworkMethod.java:47)
    	at org.junit.internal.runners.statements.InvokeMethod.evaluate(InvokeMethod.java:17)
    	at org.junit.internal.runners.statements.FailOnTimeout$CallableStatement.call(FailOnTimeout.java:298)
    	at org.junit.internal.runners.statements.FailOnTimeout$CallableStatement.call(FailOnTimeout.java:292)
    	at java.util.concurrent.FutureTask.run(FutureTask.java:266)
    	at java.lang.Thread.run(Thread.java:745)

36) variable random                                                                    .. failed
.. because game/VacuumGame (details below):

    java.lang.NoClassDefFoundError: game/VacuumGame
    	at tests.VacuumGameTest.testReflectionRandom(VacuumGameTest.java:128)
    	at sun.reflect.NativeMethodAccessorImpl.invoke0(Native Method)
    	at sun.reflect.NativeMethodAccessorImpl.invoke(NativeMethodAccessorImpl.java:62)
    	at sun.reflect.DelegatingMethodAccessorImpl.invoke(DelegatingMethodAccessorImpl.java:43)
    	at java.lang.reflect.Method.invoke(Method.java:498)
    	at org.junit.runners.model.FrameworkMethod$1.runReflectiveCall(FrameworkMethod.java:50)
    	at org.junit.internal.runners.model.ReflectiveCallable.run(ReflectiveCallable.java:12)
    	at org.junit.runners.model.FrameworkMethod.invokeExplosively(FrameworkMethod.java:47)
    	at org.junit.internal.runners.statements.InvokeMethod.evaluate(InvokeMethod.java:17)
    	at org.junit.internal.runners.statements.FailOnTimeout$CallableStatement.call(FailOnTimeout.java:298)
    	at org.junit.internal.runners.statements.FailOnTimeout$CallableStatement.call(FailOnTimeout.java:292)
    	at java.util.concurrent.FutureTask.run(FutureTask.java:266)
    	at java.lang.Thread.run(Thread.java:745)

37) clean gives correct results                                                        .. failed
.. because game/VacuumGame (details below):

    java.lang.NoClassDefFoundError: game/VacuumGame
    	at tests.VacuumGameTest.testCleanBeforeWinVacuumOne(VacuumGameTest.java:1245)
    	at sun.reflect.NativeMethodAccessorImpl.invoke0(Native Method)
    	at sun.reflect.NativeMethodAccessorImpl.invoke(NativeMethodAccessorImpl.java:62)
    	at sun.reflect.DelegatingMethodAccessorImpl.invoke(DelegatingMethodAccessorImpl.java:43)
    	at java.lang.reflect.Method.invoke(Method.java:498)
    	at org.junit.runners.model.FrameworkMethod$1.runReflectiveCall(FrameworkMethod.java:50)
    	at org.junit.internal.runners.model.ReflectiveCallable.run(ReflectiveCallable.java:12)
    	at org.junit.runners.model.FrameworkMethod.invokeExplosively(FrameworkMethod.java:47)
    	at org.junit.internal.runners.statements.InvokeMethod.evaluate(InvokeMethod.java:17)
    	at org.junit.internal.runners.statements.FailOnTimeout$CallableStatement.call(FailOnTimeout.java:298)
    	at org.junit.internal.runners.statements.FailOnTimeout$CallableStatement.call(FailOnTimeout.java:292)
    	at java.util.concurrent.FutureTask.run(FutureTask.java:266)
    	at java.lang.Thread.run(Thread.java:745)

38) move right on wall                                                                 .. failed
.. because game/VacuumGame (details below):

    java.lang.NoClassDefFoundError: game/VacuumGame
    	at tests.VacuumGameTest.testMoveVacuumOneWallRight(VacuumGameTest.java:598)
    	at sun.reflect.NativeMethodAccessorImpl.invoke0(Native Method)
    	at sun.reflect.NativeMethodAccessorImpl.invoke(NativeMethodAccessorImpl.java:62)
    	at sun.reflect.DelegatingMethodAccessorImpl.invoke(DelegatingMethodAccessorImpl.java:43)
    	at java.lang.reflect.Method.invoke(Method.java:498)
    	at org.junit.runners.model.FrameworkMethod$1.runReflectiveCall(FrameworkMethod.java:50)
    	at org.junit.internal.runners.model.ReflectiveCallable.run(ReflectiveCallable.java:12)
    	at org.junit.runners.model.FrameworkMethod.invokeExplosively(FrameworkMethod.java:47)
    	at org.junit.internal.runners.statements.InvokeMethod.evaluate(InvokeMethod.java:17)
    	at org.junit.internal.runners.statements.FailOnTimeout$CallableStatement.call(FailOnTimeout.java:298)
    	at org.junit.internal.runners.statements.FailOnTimeout$CallableStatement.call(FailOnTimeout.java:292)
    	at java.util.concurrent.FutureTask.run(FutureTask.java:266)
    	at java.lang.Thread.run(Thread.java:745)

39) VacuumGame gameOver signature                                                      .. failed
.. because game/VacuumGame (details below):

    java.lang.NoClassDefFoundError: game/VacuumGame
    	at tests.VacuumGameTest.testReflectionMethodGameOver(VacuumGameTest.java:212)
    	at sun.reflect.NativeMethodAccessorImpl.invoke0(Native Method)
    	at sun.reflect.NativeMethodAccessorImpl.invoke(NativeMethodAccessorImpl.java:62)
    	at sun.reflect.DelegatingMethodAccessorImpl.invoke(DelegatingMethodAccessorImpl.java:43)
    	at java.lang.reflect.Method.invoke(Method.java:498)
    	at org.junit.runners.model.FrameworkMethod$1.runReflectiveCall(FrameworkMethod.java:50)
    	at org.junit.internal.runners.model.ReflectiveCallable.run(ReflectiveCallable.java:12)
    	at org.junit.runners.model.FrameworkMethod.invokeExplosively(FrameworkMethod.java:47)
    	at org.junit.internal.runners.statements.InvokeMethod.evaluate(InvokeMethod.java:17)
    	at org.junit.internal.runners.statements.FailOnTimeout$CallableStatement.call(FailOnTimeout.java:298)
    	at org.junit.internal.runners.statements.FailOnTimeout$CallableStatement.call(FailOnTimeout.java:292)
    	at java.util.concurrent.FutureTask.run(FutureTask.java:266)
    	at java.lang.Thread.run(Thread.java:745)

40) VacuumGame getGrid signature                                                       .. failed
.. because game/VacuumGame (details below):

    java.lang.NoClassDefFoundError: game/VacuumGame
    	at tests.VacuumGameTest.testReflectionMethodGetGrid(VacuumGameTest.java:254)
    	at sun.reflect.NativeMethodAccessorImpl.invoke0(Native Method)
    	at sun.reflect.NativeMethodAccessorImpl.invoke(NativeMethodAccessorImpl.java:62)
    	at sun.reflect.DelegatingMethodAccessorImpl.invoke(DelegatingMethodAccessorImpl.java:43)
    	at java.lang.reflect.Method.invoke(Method.java:498)
    	at org.junit.runners.model.FrameworkMethod$1.runReflectiveCall(FrameworkMethod.java:50)
    	at org.junit.internal.runners.model.ReflectiveCallable.run(ReflectiveCallable.java:12)
    	at org.junit.runners.model.FrameworkMethod.invokeExplosively(FrameworkMethod.java:47)
    	at org.junit.internal.runners.statements.InvokeMethod.evaluate(InvokeMethod.java:17)
    	at org.junit.internal.runners.statements.FailOnTimeout$CallableStatement.call(FailOnTimeout.java:298)
    	at org.junit.internal.runners.statements.FailOnTimeout$CallableStatement.call(FailOnTimeout.java:292)
    	at java.util.concurrent.FutureTask.run(FutureTask.java:266)
    	at java.lang.Thread.run(Thread.java:745)

41) move down twice onto vacuum                                                        .. failed
.. because game/VacuumGame (details below):

    java.lang.NoClassDefFoundError: game/VacuumGame
    	at tests.VacuumGameTest.testMoveVacuumTwoVacuumDown(VacuumGameTest.java:1003)
    	at sun.reflect.NativeMethodAccessorImpl.invoke0(Native Method)
    	at sun.reflect.NativeMethodAccessorImpl.invoke(NativeMethodAccessorImpl.java:62)
    	at sun.reflect.DelegatingMethodAccessorImpl.invoke(DelegatingMethodAccessorImpl.java:43)
    	at java.lang.reflect.Method.invoke(Method.java:498)
    	at org.junit.runners.model.FrameworkMethod$1.runReflectiveCall(FrameworkMethod.java:50)
    	at org.junit.internal.runners.model.ReflectiveCallable.run(ReflectiveCallable.java:12)
    	at org.junit.runners.model.FrameworkMethod.invokeExplosively(FrameworkMethod.java:47)
    	at org.junit.internal.runners.statements.InvokeMethod.evaluate(InvokeMethod.java:17)
    	at org.junit.internal.runners.statements.FailOnTimeout$CallableStatement.call(FailOnTimeout.java:298)
    	at org.junit.internal.runners.statements.FailOnTimeout$CallableStatement.call(FailOnTimeout.java:292)
    	at java.util.concurrent.FutureTask.run(FutureTask.java:266)
    	at java.lang.Thread.run(Thread.java:745)

42) move up twice on clean                                                             .. failed
.. because game/VacuumGame (details below):

    java.lang.NoClassDefFoundError: game/VacuumGame
    	at tests.VacuumGameTest.testMoveVacuumTwoUnvisitedUp(VacuumGameTest.java:803)
    	at sun.reflect.NativeMethodAccessorImpl.invoke0(Native Method)
    	at sun.reflect.NativeMethodAccessorImpl.invoke(NativeMethodAccessorImpl.java:62)
    	at sun.reflect.DelegatingMethodAccessorImpl.invoke(DelegatingMethodAccessorImpl.java:43)
    	at java.lang.reflect.Method.invoke(Method.java:498)
    	at org.junit.runners.model.FrameworkMethod$1.runReflectiveCall(FrameworkMethod.java:50)
    	at org.junit.internal.runners.model.ReflectiveCallable.run(ReflectiveCallable.java:12)
    	at org.junit.runners.model.FrameworkMethod.invokeExplosively(FrameworkMethod.java:47)
    	at org.junit.internal.runners.statements.InvokeMethod.evaluate(InvokeMethod.java:17)
    	at org.junit.internal.runners.statements.FailOnTimeout$CallableStatement.call(FailOnTimeout.java:298)
    	at org.junit.internal.runners.statements.FailOnTimeout$CallableStatement.call(FailOnTimeout.java:292)
    	at java.util.concurrent.FutureTask.run(FutureTask.java:266)
    	at java.lang.Thread.run(Thread.java:745)

43) getVacuumTwo non-null                                                              .. failed
.. because game/VacuumGame (details below):

    java.lang.NoClassDefFoundError: game/VacuumGame
    	at tests.VacuumGameTest.testGetVacuumTwoNotNull(VacuumGameTest.java:303)
    	at sun.reflect.NativeMethodAccessorImpl.invoke0(Native Method)
    	at sun.reflect.NativeMethodAccessorImpl.invoke(NativeMethodAccessorImpl.java:62)
    	at sun.reflect.DelegatingMethodAccessorImpl.invoke(DelegatingMethodAccessorImpl.java:43)
    	at java.lang.reflect.Method.invoke(Method.java:498)
    	at org.junit.runners.model.FrameworkMethod$1.runReflectiveCall(FrameworkMethod.java:50)
    	at org.junit.internal.runners.model.ReflectiveCallable.run(ReflectiveCallable.java:12)
    	at org.junit.runners.model.FrameworkMethod.invokeExplosively(FrameworkMethod.java:47)
    	at org.junit.internal.runners.statements.InvokeMethod.evaluate(InvokeMethod.java:17)
    	at org.junit.internal.runners.statements.FailOnTimeout$CallableStatement.call(FailOnTimeout.java:298)
    	at org.junit.internal.runners.statements.FailOnTimeout$CallableStatement.call(FailOnTimeout.java:292)
    	at java.util.concurrent.FutureTask.run(FutureTask.java:266)
    	at java.lang.Thread.run(Thread.java:745)

44) getWinner gives correct results                                                    .. failed
.. because game/VacuumGame (details below):

    java.lang.NoClassDefFoundError: game/VacuumGame
    	at tests.VacuumGameTest.testHasWonOneEachVacuumTwoWinsBig(VacuumGameTest.java:1179)
    	at sun.reflect.NativeMethodAccessorImpl.invoke0(Native Method)
    	at sun.reflect.NativeMethodAccessorImpl.invoke(NativeMethodAccessorImpl.java:62)
    	at sun.reflect.DelegatingMethodAccessorImpl.invoke(DelegatingMethodAccessorImpl.java:43)
    	at java.lang.reflect.Method.invoke(Method.java:498)
    	at org.junit.runners.model.FrameworkMethod$1.runReflectiveCall(FrameworkMethod.java:50)
    	at org.junit.internal.runners.model.ReflectiveCallable.run(ReflectiveCallable.java:12)
    	at org.junit.runners.model.FrameworkMethod.invokeExplosively(FrameworkMethod.java:47)
    	at org.junit.internal.runners.statements.InvokeMethod.evaluate(InvokeMethod.java:17)
    	at org.junit.internal.runners.statements.FailOnTimeout$CallableStatement.call(FailOnTimeout.java:298)
    	at org.junit.internal.runners.statements.FailOnTimeout$CallableStatement.call(FailOnTimeout.java:292)
    	at java.util.concurrent.FutureTask.run(FutureTask.java:266)
    	at java.lang.Thread.run(Thread.java:745)

45) move up on wall                                                                    .. failed
.. because game/VacuumGame (details below):

    java.lang.NoClassDefFoundError: game/VacuumGame
    	at tests.VacuumGameTest.testMoveVacuumOneWallUp(VacuumGameTest.java:618)
    	at sun.reflect.NativeMethodAccessorImpl.invoke0(Native Method)
    	at sun.reflect.NativeMethodAccessorImpl.invoke(NativeMethodAccessorImpl.java:62)
    	at sun.reflect.DelegatingMethodAccessorImpl.invoke(DelegatingMethodAccessorImpl.java:43)
    	at java.lang.reflect.Method.invoke(Method.java:498)
    	at org.junit.runners.model.FrameworkMethod$1.runReflectiveCall(FrameworkMethod.java:50)
    	at org.junit.internal.runners.model.ReflectiveCallable.run(ReflectiveCallable.java:12)
    	at org.junit.runners.model.FrameworkMethod.invokeExplosively(FrameworkMethod.java:47)
    	at org.junit.internal.runners.statements.InvokeMethod.evaluate(InvokeMethod.java:17)
    	at org.junit.internal.runners.statements.FailOnTimeout$CallableStatement.call(FailOnTimeout.java:298)
    	at org.junit.internal.runners.statements.FailOnTimeout$CallableStatement.call(FailOnTimeout.java:292)
    	at java.util.concurrent.FutureTask.run(FutureTask.java:266)
    	at java.lang.Thread.run(Thread.java:745)

46) clean gives correct results                                                        .. failed
.. because game/VacuumGame (details below):

    java.lang.NoClassDefFoundError: game/VacuumGame
    	at tests.VacuumGameTest.testCleanToWinVacuumTwo(VacuumGameTest.java:1327)
    	at sun.reflect.NativeMethodAccessorImpl.invoke0(Native Method)
    	at sun.reflect.NativeMethodAccessorImpl.invoke(NativeMethodAccessorImpl.java:62)
    	at sun.reflect.DelegatingMethodAccessorImpl.invoke(DelegatingMethodAccessorImpl.java:43)
    	at java.lang.reflect.Method.invoke(Method.java:498)
    	at org.junit.runners.model.FrameworkMethod$1.runReflectiveCall(FrameworkMethod.java:50)
    	at org.junit.internal.runners.model.ReflectiveCallable.run(ReflectiveCallable.java:12)
    	at org.junit.runners.model.FrameworkMethod.invokeExplosively(FrameworkMethod.java:47)
    	at org.junit.internal.runners.statements.InvokeMethod.evaluate(InvokeMethod.java:17)
    	at org.junit.internal.runners.statements.FailOnTimeout$CallableStatement.call(FailOnTimeout.java:298)
    	at org.junit.internal.runners.statements.FailOnTimeout$CallableStatement.call(FailOnTimeout.java:292)
    	at java.util.concurrent.FutureTask.run(FutureTask.java:266)
    	at java.lang.Thread.run(Thread.java:745)

47) move down twice onto wall                                                          .. failed
.. because game/VacuumGame (details below):

    java.lang.NoClassDefFoundError: game/VacuumGame
    	at tests.VacuumGameTest.testMoveVacuumTwoWallDown(VacuumGameTest.java:917)
    	at sun.reflect.NativeMethodAccessorImpl.invoke0(Native Method)
    	at sun.reflect.NativeMethodAccessorImpl.invoke(NativeMethodAccessorImpl.java:62)
    	at sun.reflect.DelegatingMethodAccessorImpl.invoke(DelegatingMethodAccessorImpl.java:43)
    	at java.lang.reflect.Method.invoke(Method.java:498)
    	at org.junit.runners.model.FrameworkMethod$1.runReflectiveCall(FrameworkMethod.java:50)
    	at org.junit.internal.runners.model.ReflectiveCallable.run(ReflectiveCallable.java:12)
    	at org.junit.runners.model.FrameworkMethod.invokeExplosively(FrameworkMethod.java:47)
    	at org.junit.internal.runners.statements.InvokeMethod.evaluate(InvokeMethod.java:17)
    	at org.junit.internal.runners.statements.FailOnTimeout$CallableStatement.call(FailOnTimeout.java:298)
    	at org.junit.internal.runners.statements.FailOnTimeout$CallableStatement.call(FailOnTimeout.java:292)
    	at java.util.concurrent.FutureTask.run(FutureTask.java:266)
    	at java.lang.Thread.run(Thread.java:745)

48) clean gives correct results                                                        .. failed
.. because game/VacuumGame (details below):

    java.lang.NoClassDefFoundError: game/VacuumGame
    	at tests.VacuumGameTest.testCleanBeforeWinVacuumTwo(VacuumGameTest.java:1272)
    	at sun.reflect.NativeMethodAccessorImpl.invoke0(Native Method)
    	at sun.reflect.NativeMethodAccessorImpl.invoke(NativeMethodAccessorImpl.java:62)
    	at sun.reflect.DelegatingMethodAccessorImpl.invoke(DelegatingMethodAccessorImpl.java:43)
    	at java.lang.reflect.Method.invoke(Method.java:498)
    	at org.junit.runners.model.FrameworkMethod$1.runReflectiveCall(FrameworkMethod.java:50)
    	at org.junit.internal.runners.model.ReflectiveCallable.run(ReflectiveCallable.java:12)
    	at org.junit.runners.model.FrameworkMethod.invokeExplosively(FrameworkMethod.java:47)
    	at org.junit.internal.runners.statements.InvokeMethod.evaluate(InvokeMethod.java:17)
    	at org.junit.internal.runners.statements.FailOnTimeout$CallableStatement.call(FailOnTimeout.java:298)
    	at org.junit.internal.runners.statements.FailOnTimeout$CallableStatement.call(FailOnTimeout.java:292)
    	at java.util.concurrent.FutureTask.run(FutureTask.java:266)
    	at java.lang.Thread.run(Thread.java:745)

49) getSprite with clean                                                               .. failed
.. because game/VacuumGame (details below):

    java.lang.NoClassDefFoundError: game/VacuumGame
    	at tests.VacuumGameTest.testGetNormalVisited(VacuumGameTest.java:389)
    	at sun.reflect.NativeMethodAccessorImpl.invoke0(Native Method)
    	at sun.reflect.NativeMethodAccessorImpl.invoke(NativeMethodAccessorImpl.java:62)
    	at sun.reflect.DelegatingMethodAccessorImpl.invoke(DelegatingMethodAccessorImpl.java:43)
    	at java.lang.reflect.Method.invoke(Method.java:498)
    	at org.junit.runners.model.FrameworkMethod$1.runReflectiveCall(FrameworkMethod.java:50)
    	at org.junit.internal.runners.model.ReflectiveCallable.run(ReflectiveCallable.java:12)
    	at org.junit.runners.model.FrameworkMethod.invokeExplosively(FrameworkMethod.java:47)
    	at org.junit.internal.runners.statements.InvokeMethod.evaluate(InvokeMethod.java:17)
    	at org.junit.internal.runners.statements.FailOnTimeout$CallableStatement.call(FailOnTimeout.java:298)
    	at org.junit.internal.runners.statements.FailOnTimeout$CallableStatement.call(FailOnTimeout.java:292)
    	at java.util.concurrent.FutureTask.run(FutureTask.java:266)
    	at java.lang.Thread.run(Thread.java:745)

50) move up on other vacuum                                                            .. failed
.. because game/VacuumGame (details below):

    java.lang.NoClassDefFoundError: game/VacuumGame
    	at tests.VacuumGameTest.testMoveVacuumOneVacuumUp(VacuumGameTest.java:703)
    	at sun.reflect.NativeMethodAccessorImpl.invoke0(Native Method)
    	at sun.reflect.NativeMethodAccessorImpl.invoke(NativeMethodAccessorImpl.java:62)
    	at sun.reflect.DelegatingMethodAccessorImpl.invoke(DelegatingMethodAccessorImpl.java:43)
    	at java.lang.reflect.Method.invoke(Method.java:498)
    	at org.junit.runners.model.FrameworkMethod$1.runReflectiveCall(FrameworkMethod.java:50)
    	at org.junit.internal.runners.model.ReflectiveCallable.run(ReflectiveCallable.java:12)
    	at org.junit.runners.model.FrameworkMethod.invokeExplosively(FrameworkMethod.java:47)
    	at org.junit.internal.runners.statements.InvokeMethod.evaluate(InvokeMethod.java:17)
    	at org.junit.internal.runners.statements.FailOnTimeout$CallableStatement.call(FailOnTimeout.java:298)
    	at org.junit.internal.runners.statements.FailOnTimeout$CallableStatement.call(FailOnTimeout.java:292)
    	at java.util.concurrent.FutureTask.run(FutureTask.java:266)
    	at java.lang.Thread.run(Thread.java:745)

51) gameOver gives correct results                                                     .. failed
.. because game/VacuumGame (details below):

    java.lang.NoClassDefFoundError: game/VacuumGame
    	at tests.VacuumGameTest.testHasWonStillDirt(VacuumGameTest.java:1026)
    	at sun.reflect.NativeMethodAccessorImpl.invoke0(Native Method)
    	at sun.reflect.NativeMethodAccessorImpl.invoke(NativeMethodAccessorImpl.java:62)
    	at sun.reflect.DelegatingMethodAccessorImpl.invoke(DelegatingMethodAccessorImpl.java:43)
    	at java.lang.reflect.Method.invoke(Method.java:498)
    	at org.junit.runners.model.FrameworkMethod$1.runReflectiveCall(FrameworkMethod.java:50)
    	at org.junit.internal.runners.model.ReflectiveCallable.run(ReflectiveCallable.java:12)
    	at org.junit.runners.model.FrameworkMethod.invokeExplosively(FrameworkMethod.java:47)
    	at org.junit.internal.runners.statements.InvokeMethod.evaluate(InvokeMethod.java:17)
    	at org.junit.internal.runners.statements.FailOnTimeout$CallableStatement.call(FailOnTimeout.java:298)
    	at org.junit.internal.runners.statements.FailOnTimeout$CallableStatement.call(FailOnTimeout.java:292)
    	at java.util.concurrent.FutureTask.run(FutureTask.java:266)
    	at java.lang.Thread.run(Thread.java:745)

52) move up twice onto vacuum                                                          .. failed
.. because game/VacuumGame (details below):

    java.lang.NoClassDefFoundError: game/VacuumGame
    	at tests.VacuumGameTest.testMoveVacuumTwoVacuumUp(VacuumGameTest.java:981)
    	at sun.reflect.NativeMethodAccessorImpl.invoke0(Native Method)
    	at sun.reflect.NativeMethodAccessorImpl.invoke(NativeMethodAccessorImpl.java:62)
    	at sun.reflect.DelegatingMethodAccessorImpl.invoke(DelegatingMethodAccessorImpl.java:43)
    	at java.lang.reflect.Method.invoke(Method.java:498)
    	at org.junit.runners.model.FrameworkMethod$1.runReflectiveCall(FrameworkMethod.java:50)
    	at org.junit.internal.runners.model.ReflectiveCallable.run(ReflectiveCallable.java:12)
    	at org.junit.runners.model.FrameworkMethod.invokeExplosively(FrameworkMethod.java:47)
    	at org.junit.internal.runners.statements.InvokeMethod.evaluate(InvokeMethod.java:17)
    	at org.junit.internal.runners.statements.FailOnTimeout$CallableStatement.call(FailOnTimeout.java:298)
    	at org.junit.internal.runners.statements.FailOnTimeout$CallableStatement.call(FailOnTimeout.java:292)
    	at java.util.concurrent.FutureTask.run(FutureTask.java:266)
    	at java.lang.Thread.run(Thread.java:745)

53) variable dustBalls                                                                 .. failed
.. because game/VacuumGame (details below):

    java.lang.NoClassDefFoundError: game/VacuumGame
    	at tests.VacuumGameTest.testReflectionDustBalls(VacuumGameTest.java:112)
    	at sun.reflect.NativeMethodAccessorImpl.invoke0(Native Method)
    	at sun.reflect.NativeMethodAccessorImpl.invoke(NativeMethodAccessorImpl.java:62)
    	at sun.reflect.DelegatingMethodAccessorImpl.invoke(DelegatingMethodAccessorImpl.java:43)
    	at java.lang.reflect.Method.invoke(Method.java:498)
    	at org.junit.runners.model.FrameworkMethod$1.runReflectiveCall(FrameworkMethod.java:50)
    	at org.junit.internal.runners.model.ReflectiveCallable.run(ReflectiveCallable.java:12)
    	at org.junit.runners.model.FrameworkMethod.invokeExplosively(FrameworkMethod.java:47)
    	at org.junit.internal.runners.statements.InvokeMethod.evaluate(InvokeMethod.java:17)
    	at org.junit.internal.runners.statements.FailOnTimeout$CallableStatement.call(FailOnTimeout.java:298)
    	at org.junit.internal.runners.statements.FailOnTimeout$CallableStatement.call(FailOnTimeout.java:292)
    	at java.util.concurrent.FutureTask.run(FutureTask.java:266)
    	at java.lang.Thread.run(Thread.java:745)

54) VacuumGame getVacuumTwo signature                                                  .. failed
.. because game/VacuumGame (details below):

    java.lang.NoClassDefFoundError: game/VacuumGame
    	at tests.VacuumGameTest.testReflectionMethodGetVacuumTwo(VacuumGameTest.java:198)
    	at sun.reflect.NativeMethodAccessorImpl.invoke0(Native Method)
    	at sun.reflect.NativeMethodAccessorImpl.invoke(NativeMethodAccessorImpl.java:62)
    	at sun.reflect.DelegatingMethodAccessorImpl.invoke(DelegatingMethodAccessorImpl.java:43)
    	at java.lang.reflect.Method.invoke(Method.java:498)
    	at org.junit.runners.model.FrameworkMethod$1.runReflectiveCall(FrameworkMethod.java:50)
    	at org.junit.internal.runners.model.ReflectiveCallable.run(ReflectiveCallable.java:12)
    	at org.junit.runners.model.FrameworkMethod.invokeExplosively(FrameworkMethod.java:47)
    	at org.junit.internal.runners.statements.InvokeMethod.evaluate(InvokeMethod.java:17)
    	at org.junit.internal.runners.statements.FailOnTimeout$CallableStatement.call(FailOnTimeout.java:298)
    	at org.junit.internal.runners.statements.FailOnTimeout$CallableStatement.call(FailOnTimeout.java:292)
    	at java.util.concurrent.FutureTask.run(FutureTask.java:266)
    	at java.lang.Thread.run(Thread.java:745)

55) VacuumGame getNumRows                                                              .. failed
.. because game/VacuumGame (details below):

    java.lang.NoClassDefFoundError: game/VacuumGame
    	at tests.VacuumGameTest.testReflectionMethodGetNumRows(VacuumGameTest.java:156)
    	at sun.reflect.NativeMethodAccessorImpl.invoke0(Native Method)
    	at sun.reflect.NativeMethodAccessorImpl.invoke(NativeMethodAccessorImpl.java:62)
    	at sun.reflect.DelegatingMethodAccessorImpl.invoke(DelegatingMethodAccessorImpl.java:43)
    	at java.lang.reflect.Method.invoke(Method.java:498)
    	at org.junit.runners.model.FrameworkMethod$1.runReflectiveCall(FrameworkMethod.java:50)
    	at org.junit.internal.runners.model.ReflectiveCallable.run(ReflectiveCallable.java:12)
    	at org.junit.runners.model.FrameworkMethod.invokeExplosively(FrameworkMethod.java:47)
    	at org.junit.internal.runners.statements.InvokeMethod.evaluate(InvokeMethod.java:17)
    	at org.junit.internal.runners.statements.FailOnTimeout$CallableStatement.call(FailOnTimeout.java:298)
    	at org.junit.internal.runners.statements.FailOnTimeout$CallableStatement.call(FailOnTimeout.java:292)
    	at java.util.concurrent.FutureTask.run(FutureTask.java:266)
    	at java.lang.Thread.run(Thread.java:745)

56) getNumCols with 7 cols                                                             .. failed
.. because game/VacuumGame (details below):

    java.lang.NoClassDefFoundError: game/VacuumGame
    	at tests.VacuumGameTest.testGetNumColsTiny(VacuumGameTest.java:368)
    	at sun.reflect.NativeMethodAccessorImpl.invoke0(Native Method)
    	at sun.reflect.NativeMethodAccessorImpl.invoke(NativeMethodAccessorImpl.java:62)
    	at sun.reflect.DelegatingMethodAccessorImpl.invoke(DelegatingMethodAccessorImpl.java:43)
    	at java.lang.reflect.Method.invoke(Method.java:498)
    	at org.junit.runners.model.FrameworkMethod$1.runReflectiveCall(FrameworkMethod.java:50)
    	at org.junit.internal.runners.model.ReflectiveCallable.run(ReflectiveCallable.java:12)
    	at org.junit.runners.model.FrameworkMethod.invokeExplosively(FrameworkMethod.java:47)
    	at org.junit.internal.runners.statements.InvokeMethod.evaluate(InvokeMethod.java:17)
    	at org.junit.internal.runners.statements.FailOnTimeout$CallableStatement.call(FailOnTimeout.java:298)
    	at org.junit.internal.runners.statements.FailOnTimeout$CallableStatement.call(FailOnTimeout.java:292)
    	at java.util.concurrent.FutureTask.run(FutureTask.java:266)
    	at java.lang.Thread.run(Thread.java:745)

57) getNumRows with 12 rows                                                            .. failed
.. because game/VacuumGame (details below):

    java.lang.NoClassDefFoundError: game/VacuumGame
    	at tests.VacuumGameTest.testGetNumRowsNormal(VacuumGameTest.java:312)
    	at sun.reflect.NativeMethodAccessorImpl.invoke0(Native Method)
    	at sun.reflect.NativeMethodAccessorImpl.invoke(NativeMethodAccessorImpl.java:62)
    	at sun.reflect.DelegatingMethodAccessorImpl.invoke(DelegatingMethodAccessorImpl.java:43)
    	at java.lang.reflect.Method.invoke(Method.java:498)
    	at org.junit.runners.model.FrameworkMethod$1.runReflectiveCall(FrameworkMethod.java:50)
    	at org.junit.internal.runners.model.ReflectiveCallable.run(ReflectiveCallable.java:12)
    	at org.junit.runners.model.FrameworkMethod.invokeExplosively(FrameworkMethod.java:47)
    	at org.junit.internal.runners.statements.InvokeMethod.evaluate(InvokeMethod.java:17)
    	at org.junit.internal.runners.statements.FailOnTimeout$CallableStatement.call(FailOnTimeout.java:298)
    	at org.junit.internal.runners.statements.FailOnTimeout$CallableStatement.call(FailOnTimeout.java:292)
    	at java.util.concurrent.FutureTask.run(FutureTask.java:266)
    	at java.lang.Thread.run(Thread.java:745)

58) getWinner gives correct results                                                    .. failed
.. because game/VacuumGame (details below):

    java.lang.NoClassDefFoundError: game/VacuumGame
    	at tests.VacuumGameTest.testHasWonTwoDirtVacuumOneWins(VacuumGameTest.java:1063)
    	at sun.reflect.NativeMethodAccessorImpl.invoke0(Native Method)
    	at sun.reflect.NativeMethodAccessorImpl.invoke(NativeMethodAccessorImpl.java:62)
    	at sun.reflect.DelegatingMethodAccessorImpl.invoke(DelegatingMethodAccessorImpl.java:43)
    	at java.lang.reflect.Method.invoke(Method.java:498)
    	at org.junit.runners.model.FrameworkMethod$1.runReflectiveCall(FrameworkMethod.java:50)
    	at org.junit.internal.runners.model.ReflectiveCallable.run(ReflectiveCallable.java:12)
    	at org.junit.runners.model.FrameworkMethod.invokeExplosively(FrameworkMethod.java:47)
    	at org.junit.internal.runners.statements.InvokeMethod.evaluate(InvokeMethod.java:17)
    	at org.junit.internal.runners.statements.FailOnTimeout$CallableStatement.call(FailOnTimeout.java:298)
    	at org.junit.internal.runners.statements.FailOnTimeout$CallableStatement.call(FailOnTimeout.java:292)
    	at java.util.concurrent.FutureTask.run(FutureTask.java:266)
    	at java.lang.Thread.run(Thread.java:745)

59) getNumCols with 36 cols                                                            .. failed
.. because game/VacuumGame (details below):

    java.lang.NoClassDefFoundError: game/VacuumGame
    	at tests.VacuumGameTest.testGetNumColsWide(VacuumGameTest.java:352)
    	at sun.reflect.NativeMethodAccessorImpl.invoke0(Native Method)
    	at sun.reflect.NativeMethodAccessorImpl.invoke(NativeMethodAccessorImpl.java:62)
    	at sun.reflect.DelegatingMethodAccessorImpl.invoke(DelegatingMethodAccessorImpl.java:43)
    	at java.lang.reflect.Method.invoke(Method.java:498)
    	at org.junit.runners.model.FrameworkMethod$1.runReflectiveCall(FrameworkMethod.java:50)
    	at org.junit.internal.runners.model.ReflectiveCallable.run(ReflectiveCallable.java:12)
    	at org.junit.runners.model.FrameworkMethod.invokeExplosively(FrameworkMethod.java:47)
    	at org.junit.internal.runners.statements.InvokeMethod.evaluate(InvokeMethod.java:17)
    	at org.junit.internal.runners.statements.FailOnTimeout$CallableStatement.call(FailOnTimeout.java:298)
    	at org.junit.internal.runners.statements.FailOnTimeout$CallableStatement.call(FailOnTimeout.java:292)
    	at java.util.concurrent.FutureTask.run(FutureTask.java:266)
    	at java.lang.Thread.run(Thread.java:745)

60) getSprite with vacuum                                                              .. failed
.. because game/VacuumGame (details below):

    java.lang.NoClassDefFoundError: game/VacuumGame
    	at tests.VacuumGameTest.testGetNormalVacuumTwo(VacuumGameTest.java:455)
    	at sun.reflect.NativeMethodAccessorImpl.invoke0(Native Method)
    	at sun.reflect.NativeMethodAccessorImpl.invoke(NativeMethodAccessorImpl.java:62)
    	at sun.reflect.DelegatingMethodAccessorImpl.invoke(DelegatingMethodAccessorImpl.java:43)
    	at java.lang.reflect.Method.invoke(Method.java:498)
    	at org.junit.runners.model.FrameworkMethod$1.runReflectiveCall(FrameworkMethod.java:50)
    	at org.junit.internal.runners.model.ReflectiveCallable.run(ReflectiveCallable.java:12)
    	at org.junit.runners.model.FrameworkMethod.invokeExplosively(FrameworkMethod.java:47)
    	at org.junit.internal.runners.statements.InvokeMethod.evaluate(InvokeMethod.java:17)
    	at org.junit.internal.runners.statements.FailOnTimeout$CallableStatement.call(FailOnTimeout.java:298)
    	at org.junit.internal.runners.statements.FailOnTimeout$CallableStatement.call(FailOnTimeout.java:292)
    	at java.util.concurrent.FutureTask.run(FutureTask.java:266)
    	at java.lang.Thread.run(Thread.java:745)

61) move right twice on clean                                                          .. failed
.. because game/VacuumGame (details below):

    java.lang.NoClassDefFoundError: game/VacuumGame
    	at tests.VacuumGameTest.testMoveVacuumTwoUnvisitedRight(VacuumGameTest.java:776)
    	at sun.reflect.NativeMethodAccessorImpl.invoke0(Native Method)
    	at sun.reflect.NativeMethodAccessorImpl.invoke(NativeMethodAccessorImpl.java:62)
    	at sun.reflect.DelegatingMethodAccessorImpl.invoke(DelegatingMethodAccessorImpl.java:43)
    	at java.lang.reflect.Method.invoke(Method.java:498)
    	at org.junit.runners.model.FrameworkMethod$1.runReflectiveCall(FrameworkMethod.java:50)
    	at org.junit.internal.runners.model.ReflectiveCallable.run(ReflectiveCallable.java:12)
    	at org.junit.runners.model.FrameworkMethod.invokeExplosively(FrameworkMethod.java:47)
    	at org.junit.internal.runners.statements.InvokeMethod.evaluate(InvokeMethod.java:17)
    	at org.junit.internal.runners.statements.FailOnTimeout$CallableStatement.call(FailOnTimeout.java:298)
    	at org.junit.internal.runners.statements.FailOnTimeout$CallableStatement.call(FailOnTimeout.java:292)
    	at java.util.concurrent.FutureTask.run(FutureTask.java:266)
    	at java.lang.Thread.run(Thread.java:745)

62) getWinner gives correct results                                                    .. failed
.. because game/VacuumGame (details below):

    java.lang.NoClassDefFoundError: game/VacuumGame
    	at tests.VacuumGameTest.testHasWonOneDirtVacuumTwoWins(VacuumGameTest.java:1048)
    	at sun.reflect.NativeMethodAccessorImpl.invoke0(Native Method)
    	at sun.reflect.NativeMethodAccessorImpl.invoke(NativeMethodAccessorImpl.java:62)
    	at sun.reflect.DelegatingMethodAccessorImpl.invoke(DelegatingMethodAccessorImpl.java:43)
    	at java.lang.reflect.Method.invoke(Method.java:498)
    	at org.junit.runners.model.FrameworkMethod$1.runReflectiveCall(FrameworkMethod.java:50)
    	at org.junit.internal.runners.model.ReflectiveCallable.run(ReflectiveCallable.java:12)
    	at org.junit.runners.model.FrameworkMethod.invokeExplosively(FrameworkMethod.java:47)
    	at org.junit.internal.runners.statements.InvokeMethod.evaluate(InvokeMethod.java:17)
    	at org.junit.internal.runners.statements.FailOnTimeout$CallableStatement.call(FailOnTimeout.java:298)
    	at org.junit.internal.runners.statements.FailOnTimeout$CallableStatement.call(FailOnTimeout.java:292)
    	at java.util.concurrent.FutureTask.run(FutureTask.java:266)
    	at java.lang.Thread.run(Thread.java:745)

63) move right on other vacuum                                                         .. failed
.. because game/VacuumGame (details below):

    java.lang.NoClassDefFoundError: game/VacuumGame
    	at tests.VacuumGameTest.testMoveVacuumOneVacuumRight(VacuumGameTest.java:681)
    	at sun.reflect.NativeMethodAccessorImpl.invoke0(Native Method)
    	at sun.reflect.NativeMethodAccessorImpl.invoke(NativeMethodAccessorImpl.java:62)
    	at sun.reflect.DelegatingMethodAccessorImpl.invoke(DelegatingMethodAccessorImpl.java:43)
    	at java.lang.reflect.Method.invoke(Method.java:498)
    	at org.junit.runners.model.FrameworkMethod$1.runReflectiveCall(FrameworkMethod.java:50)
    	at org.junit.internal.runners.model.ReflectiveCallable.run(ReflectiveCallable.java:12)
    	at org.junit.runners.model.FrameworkMethod.invokeExplosively(FrameworkMethod.java:47)
    	at org.junit.internal.runners.statements.InvokeMethod.evaluate(InvokeMethod.java:17)
    	at org.junit.internal.runners.statements.FailOnTimeout$CallableStatement.call(FailOnTimeout.java:298)
    	at org.junit.internal.runners.statements.FailOnTimeout$CallableStatement.call(FailOnTimeout.java:292)
    	at java.util.concurrent.FutureTask.run(FutureTask.java:266)
    	at java.lang.Thread.run(Thread.java:745)

64) getWinner gives correct results                                                    .. failed
.. because game/VacuumGame (details below):

    java.lang.NoClassDefFoundError: game/VacuumGame
    	at tests.VacuumGameTest.testHasWonTwoDirtVacuumTwoWins(VacuumGameTest.java:1084)
    	at sun.reflect.NativeMethodAccessorImpl.invoke0(Native Method)
    	at sun.reflect.NativeMethodAccessorImpl.invoke(NativeMethodAccessorImpl.java:62)
    	at sun.reflect.DelegatingMethodAccessorImpl.invoke(DelegatingMethodAccessorImpl.java:43)
    	at java.lang.reflect.Method.invoke(Method.java:498)
    	at org.junit.runners.model.FrameworkMethod$1.runReflectiveCall(FrameworkMethod.java:50)
    	at org.junit.internal.runners.model.ReflectiveCallable.run(ReflectiveCallable.java:12)
    	at org.junit.runners.model.FrameworkMethod.invokeExplosively(FrameworkMethod.java:47)
    	at org.junit.internal.runners.statements.InvokeMethod.evaluate(InvokeMethod.java:17)
    	at org.junit.internal.runners.statements.FailOnTimeout$CallableStatement.call(FailOnTimeout.java:298)
    	at org.junit.internal.runners.statements.FailOnTimeout$CallableStatement.call(FailOnTimeout.java:292)
    	at java.util.concurrent.FutureTask.run(FutureTask.java:266)
    	at java.lang.Thread.run(Thread.java:745)

65) move left twice on clean                                                           .. failed
.. because game/VacuumGame (details below):

    java.lang.NoClassDefFoundError: game/VacuumGame
    	at tests.VacuumGameTest.testMoveVacuumTwoUnvisitedLeft(VacuumGameTest.java:750)
    	at sun.reflect.NativeMethodAccessorImpl.invoke0(Native Method)
    	at sun.reflect.NativeMethodAccessorImpl.invoke(NativeMethodAccessorImpl.java:62)
    	at sun.reflect.DelegatingMethodAccessorImpl.invoke(DelegatingMethodAccessorImpl.java:43)
    	at java.lang.reflect.Method.invoke(Method.java:498)
    	at org.junit.runners.model.FrameworkMethod$1.runReflectiveCall(FrameworkMethod.java:50)
    	at org.junit.internal.runners.model.ReflectiveCallable.run(ReflectiveCallable.java:12)
    	at org.junit.runners.model.FrameworkMethod.invokeExplosively(FrameworkMethod.java:47)
    	at org.junit.internal.runners.statements.InvokeMethod.evaluate(InvokeMethod.java:17)
    	at org.junit.internal.runners.statements.FailOnTimeout$CallableStatement.call(FailOnTimeout.java:298)
    	at org.junit.internal.runners.statements.FailOnTimeout$CallableStatement.call(FailOnTimeout.java:292)
    	at java.util.concurrent.FutureTask.run(FutureTask.java:266)
    	at java.lang.Thread.run(Thread.java:745)

66) getWinner gives correct results                                                    .. failed
.. because game/VacuumGame (details below):

    java.lang.NoClassDefFoundError: game/VacuumGame
    	at tests.VacuumGameTest.testHasWonTwoVacuumsDraw(VacuumGameTest.java:1105)
    	at sun.reflect.NativeMethodAccessorImpl.invoke0(Native Method)
    	at sun.reflect.NativeMethodAccessorImpl.invoke(NativeMethodAccessorImpl.java:62)
    	at sun.reflect.DelegatingMethodAccessorImpl.invoke(DelegatingMethodAccessorImpl.java:43)
    	at java.lang.reflect.Method.invoke(Method.java:498)
    	at org.junit.runners.model.FrameworkMethod$1.runReflectiveCall(FrameworkMethod.java:50)
    	at org.junit.internal.runners.model.ReflectiveCallable.run(ReflectiveCallable.java:12)
    	at org.junit.runners.model.FrameworkMethod.invokeExplosively(FrameworkMethod.java:47)
    	at org.junit.internal.runners.statements.InvokeMethod.evaluate(InvokeMethod.java:17)
    	at org.junit.internal.runners.statements.FailOnTimeout$CallableStatement.call(FailOnTimeout.java:298)
    	at org.junit.internal.runners.statements.FailOnTimeout$CallableStatement.call(FailOnTimeout.java:292)
    	at java.util.concurrent.FutureTask.run(FutureTask.java:266)
    	at java.lang.Thread.run(Thread.java:745)

67) move up                                                                            .. failed
.. because game/VacuumGame (details below):

    java.lang.NoClassDefFoundError: game/VacuumGame
    	at tests.VacuumGameTest.testMoveVacuumOneUnvisitedUp(VacuumGameTest.java:524)
    	at sun.reflect.NativeMethodAccessorImpl.invoke0(Native Method)
    	at sun.reflect.NativeMethodAccessorImpl.invoke(NativeMethodAccessorImpl.java:62)
    	at sun.reflect.DelegatingMethodAccessorImpl.invoke(DelegatingMethodAccessorImpl.java:43)
    	at java.lang.reflect.Method.invoke(Method.java:498)
    	at org.junit.runners.model.FrameworkMethod$1.runReflectiveCall(FrameworkMethod.java:50)
    	at org.junit.internal.runners.model.ReflectiveCallable.run(ReflectiveCallable.java:12)
    	at org.junit.runners.model.FrameworkMethod.invokeExplosively(FrameworkMethod.java:47)
    	at org.junit.internal.runners.statements.InvokeMethod.evaluate(InvokeMethod.java:17)
    	at org.junit.internal.runners.statements.FailOnTimeout$CallableStatement.call(FailOnTimeout.java:298)
    	at org.junit.internal.runners.statements.FailOnTimeout$CallableStatement.call(FailOnTimeout.java:292)
    	at java.util.concurrent.FutureTask.run(FutureTask.java:266)
    	at java.lang.Thread.run(Thread.java:745)

68) move left twice onto wall                                                          .. failed
.. because game/VacuumGame (details below):

    java.lang.NoClassDefFoundError: game/VacuumGame
    	at tests.VacuumGameTest.testMoveVacuumTwoWallLeft(VacuumGameTest.java:857)
    	at sun.reflect.NativeMethodAccessorImpl.invoke0(Native Method)
    	at sun.reflect.NativeMethodAccessorImpl.invoke(NativeMethodAccessorImpl.java:62)
    	at sun.reflect.DelegatingMethodAccessorImpl.invoke(DelegatingMethodAccessorImpl.java:43)
    	at java.lang.reflect.Method.invoke(Method.java:498)
    	at org.junit.runners.model.FrameworkMethod$1.runReflectiveCall(FrameworkMethod.java:50)
    	at org.junit.internal.runners.model.ReflectiveCallable.run(ReflectiveCallable.java:12)
    	at org.junit.runners.model.FrameworkMethod.invokeExplosively(FrameworkMethod.java:47)
    	at org.junit.internal.runners.statements.InvokeMethod.evaluate(InvokeMethod.java:17)
    	at org.junit.internal.runners.statements.FailOnTimeout$CallableStatement.call(FailOnTimeout.java:298)
    	at org.junit.internal.runners.statements.FailOnTimeout$CallableStatement.call(FailOnTimeout.java:292)
    	at java.util.concurrent.FutureTask.run(FutureTask.java:266)
    	at java.lang.Thread.run(Thread.java:745)

69) VacuumGame getVacuumOne signature                                                  .. failed
.. because game/VacuumGame (details below):

    java.lang.NoClassDefFoundError: game/VacuumGame
    	at tests.VacuumGameTest.testReflectionMethodGetVacuumOne(VacuumGameTest.java:184)
    	at sun.reflect.NativeMethodAccessorImpl.invoke0(Native Method)
    	at sun.reflect.NativeMethodAccessorImpl.invoke(NativeMethodAccessorImpl.java:62)
    	at sun.reflect.DelegatingMethodAccessorImpl.invoke(DelegatingMethodAccessorImpl.java:43)
    	at java.lang.reflect.Method.invoke(Method.java:498)
    	at org.junit.runners.model.FrameworkMethod$1.runReflectiveCall(FrameworkMethod.java:50)
    	at org.junit.internal.runners.model.ReflectiveCallable.run(ReflectiveCallable.java:12)
    	at org.junit.runners.model.FrameworkMethod.invokeExplosively(FrameworkMethod.java:47)
    	at org.junit.internal.runners.statements.InvokeMethod.evaluate(InvokeMethod.java:17)
    	at org.junit.internal.runners.statements.FailOnTimeout$CallableStatement.call(FailOnTimeout.java:298)
    	at org.junit.internal.runners.statements.FailOnTimeout$CallableStatement.call(FailOnTimeout.java:292)
    	at java.util.concurrent.FutureTask.run(FutureTask.java:266)
    	at java.lang.Thread.run(Thread.java:745)

70) move down on other vacuum                                                          .. failed
.. because game/VacuumGame (details below):

    java.lang.NoClassDefFoundError: game/VacuumGame
    	at tests.VacuumGameTest.testMoveVacuumOneVacuumDown(VacuumGameTest.java:725)
    	at sun.reflect.NativeMethodAccessorImpl.invoke0(Native Method)
    	at sun.reflect.NativeMethodAccessorImpl.invoke(NativeMethodAccessorImpl.java:62)
    	at sun.reflect.DelegatingMethodAccessorImpl.invoke(DelegatingMethodAccessorImpl.java:43)
    	at java.lang.reflect.Method.invoke(Method.java:498)
    	at org.junit.runners.model.FrameworkMethod$1.runReflectiveCall(FrameworkMethod.java:50)
    	at org.junit.internal.runners.model.ReflectiveCallable.run(ReflectiveCallable.java:12)
    	at org.junit.runners.model.FrameworkMethod.invokeExplosively(FrameworkMethod.java:47)
    	at org.junit.internal.runners.statements.InvokeMethod.evaluate(InvokeMethod.java:17)
    	at org.junit.internal.runners.statements.FailOnTimeout$CallableStatement.call(FailOnTimeout.java:298)
    	at org.junit.internal.runners.statements.FailOnTimeout$CallableStatement.call(FailOnTimeout.java:292)
    	at java.util.concurrent.FutureTask.run(FutureTask.java:266)
    	at java.lang.Thread.run(Thread.java:745)

71) getSprite with clean                                                               .. failed
.. because game/VacuumGame (details below):

    java.lang.NoClassDefFoundError: game/VacuumGame
    	at tests.VacuumGameTest.testGetNormalUnvisited(VacuumGameTest.java:403)
    	at sun.reflect.NativeMethodAccessorImpl.invoke0(Native Method)
    	at sun.reflect.NativeMethodAccessorImpl.invoke(NativeMethodAccessorImpl.java:62)
    	at sun.reflect.DelegatingMethodAccessorImpl.invoke(DelegatingMethodAccessorImpl.java:43)
    	at java.lang.reflect.Method.invoke(Method.java:498)
    	at org.junit.runners.model.FrameworkMethod$1.runReflectiveCall(FrameworkMethod.java:50)
    	at org.junit.internal.runners.model.ReflectiveCallable.run(ReflectiveCallable.java:12)
    	at org.junit.runners.model.FrameworkMethod.invokeExplosively(FrameworkMethod.java:47)
    	at org.junit.internal.runners.statements.InvokeMethod.evaluate(InvokeMethod.java:17)
    	at org.junit.internal.runners.statements.FailOnTimeout$CallableStatement.call(FailOnTimeout.java:298)
    	at org.junit.internal.runners.statements.FailOnTimeout$CallableStatement.call(FailOnTimeout.java:292)
    	at java.util.concurrent.FutureTask.run(FutureTask.java:266)
    	at java.lang.Thread.run(Thread.java:745)

72) getNumRows with 6 rows                                                             .. failed
.. because game/VacuumGame (details below):

    java.lang.NoClassDefFoundError: game/VacuumGame
    	at tests.VacuumGameTest.testGetNumRowsWide(VacuumGameTest.java:320)
    	at sun.reflect.NativeMethodAccessorImpl.invoke0(Native Method)
    	at sun.reflect.NativeMethodAccessorImpl.invoke(NativeMethodAccessorImpl.java:62)
    	at sun.reflect.DelegatingMethodAccessorImpl.invoke(DelegatingMethodAccessorImpl.java:43)
    	at java.lang.reflect.Method.invoke(Method.java:498)
    	at org.junit.runners.model.FrameworkMethod$1.runReflectiveCall(FrameworkMethod.java:50)
    	at org.junit.internal.runners.model.ReflectiveCallable.run(ReflectiveCallable.java:12)
    	at org.junit.runners.model.FrameworkMethod.invokeExplosively(FrameworkMethod.java:47)
    	at org.junit.internal.runners.statements.InvokeMethod.evaluate(InvokeMethod.java:17)
    	at org.junit.internal.runners.statements.FailOnTimeout$CallableStatement.call(FailOnTimeout.java:298)
    	at org.junit.internal.runners.statements.FailOnTimeout$CallableStatement.call(FailOnTimeout.java:292)
    	at java.util.concurrent.FutureTask.run(FutureTask.java:266)
    	at java.lang.Thread.run(Thread.java:745)

73) variables vaccuum1 and vacuum2                                                     .. failed
.. because game/VacuumGame (details below):

    java.lang.NoClassDefFoundError: game/VacuumGame
    	at tests.VacuumGameTest.testReflectionVacuums(VacuumGameTest.java:75)
    	at sun.reflect.NativeMethodAccessorImpl.invoke0(Native Method)
    	at sun.reflect.NativeMethodAccessorImpl.invoke(NativeMethodAccessorImpl.java:62)
    	at sun.reflect.DelegatingMethodAccessorImpl.invoke(DelegatingMethodAccessorImpl.java:43)
    	at java.lang.reflect.Method.invoke(Method.java:498)
    	at org.junit.runners.model.FrameworkMethod$1.runReflectiveCall(FrameworkMethod.java:50)
    	at org.junit.internal.runners.model.ReflectiveCallable.run(ReflectiveCallable.java:12)
    	at org.junit.runners.model.FrameworkMethod.invokeExplosively(FrameworkMethod.java:47)
    	at org.junit.internal.runners.statements.InvokeMethod.evaluate(InvokeMethod.java:17)
    	at org.junit.internal.runners.statements.FailOnTimeout$CallableStatement.call(FailOnTimeout.java:298)
    	at org.junit.internal.runners.statements.FailOnTimeout$CallableStatement.call(FailOnTimeout.java:292)
    	at java.util.concurrent.FutureTask.run(FutureTask.java:266)
    	at java.lang.Thread.run(Thread.java:745)

74) getWinner gives correct results                                                    .. failed
.. because game/VacuumGame (details below):

    java.lang.NoClassDefFoundError: game/VacuumGame
    	at tests.VacuumGameTest.testHasWonOneEachVacuumOneWinsBig(VacuumGameTest.java:1156)
    	at sun.reflect.NativeMethodAccessorImpl.invoke0(Native Method)
    	at sun.reflect.NativeMethodAccessorImpl.invoke(NativeMethodAccessorImpl.java:62)
    	at sun.reflect.DelegatingMethodAccessorImpl.invoke(DelegatingMethodAccessorImpl.java:43)
    	at java.lang.reflect.Method.invoke(Method.java:498)
    	at org.junit.runners.model.FrameworkMethod$1.runReflectiveCall(FrameworkMethod.java:50)
    	at org.junit.internal.runners.model.ReflectiveCallable.run(ReflectiveCallable.java:12)
    	at org.junit.runners.model.FrameworkMethod.invokeExplosively(FrameworkMethod.java:47)
    	at org.junit.internal.runners.statements.InvokeMethod.evaluate(InvokeMethod.java:17)
    	at org.junit.internal.runners.statements.FailOnTimeout$CallableStatement.call(FailOnTimeout.java:298)
    	at org.junit.internal.runners.statements.FailOnTimeout$CallableStatement.call(FailOnTimeout.java:292)
    	at java.util.concurrent.FutureTask.run(FutureTask.java:266)
    	at java.lang.Thread.run(Thread.java:745)



Tests for tests.DirtTest (5/5 passed)
--

1) Dirt variable                                                                      .. ok!
2) hashCode is implemented                                                            .. ok!
3) getValue is implemented                                                            .. ok!
4) Dirt declaration                                                                   .. ok!
5) equals is implemented                                                              .. ok!


Tests for tests.DustTest (25/25 passed)
--

1) getColumn() not changing the return value of getRow()                              .. ok!
2) the variable symbol exists and is declared correctly                               .. ok!
3) getColumn() returning the correct value with multiple Sprites                      .. ok!
4) getRow() not changing the return value of getSymbol()                              .. ok!
5) the variable column exists and is declared correctly                               .. ok!
6) getRow() returning the correct value                                               .. ok!
7) that Dust inherits Dirt                                                            .. ok!
8) the method getSymbol()                                                             .. ok!
9) getSymbol() returning the correct value                                            .. ok!
10) getSymbol() not changing the return value of getColumn()                           .. ok!
11) the method updateCoordinates()                                                     .. ok!
12) the method equals()                                                                .. ok!
13) getSymbol() not changing the return value of getRow()                              .. ok!
14) the method getRow()                                                                .. ok!
15) the constructor exists and is declared correctly                                   .. ok!
16) the method updateCoordinates()                                                     .. ok!
17) getValue is correct                                                                .. ok!
18) the variable row exists and is declared correctly                                  .. ok!
19) the method hashCode()                                                              .. ok!
20) getColumn() returning the correct value                                            .. ok!
21) getRow() not changing the return value of getColumn()                              .. ok!
22) getColumn() not changing the return value of getSymbol()                           .. ok!
23) getRow() returning the correct value with multiple Sprites                         .. ok!
24) the method getColumn()                                                             .. ok!
25) toString() returning the correct value                                             .. ok!


Tests for tests.WallTest (24/24 passed)
--

1) getColumn() not changing the return value of getRow()                              .. ok!
2) the method updateCoordinates()                                                     .. ok!
3) getRow() not changing the return value of getColumn()                              .. ok!
4) toString() returning the correct value                                             .. ok!
5) that Wall inherits Sprite                                                          .. ok!
6) the method getRow()                                                                .. ok!
7) the method getColumn()                                                             .. ok!
8) the method equals()                                                                .. ok!
9) the method hashCode()                                                              .. ok!
10) getSymbol() returning the correct value                                            .. ok!
11) getColumn() not changing the return value of getSymbol()                           .. ok!
12) the variable symbol exists and is declared correctly                               .. ok!
13) the variable column exists and is declared correctly                               .. ok!
14) getRow() not changing the return value of getSymbol()                              .. ok!
15) getRow() returning the correct value with multiple Sprites                         .. ok!
16) the variable row exists and is declared correctly                                  .. ok!
17) the method updateCoordinates()                                                     .. ok!
18) getSymbol() not changing the return value of getColumn()                           .. ok!
19) getSymbol() not changing the return value of getRow()                              .. ok!
20) the method getSymbol()                                                             .. ok!
21) getColumn() returning the correct value                                            .. ok!
22) the constructor exists and is declared correctly                                   .. ok!
23) getRow() returning the correct value                                               .. ok!
24) getColumn() returning the correct value with multiple Sprites                      .. ok!


Tests for tests.GridTest (0/7 passed)
--

1) Grid declaration                                                                   .. failed
.. because game/Grid (details below):

    java.lang.NoClassDefFoundError: game/Grid
    	at tests.GridTest.testReflectionGrid(GridTest.java:21)
    	at sun.reflect.NativeMethodAccessorImpl.invoke0(Native Method)
    	at sun.reflect.NativeMethodAccessorImpl.invoke(NativeMethodAccessorImpl.java:62)
    	at sun.reflect.DelegatingMethodAccessorImpl.invoke(DelegatingMethodAccessorImpl.java:43)
    	at java.lang.reflect.Method.invoke(Method.java:498)
    	at org.junit.runners.model.FrameworkMethod$1.runReflectiveCall(FrameworkMethod.java:50)
    	at org.junit.internal.runners.model.ReflectiveCallable.run(ReflectiveCallable.java:12)
    	at org.junit.runners.model.FrameworkMethod.invokeExplosively(FrameworkMethod.java:47)
    	at org.junit.internal.runners.statements.InvokeMethod.evaluate(InvokeMethod.java:17)
    	at org.junit.internal.runners.statements.FailOnTimeout$CallableStatement.call(FailOnTimeout.java:298)
    	at org.junit.internal.runners.statements.FailOnTimeout$CallableStatement.call(FailOnTimeout.java:292)
    	at java.util.concurrent.FutureTask.run(FutureTask.java:266)
    	at java.lang.Thread.run(Thread.java:745)
    Caused by: java.lang.ClassNotFoundException: game.Grid
    	at java.net.URLClassLoader.findClass(URLClassLoader.java:381)
    	at java.lang.ClassLoader.loadClass(ClassLoader.java:424)
    	at sun.misc.Launcher$AppClassLoader.loadClass(Launcher.java:331)
    	at java.lang.ClassLoader.loadClass(ClassLoader.java:357)
    	... 13 more

2) Grid getNumColumns signature                                                       .. failed
.. because game/Grid (details below):

    java.lang.NoClassDefFoundError: game/Grid
    	at tests.GridTest.testReflectionMethodGetNumCols(GridTest.java:79)
    	at sun.reflect.NativeMethodAccessorImpl.invoke0(Native Method)
    	at sun.reflect.NativeMethodAccessorImpl.invoke(NativeMethodAccessorImpl.java:62)
    	at sun.reflect.DelegatingMethodAccessorImpl.invoke(DelegatingMethodAccessorImpl.java:43)
    	at java.lang.reflect.Method.invoke(Method.java:498)
    	at org.junit.runners.model.FrameworkMethod$1.runReflectiveCall(FrameworkMethod.java:50)
    	at org.junit.internal.runners.model.ReflectiveCallable.run(ReflectiveCallable.java:12)
    	at org.junit.runners.model.FrameworkMethod.invokeExplosively(FrameworkMethod.java:47)
    	at org.junit.internal.runners.statements.InvokeMethod.evaluate(InvokeMethod.java:17)
    	at org.junit.internal.runners.statements.FailOnTimeout$CallableStatement.call(FailOnTimeout.java:298)
    	at org.junit.internal.runners.statements.FailOnTimeout$CallableStatement.call(FailOnTimeout.java:292)
    	at java.util.concurrent.FutureTask.run(FutureTask.java:266)
    	at java.lang.Thread.run(Thread.java:745)

3) Grid equals signature                                                              .. failed
.. because game/Grid (details below):

    java.lang.NoClassDefFoundError: game/Grid
    	at tests.GridTest.testReflectionMethodEquals(GridTest.java:95)
    	at sun.reflect.NativeMethodAccessorImpl.invoke0(Native Method)
    	at sun.reflect.NativeMethodAccessorImpl.invoke(NativeMethodAccessorImpl.java:62)
    	at sun.reflect.DelegatingMethodAccessorImpl.invoke(DelegatingMethodAccessorImpl.java:43)
    	at java.lang.reflect.Method.invoke(Method.java:498)
    	at org.junit.runners.model.FrameworkMethod$1.runReflectiveCall(FrameworkMethod.java:50)
    	at org.junit.internal.runners.model.ReflectiveCallable.run(ReflectiveCallable.java:12)
    	at org.junit.runners.model.FrameworkMethod.invokeExplosively(FrameworkMethod.java:47)
    	at org.junit.internal.runners.statements.InvokeMethod.evaluate(InvokeMethod.java:17)
    	at org.junit.internal.runners.statements.FailOnTimeout$CallableStatement.call(FailOnTimeout.java:298)
    	at org.junit.internal.runners.statements.FailOnTimeout$CallableStatement.call(FailOnTimeout.java:292)
    	at java.util.concurrent.FutureTask.run(FutureTask.java:266)
    	at java.lang.Thread.run(Thread.java:745)

4) Grid toString signature                                                            .. failed
.. because game/Grid (details below):

    java.lang.NoClassDefFoundError: game/Grid
    	at tests.GridTest.testReflectionMethodToString(GridTest.java:112)
    	at sun.reflect.NativeMethodAccessorImpl.invoke0(Native Method)
    	at sun.reflect.NativeMethodAccessorImpl.invoke(NativeMethodAccessorImpl.java:62)
    	at sun.reflect.DelegatingMethodAccessorImpl.invoke(DelegatingMethodAccessorImpl.java:43)
    	at java.lang.reflect.Method.invoke(Method.java:498)
    	at org.junit.runners.model.FrameworkMethod$1.runReflectiveCall(FrameworkMethod.java:50)
    	at org.junit.internal.runners.model.ReflectiveCallable.run(ReflectiveCallable.java:12)
    	at org.junit.runners.model.FrameworkMethod.invokeExplosively(FrameworkMethod.java:47)
    	at org.junit.internal.runners.statements.InvokeMethod.evaluate(InvokeMethod.java:17)
    	at org.junit.internal.runners.statements.FailOnTimeout$CallableStatement.call(FailOnTimeout.java:298)
    	at org.junit.internal.runners.statements.FailOnTimeout$CallableStatement.call(FailOnTimeout.java:292)
    	at java.util.concurrent.FutureTask.run(FutureTask.java:266)
    	at java.lang.Thread.run(Thread.java:745)

5) Grid setCell signature                                                             .. failed
.. because game/Grid (details below):

    java.lang.NoClassDefFoundError: game/Grid
    	at tests.GridTest.testReflectionMethodSetCell(GridTest.java:31)
    	at sun.reflect.NativeMethodAccessorImpl.invoke0(Native Method)
    	at sun.reflect.NativeMethodAccessorImpl.invoke(NativeMethodAccessorImpl.java:62)
    	at sun.reflect.DelegatingMethodAccessorImpl.invoke(DelegatingMethodAccessorImpl.java:43)
    	at java.lang.reflect.Method.invoke(Method.java:498)
    	at org.junit.runners.model.FrameworkMethod$1.runReflectiveCall(FrameworkMethod.java:50)
    	at org.junit.internal.runners.model.ReflectiveCallable.run(ReflectiveCallable.java:12)
    	at org.junit.runners.model.FrameworkMethod.invokeExplosively(FrameworkMethod.java:47)
    	at org.junit.internal.runners.statements.InvokeMethod.evaluate(InvokeMethod.java:17)
    	at org.junit.internal.runners.statements.FailOnTimeout$CallableStatement.call(FailOnTimeout.java:298)
    	at org.junit.internal.runners.statements.FailOnTimeout$CallableStatement.call(FailOnTimeout.java:292)
    	at java.util.concurrent.FutureTask.run(FutureTask.java:266)
    	at java.lang.Thread.run(Thread.java:745)

6) Grid getCell signature                                                             .. failed
.. because game/Grid (details below):

    java.lang.NoClassDefFoundError: game/Grid
    	at tests.GridTest.testReflectionMethodGetCell(GridTest.java:47)
    	at sun.reflect.NativeMethodAccessorImpl.invoke0(Native Method)
    	at sun.reflect.NativeMethodAccessorImpl.invoke(NativeMethodAccessorImpl.java:62)
    	at sun.reflect.DelegatingMethodAccessorImpl.invoke(DelegatingMethodAccessorImpl.java:43)
    	at java.lang.reflect.Method.invoke(Method.java:498)
    	at org.junit.runners.model.FrameworkMethod$1.runReflectiveCall(FrameworkMethod.java:50)
    	at org.junit.internal.runners.model.ReflectiveCallable.run(ReflectiveCallable.java:12)
    	at org.junit.runners.model.FrameworkMethod.invokeExplosively(FrameworkMethod.java:47)
    	at org.junit.internal.runners.statements.InvokeMethod.evaluate(InvokeMethod.java:17)
    	at org.junit.internal.runners.statements.FailOnTimeout$CallableStatement.call(FailOnTimeout.java:298)
    	at org.junit.internal.runners.statements.FailOnTimeout$CallableStatement.call(FailOnTimeout.java:292)
    	at java.util.concurrent.FutureTask.run(FutureTask.java:266)
    	at java.lang.Thread.run(Thread.java:745)

7) Grid getNumRows signature                                                          .. failed
.. because game/Grid (details below):

    java.lang.NoClassDefFoundError: game/Grid
    	at tests.GridTest.testReflectionMethodGetNumRows(GridTest.java:63)
    	at sun.reflect.NativeMethodAccessorImpl.invoke0(Native Method)
    	at sun.reflect.NativeMethodAccessorImpl.invoke(NativeMethodAccessorImpl.java:62)
    	at sun.reflect.DelegatingMethodAccessorImpl.invoke(DelegatingMethodAccessorImpl.java:43)
    	at java.lang.reflect.Method.invoke(Method.java:498)
    	at org.junit.runners.model.FrameworkMethod$1.runReflectiveCall(FrameworkMethod.java:50)
    	at org.junit.internal.runners.model.ReflectiveCallable.run(ReflectiveCallable.java:12)
    	at org.junit.runners.model.FrameworkMethod.invokeExplosively(FrameworkMethod.java:47)
    	at org.junit.internal.runners.statements.InvokeMethod.evaluate(InvokeMethod.java:17)
    	at org.junit.internal.runners.statements.FailOnTimeout$CallableStatement.call(FailOnTimeout.java:298)
    	at org.junit.internal.runners.statements.FailOnTimeout$CallableStatement.call(FailOnTimeout.java:292)
    	at java.util.concurrent.FutureTask.run(FutureTask.java:266)
    	at java.lang.Thread.run(Thread.java:745)



Tests for tests.SpriteTest (10/10 passed)
--

1) the method getSymbol()                                                             .. ok!
2) the method getRow()                                                                .. ok!
3) the method hashCode()                                                              .. ok!
4) the variable column exists and is declared correctly                               .. ok!
5) the constructor exists and is declared correctly                                   .. ok!
6) the method getColumn()                                                             .. ok!
7) the method updateCoordinates()                                                     .. ok!
8) the variable symbol exists and is declared correctly                               .. ok!
9) the method equals()                                                                .. ok!
10) the variable row exists and is declared correctly                                  .. ok!


Tests for tests.DumpsterTest (24/24 passed)
--

1) getColumn() returning the correct value                                            .. ok!
2) getColumn() returning the correct value with multiple Sprites                      .. ok!
3) getRow() not changing the return value of getColumn()                              .. ok!
4) getSymbol() returning the correct value                                            .. ok!
5) the method getSymbol()                                                             .. ok!
6) the method updateCoordinates()                                                     .. ok!
7) getSymbol() not changing the return value of getRow()                              .. ok!
8) the variable column exists and is declared correctly                               .. ok!
9) getRow() returning the correct value with multiple Sprites                         .. ok!
10) the variable symbol exists and is declared correctly                               .. ok!
11) the variable row exists and is declared correctly                                  .. ok!
12) getRow() returning the correct value                                               .. ok!
13) the method getRow()                                                                .. ok!
14) getColumn() not changing the return value of getRow()                              .. ok!
15) the constructor exists and is declared correctly                                   .. ok!
16) getColumn() not changing the return value of getSymbol()                           .. ok!
17) getRow() not changing the return value of getSymbol()                              .. ok!
18) the method getColumn()                                                             .. ok!
19) the method hashCode()                                                              .. ok!
20) that Dumpster inherits Sprite                                                      .. ok!
21) the method updateCoordinates()                                                     .. ok!
22) toString() returning the correct value                                             .. ok!
23) the method equals()                                                                .. ok!
24) getSymbol() not changing the return value of getColumn()                           .. ok!


Tests for tests.CleanHallwayTest (24/24 passed)
--

1) the method updateCoordinates()                                                     .. ok!
2) getRow() not changing the return value of getSymbol()                              .. ok!
3) getRow() not changing the return value of getColumn()                              .. ok!
4) toString() returning the correct value                                             .. ok!
5) the constructor exists and is declared correctly                                   .. ok!
6) getColumn() not changing the return value of getRow()                              .. ok!
7) the method getSymbol()                                                             .. ok!
8) the method updateCoordinates()                                                     .. ok!
9) getSymbol() returning the correct value                                            .. ok!
10) the method hashCode()                                                              .. ok!
11) the variable symbol exists and is declared correctly                               .. ok!
12) the variable column exists and is declared correctly                               .. ok!
13) the method equals()                                                                .. ok!
14) the variable row exists and is declared correctly                                  .. ok!
15) getSymbol() not changing the return value of getRow()                              .. ok!
16) getColumn() returning the correct value                                            .. ok!
17) getRow() returning the correct value                                               .. ok!
18) the method getColumn()                                                             .. ok!
19) getColumn() not changing the return value of getSymbol()                           .. ok!
20) that CleanHallway inherits Sprite                                                  .. ok!
21) the method getRow()                                                                .. ok!
22) getColumn() returning the correct value with multiple Sprites                      .. ok!
23) getSymbol() not changing the return value of getColumn()                           .. ok!
24) getRow() returning the correct value with multiple Sprites                         .. ok!


Tests for tests.ListGridTest (0/34 passed)
--

1) ListGrid declaration                                                               .. failed
.. because game/ListGrid (details below):

    java.lang.NoClassDefFoundError: game/ListGrid
    	at tests.ListGridTest.testReflectionListGrid(ListGridTest.java:34)
    	at sun.reflect.NativeMethodAccessorImpl.invoke0(Native Method)
    	at sun.reflect.NativeMethodAccessorImpl.invoke(NativeMethodAccessorImpl.java:62)
    	at sun.reflect.DelegatingMethodAccessorImpl.invoke(DelegatingMethodAccessorImpl.java:43)
    	at java.lang.reflect.Method.invoke(Method.java:498)
    	at org.junit.runners.model.FrameworkMethod$1.runReflectiveCall(FrameworkMethod.java:50)
    	at org.junit.internal.runners.model.ReflectiveCallable.run(ReflectiveCallable.java:12)
    	at org.junit.runners.model.FrameworkMethod.invokeExplosively(FrameworkMethod.java:47)
    	at org.junit.internal.runners.statements.InvokeMethod.evaluate(InvokeMethod.java:17)
    	at org.junit.internal.runners.statements.FailOnTimeout$CallableStatement.call(FailOnTimeout.java:298)
    	at org.junit.internal.runners.statements.FailOnTimeout$CallableStatement.call(FailOnTimeout.java:292)
    	at java.util.concurrent.FutureTask.run(FutureTask.java:266)
    	at java.lang.Thread.run(Thread.java:745)

2) ListGrid getNumRows                                                                .. failed
.. because game/ListGrid (details below):

    java.lang.NoClassDefFoundError: game/ListGrid
    	at tests.ListGridTest.testGetNumRowsFewRows(ListGridTest.java:336)
    	at sun.reflect.NativeMethodAccessorImpl.invoke0(Native Method)
    	at sun.reflect.NativeMethodAccessorImpl.invoke(NativeMethodAccessorImpl.java:62)
    	at sun.reflect.DelegatingMethodAccessorImpl.invoke(DelegatingMethodAccessorImpl.java:43)
    	at java.lang.reflect.Method.invoke(Method.java:498)
    	at org.junit.runners.model.FrameworkMethod$1.runReflectiveCall(FrameworkMethod.java:50)
    	at org.junit.internal.runners.model.ReflectiveCallable.run(ReflectiveCallable.java:12)
    	at org.junit.runners.model.FrameworkMethod.invokeExplosively(FrameworkMethod.java:47)
    	at org.junit.internal.runners.statements.InvokeMethod.evaluate(InvokeMethod.java:17)
    	at org.junit.internal.runners.statements.FailOnTimeout$CallableStatement.call(FailOnTimeout.java:298)
    	at org.junit.internal.runners.statements.FailOnTimeout$CallableStatement.call(FailOnTimeout.java:292)
    	at java.util.concurrent.FutureTask.run(FutureTask.java:266)
    	at java.lang.Thread.run(Thread.java:745)

3) ListGrid setCell V2                                                                .. failed
.. because game/ListGrid (details below):

    java.lang.NoClassDefFoundError: game/ListGrid
    	at tests.ListGridTest.testSetCellVacuumTwo(ListGridTest.java:240)
    	at sun.reflect.NativeMethodAccessorImpl.invoke0(Native Method)
    	at sun.reflect.NativeMethodAccessorImpl.invoke(NativeMethodAccessorImpl.java:62)
    	at sun.reflect.DelegatingMethodAccessorImpl.invoke(DelegatingMethodAccessorImpl.java:43)
    	at java.lang.reflect.Method.invoke(Method.java:498)
    	at org.junit.runners.model.FrameworkMethod$1.runReflectiveCall(FrameworkMethod.java:50)
    	at org.junit.internal.runners.model.ReflectiveCallable.run(ReflectiveCallable.java:12)
    	at org.junit.runners.model.FrameworkMethod.invokeExplosively(FrameworkMethod.java:47)
    	at org.junit.internal.runners.statements.InvokeMethod.evaluate(InvokeMethod.java:17)
    	at org.junit.internal.runners.statements.FailOnTimeout$CallableStatement.call(FailOnTimeout.java:298)
    	at org.junit.internal.runners.statements.FailOnTimeout$CallableStatement.call(FailOnTimeout.java:292)
    	at java.util.concurrent.FutureTask.run(FutureTask.java:266)
    	at java.lang.Thread.run(Thread.java:745)

4) ListGrid equals with different dimensions                                          .. failed
.. because game/ListGrid (details below):

    java.lang.NoClassDefFoundError: game/ListGrid
    	at tests.ListGridTest.testEqualsDifferentNumRows(ListGridTest.java:430)
    	at sun.reflect.NativeMethodAccessorImpl.invoke0(Native Method)
    	at sun.reflect.NativeMethodAccessorImpl.invoke(NativeMethodAccessorImpl.java:62)
    	at sun.reflect.DelegatingMethodAccessorImpl.invoke(DelegatingMethodAccessorImpl.java:43)
    	at java.lang.reflect.Method.invoke(Method.java:498)
    	at org.junit.runners.model.FrameworkMethod$1.runReflectiveCall(FrameworkMethod.java:50)
    	at org.junit.internal.runners.model.ReflectiveCallable.run(ReflectiveCallable.java:12)
    	at org.junit.runners.model.FrameworkMethod.invokeExplosively(FrameworkMethod.java:47)
    	at org.junit.internal.runners.statements.InvokeMethod.evaluate(InvokeMethod.java:17)
    	at org.junit.internal.runners.statements.FailOnTimeout$CallableStatement.call(FailOnTimeout.java:298)
    	at org.junit.internal.runners.statements.FailOnTimeout$CallableStatement.call(FailOnTimeout.java:292)
    	at java.util.concurrent.FutureTask.run(FutureTask.java:266)
    	at java.lang.Thread.run(Thread.java:745)

5) ListGrid equals with different dimensions                                          .. failed
.. because game/ListGrid (details below):

    java.lang.NoClassDefFoundError: game/ListGrid
    	at tests.ListGridTest.testEqualsDifferentDimensions(ListGridTest.java:464)
    	at sun.reflect.NativeMethodAccessorImpl.invoke0(Native Method)
    	at sun.reflect.NativeMethodAccessorImpl.invoke(NativeMethodAccessorImpl.java:62)
    	at sun.reflect.DelegatingMethodAccessorImpl.invoke(DelegatingMethodAccessorImpl.java:43)
    	at java.lang.reflect.Method.invoke(Method.java:498)
    	at org.junit.runners.model.FrameworkMethod$1.runReflectiveCall(FrameworkMethod.java:50)
    	at org.junit.internal.runners.model.ReflectiveCallable.run(ReflectiveCallable.java:12)
    	at org.junit.runners.model.FrameworkMethod.invokeExplosively(FrameworkMethod.java:47)
    	at org.junit.internal.runners.statements.InvokeMethod.evaluate(InvokeMethod.java:17)
    	at org.junit.internal.runners.statements.FailOnTimeout$CallableStatement.call(FailOnTimeout.java:298)
    	at org.junit.internal.runners.statements.FailOnTimeout$CallableStatement.call(FailOnTimeout.java:292)
    	at java.util.concurrent.FutureTask.run(FutureTask.java:266)
    	at java.lang.Thread.run(Thread.java:745)

6) ListGrid toString with all sprites                                                 .. failed
.. because game/ListGrid (details below):

    java.lang.NoClassDefFoundError: game/ListGrid
    	at tests.ListGridTest.testToStringAllSprites(ListGridTest.java:617)
    	at sun.reflect.NativeMethodAccessorImpl.invoke0(Native Method)
    	at sun.reflect.NativeMethodAccessorImpl.invoke(NativeMethodAccessorImpl.java:62)
    	at sun.reflect.DelegatingMethodAccessorImpl.invoke(DelegatingMethodAccessorImpl.java:43)
    	at java.lang.reflect.Method.invoke(Method.java:498)
    	at org.junit.runners.model.FrameworkMethod$1.runReflectiveCall(FrameworkMethod.java:50)
    	at org.junit.internal.runners.model.ReflectiveCallable.run(ReflectiveCallable.java:12)
    	at org.junit.runners.model.FrameworkMethod.invokeExplosively(FrameworkMethod.java:47)
    	at org.junit.internal.runners.statements.InvokeMethod.evaluate(InvokeMethod.java:17)
    	at org.junit.internal.runners.statements.FailOnTimeout$CallableStatement.call(FailOnTimeout.java:298)
    	at org.junit.internal.runners.statements.FailOnTimeout$CallableStatement.call(FailOnTimeout.java:292)
    	at java.util.concurrent.FutureTask.run(FutureTask.java:266)
    	at java.lang.Thread.run(Thread.java:745)

7) ListGrid toString with all walls                                                   .. failed
.. because game/ListGrid (details below):

    java.lang.NoClassDefFoundError: game/ListGrid
    	at tests.ListGridTest.testToStringAllWalls(ListGridTest.java:575)
    	at sun.reflect.NativeMethodAccessorImpl.invoke0(Native Method)
    	at sun.reflect.NativeMethodAccessorImpl.invoke(NativeMethodAccessorImpl.java:62)
    	at sun.reflect.DelegatingMethodAccessorImpl.invoke(DelegatingMethodAccessorImpl.java:43)
    	at java.lang.reflect.Method.invoke(Method.java:498)
    	at org.junit.runners.model.FrameworkMethod$1.runReflectiveCall(FrameworkMethod.java:50)
    	at org.junit.internal.runners.model.ReflectiveCallable.run(ReflectiveCallable.java:12)
    	at org.junit.runners.model.FrameworkMethod.invokeExplosively(FrameworkMethod.java:47)
    	at org.junit.internal.runners.statements.InvokeMethod.evaluate(InvokeMethod.java:17)
    	at org.junit.internal.runners.statements.FailOnTimeout$CallableStatement.call(FailOnTimeout.java:298)
    	at org.junit.internal.runners.statements.FailOnTimeout$CallableStatement.call(FailOnTimeout.java:292)
    	at java.util.concurrent.FutureTask.run(FutureTask.java:266)
    	at java.lang.Thread.run(Thread.java:745)

8) ListGrid setCell V1                                                                .. failed
.. because game/ListGrid (details below):

    java.lang.NoClassDefFoundError: game/ListGrid
    	at tests.ListGridTest.testSetCellVacuumOne(ListGridTest.java:225)
    	at sun.reflect.NativeMethodAccessorImpl.invoke0(Native Method)
    	at sun.reflect.NativeMethodAccessorImpl.invoke(NativeMethodAccessorImpl.java:62)
    	at sun.reflect.DelegatingMethodAccessorImpl.invoke(DelegatingMethodAccessorImpl.java:43)
    	at java.lang.reflect.Method.invoke(Method.java:498)
    	at org.junit.runners.model.FrameworkMethod$1.runReflectiveCall(FrameworkMethod.java:50)
    	at org.junit.internal.runners.model.ReflectiveCallable.run(ReflectiveCallable.java:12)
    	at org.junit.runners.model.FrameworkMethod.invokeExplosively(FrameworkMethod.java:47)
    	at org.junit.internal.runners.statements.InvokeMethod.evaluate(InvokeMethod.java:17)
    	at org.junit.internal.runners.statements.FailOnTimeout$CallableStatement.call(FailOnTimeout.java:298)
    	at org.junit.internal.runners.statements.FailOnTimeout$CallableStatement.call(FailOnTimeout.java:292)
    	at java.util.concurrent.FutureTask.run(FutureTask.java:266)
    	at java.lang.Thread.run(Thread.java:745)

9) ListGrid getNumRows                                                                .. failed
.. because game/ListGrid (details below):

    java.lang.NoClassDefFoundError: game/ListGrid
    	at tests.ListGridTest.testGetNumRowsManyRows(ListGridTest.java:346)
    	at sun.reflect.NativeMethodAccessorImpl.invoke0(Native Method)
    	at sun.reflect.NativeMethodAccessorImpl.invoke(NativeMethodAccessorImpl.java:62)
    	at sun.reflect.DelegatingMethodAccessorImpl.invoke(DelegatingMethodAccessorImpl.java:43)
    	at java.lang.reflect.Method.invoke(Method.java:498)
    	at org.junit.runners.model.FrameworkMethod$1.runReflectiveCall(FrameworkMethod.java:50)
    	at org.junit.internal.runners.model.ReflectiveCallable.run(ReflectiveCallable.java:12)
    	at org.junit.runners.model.FrameworkMethod.invokeExplosively(FrameworkMethod.java:47)
    	at org.junit.internal.runners.statements.InvokeMethod.evaluate(InvokeMethod.java:17)
    	at org.junit.internal.runners.statements.FailOnTimeout$CallableStatement.call(FailOnTimeout.java:298)
    	at org.junit.internal.runners.statements.FailOnTimeout$CallableStatement.call(FailOnTimeout.java:292)
    	at java.util.concurrent.FutureTask.run(FutureTask.java:266)
    	at java.lang.Thread.run(Thread.java:745)

10) ListGrid variable                                                                  .. failed
.. because game/ListGrid (details below):

    java.lang.NoClassDefFoundError: game/ListGrid
    	at tests.ListGridTest.testReflectionVariable(ListGridTest.java:42)
    	at sun.reflect.NativeMethodAccessorImpl.invoke0(Native Method)
    	at sun.reflect.NativeMethodAccessorImpl.invoke(NativeMethodAccessorImpl.java:62)
    	at sun.reflect.DelegatingMethodAccessorImpl.invoke(DelegatingMethodAccessorImpl.java:43)
    	at java.lang.reflect.Method.invoke(Method.java:498)
    	at org.junit.runners.model.FrameworkMethod$1.runReflectiveCall(FrameworkMethod.java:50)
    	at org.junit.internal.runners.model.ReflectiveCallable.run(ReflectiveCallable.java:12)
    	at org.junit.runners.model.FrameworkMethod.invokeExplosively(FrameworkMethod.java:47)
    	at org.junit.internal.runners.statements.InvokeMethod.evaluate(InvokeMethod.java:17)
    	at org.junit.internal.runners.statements.FailOnTimeout$CallableStatement.call(FailOnTimeout.java:298)
    	at org.junit.internal.runners.statements.FailOnTimeout$CallableStatement.call(FailOnTimeout.java:292)
    	at java.util.concurrent.FutureTask.run(FutureTask.java:266)
    	at java.lang.Thread.run(Thread.java:745)

11) ListGrid setCell V2                                                                .. failed
.. because game/ListGrid (details below):

    java.lang.NoClassDefFoundError: game/ListGrid
    	at tests.ListGridTest.testSetCellMultipleCellsVacantPlayerOne(ListGridTest.java:278)
    	at sun.reflect.NativeMethodAccessorImpl.invoke0(Native Method)
    	at sun.reflect.NativeMethodAccessorImpl.invoke(NativeMethodAccessorImpl.java:62)
    	at sun.reflect.DelegatingMethodAccessorImpl.invoke(DelegatingMethodAccessorImpl.java:43)
    	at java.lang.reflect.Method.invoke(Method.java:498)
    	at org.junit.runners.model.FrameworkMethod$1.runReflectiveCall(FrameworkMethod.java:50)
    	at org.junit.internal.runners.model.ReflectiveCallable.run(ReflectiveCallable.java:12)
    	at org.junit.runners.model.FrameworkMethod.invokeExplosively(FrameworkMethod.java:47)
    	at org.junit.internal.runners.statements.InvokeMethod.evaluate(InvokeMethod.java:17)
    	at org.junit.internal.runners.statements.FailOnTimeout$CallableStatement.call(FailOnTimeout.java:298)
    	at org.junit.internal.runners.statements.FailOnTimeout$CallableStatement.call(FailOnTimeout.java:292)
    	at java.util.concurrent.FutureTask.run(FutureTask.java:266)
    	at java.lang.Thread.run(Thread.java:745)

12) ListGrid setCell walls                                                             .. failed
.. because game/ListGrid (details below):

    java.lang.NoClassDefFoundError: game/ListGrid
    	at tests.ListGridTest.testSetCellMultipleCellsWalls(ListGridTest.java:255)
    	at sun.reflect.NativeMethodAccessorImpl.invoke0(Native Method)
    	at sun.reflect.NativeMethodAccessorImpl.invoke(NativeMethodAccessorImpl.java:62)
    	at sun.reflect.DelegatingMethodAccessorImpl.invoke(DelegatingMethodAccessorImpl.java:43)
    	at java.lang.reflect.Method.invoke(Method.java:498)
    	at org.junit.runners.model.FrameworkMethod$1.runReflectiveCall(FrameworkMethod.java:50)
    	at org.junit.internal.runners.model.ReflectiveCallable.run(ReflectiveCallable.java:12)
    	at org.junit.runners.model.FrameworkMethod.invokeExplosively(FrameworkMethod.java:47)
    	at org.junit.internal.runners.statements.InvokeMethod.evaluate(InvokeMethod.java:17)
    	at org.junit.internal.runners.statements.FailOnTimeout$CallableStatement.call(FailOnTimeout.java:298)
    	at org.junit.internal.runners.statements.FailOnTimeout$CallableStatement.call(FailOnTimeout.java:292)
    	at java.util.concurrent.FutureTask.run(FutureTask.java:266)
    	at java.lang.Thread.run(Thread.java:745)

13) ListGrid does not override equals                                                  .. failed
.. because game/ListGrid (details below):

    java.lang.NoClassDefFoundError: game/ListGrid
    	at tests.ListGridTest.testReflectionMethodToString(ListGridTest.java:129)
    	at sun.reflect.NativeMethodAccessorImpl.invoke0(Native Method)
    	at sun.reflect.NativeMethodAccessorImpl.invoke(NativeMethodAccessorImpl.java:62)
    	at sun.reflect.DelegatingMethodAccessorImpl.invoke(DelegatingMethodAccessorImpl.java:43)
    	at java.lang.reflect.Method.invoke(Method.java:498)
    	at org.junit.runners.model.FrameworkMethod$1.runReflectiveCall(FrameworkMethod.java:50)
    	at org.junit.internal.runners.model.ReflectiveCallable.run(ReflectiveCallable.java:12)
    	at org.junit.runners.model.FrameworkMethod.invokeExplosively(FrameworkMethod.java:47)
    	at org.junit.internal.runners.statements.InvokeMethod.evaluate(InvokeMethod.java:17)
    	at org.junit.internal.runners.statements.FailOnTimeout$CallableStatement.call(FailOnTimeout.java:298)
    	at org.junit.internal.runners.statements.FailOnTimeout$CallableStatement.call(FailOnTimeout.java:292)
    	at java.util.concurrent.FutureTask.run(FutureTask.java:266)
    	at java.lang.Thread.run(Thread.java:745)

14) ListGrid does not override equals                                                  .. failed
.. because game/ListGrid (details below):

    java.lang.NoClassDefFoundError: game/ListGrid
    	at tests.ListGridTest.testReflectionMethodEquals(ListGridTest.java:116)
    	at sun.reflect.NativeMethodAccessorImpl.invoke0(Native Method)
    	at sun.reflect.NativeMethodAccessorImpl.invoke(NativeMethodAccessorImpl.java:62)
    	at sun.reflect.DelegatingMethodAccessorImpl.invoke(DelegatingMethodAccessorImpl.java:43)
    	at java.lang.reflect.Method.invoke(Method.java:498)
    	at org.junit.runners.model.FrameworkMethod$1.runReflectiveCall(FrameworkMethod.java:50)
    	at org.junit.internal.runners.model.ReflectiveCallable.run(ReflectiveCallable.java:12)
    	at org.junit.runners.model.FrameworkMethod.invokeExplosively(FrameworkMethod.java:47)
    	at org.junit.internal.runners.statements.InvokeMethod.evaluate(InvokeMethod.java:17)
    	at org.junit.internal.runners.statements.FailOnTimeout$CallableStatement.call(FailOnTimeout.java:298)
    	at org.junit.internal.runners.statements.FailOnTimeout$CallableStatement.call(FailOnTimeout.java:292)
    	at java.util.concurrent.FutureTask.run(FutureTask.java:266)
    	at java.lang.Thread.run(Thread.java:745)

15) ListGrid getNumColumns                                                             .. failed
.. because game/ListGrid (details below):

    java.lang.NoClassDefFoundError: game/ListGrid
    	at tests.ListGridTest.testGetNumCols(ListGridTest.java:356)
    	at sun.reflect.NativeMethodAccessorImpl.invoke0(Native Method)
    	at sun.reflect.NativeMethodAccessorImpl.invoke(NativeMethodAccessorImpl.java:62)
    	at sun.reflect.DelegatingMethodAccessorImpl.invoke(DelegatingMethodAccessorImpl.java:43)
    	at java.lang.reflect.Method.invoke(Method.java:498)
    	at org.junit.runners.model.FrameworkMethod$1.runReflectiveCall(FrameworkMethod.java:50)
    	at org.junit.internal.runners.model.ReflectiveCallable.run(ReflectiveCallable.java:12)
    	at org.junit.runners.model.FrameworkMethod.invokeExplosively(FrameworkMethod.java:47)
    	at org.junit.internal.runners.statements.InvokeMethod.evaluate(InvokeMethod.java:17)
    	at org.junit.internal.runners.statements.FailOnTimeout$CallableStatement.call(FailOnTimeout.java:298)
    	at org.junit.internal.runners.statements.FailOnTimeout$CallableStatement.call(FailOnTimeout.java:292)
    	at java.util.concurrent.FutureTask.run(FutureTask.java:266)
    	at java.lang.Thread.run(Thread.java:745)

16) ListGrid equals self                                                               .. failed
.. because game/ListGrid (details below):

    java.lang.NoClassDefFoundError: game/ListGrid
    	at tests.ListGridTest.testEqualsSelf(ListGridTest.java:385)
    	at sun.reflect.NativeMethodAccessorImpl.invoke0(Native Method)
    	at sun.reflect.NativeMethodAccessorImpl.invoke(NativeMethodAccessorImpl.java:62)
    	at sun.reflect.DelegatingMethodAccessorImpl.invoke(DelegatingMethodAccessorImpl.java:43)
    	at java.lang.reflect.Method.invoke(Method.java:498)
    	at org.junit.runners.model.FrameworkMethod$1.runReflectiveCall(FrameworkMethod.java:50)
    	at org.junit.internal.runners.model.ReflectiveCallable.run(ReflectiveCallable.java:12)
    	at org.junit.runners.model.FrameworkMethod.invokeExplosively(FrameworkMethod.java:47)
    	at org.junit.internal.runners.statements.InvokeMethod.evaluate(InvokeMethod.java:17)
    	at org.junit.internal.runners.statements.FailOnTimeout$CallableStatement.call(FailOnTimeout.java:298)
    	at org.junit.internal.runners.statements.FailOnTimeout$CallableStatement.call(FailOnTimeout.java:292)
    	at java.util.concurrent.FutureTask.run(FutureTask.java:266)
    	at java.lang.Thread.run(Thread.java:745)

17) ListGrid getCell signature                                                         .. failed
.. because game/ListGrid (details below):

    java.lang.NoClassDefFoundError: game/ListGrid
    	at tests.ListGridTest.testReflectionMethodGetCell(ListGridTest.java:73)
    	at sun.reflect.NativeMethodAccessorImpl.invoke0(Native Method)
    	at sun.reflect.NativeMethodAccessorImpl.invoke(NativeMethodAccessorImpl.java:62)
    	at sun.reflect.DelegatingMethodAccessorImpl.invoke(DelegatingMethodAccessorImpl.java:43)
    	at java.lang.reflect.Method.invoke(Method.java:498)
    	at org.junit.runners.model.FrameworkMethod$1.runReflectiveCall(FrameworkMethod.java:50)
    	at org.junit.internal.runners.model.ReflectiveCallable.run(ReflectiveCallable.java:12)
    	at org.junit.runners.model.FrameworkMethod.invokeExplosively(FrameworkMethod.java:47)
    	at org.junit.internal.runners.statements.InvokeMethod.evaluate(InvokeMethod.java:17)
    	at org.junit.internal.runners.statements.FailOnTimeout$CallableStatement.call(FailOnTimeout.java:298)
    	at org.junit.internal.runners.statements.FailOnTimeout$CallableStatement.call(FailOnTimeout.java:292)
    	at java.util.concurrent.FutureTask.run(FutureTask.java:266)
    	at java.lang.Thread.run(Thread.java:745)

18) ListGrid constructor                                                               .. failed
.. because game/ListGrid (details below):

    java.lang.NoClassDefFoundError: game/ListGrid
    	at tests.ListGridTest.testReflectionCnstructor(ListGridTest.java:141)
    	at sun.reflect.NativeMethodAccessorImpl.invoke0(Native Method)
    	at sun.reflect.NativeMethodAccessorImpl.invoke(NativeMethodAccessorImpl.java:62)
    	at sun.reflect.DelegatingMethodAccessorImpl.invoke(DelegatingMethodAccessorImpl.java:43)
    	at java.lang.reflect.Method.invoke(Method.java:498)
    	at org.junit.runners.model.FrameworkMethod$1.runReflectiveCall(FrameworkMethod.java:50)
    	at org.junit.internal.runners.model.ReflectiveCallable.run(ReflectiveCallable.java:12)
    	at org.junit.runners.model.FrameworkMethod.invokeExplosively(FrameworkMethod.java:47)
    	at org.junit.internal.runners.statements.InvokeMethod.evaluate(InvokeMethod.java:17)
    	at org.junit.internal.runners.statements.FailOnTimeout$CallableStatement.call(FailOnTimeout.java:298)
    	at org.junit.internal.runners.statements.FailOnTimeout$CallableStatement.call(FailOnTimeout.java:292)
    	at java.util.concurrent.FutureTask.run(FutureTask.java:266)
    	at java.lang.Thread.run(Thread.java:745)

19) ListGrid setCell over non-vacant cell                                              .. failed
.. because game/ListGrid (details below):

    java.lang.NoClassDefFoundError: game/ListGrid
    	at tests.ListGridTest.testSetCellOverwriteCellsVacantPlayerOne(ListGridTest.java:302)
    	at sun.reflect.NativeMethodAccessorImpl.invoke0(Native Method)
    	at sun.reflect.NativeMethodAccessorImpl.invoke(NativeMethodAccessorImpl.java:62)
    	at sun.reflect.DelegatingMethodAccessorImpl.invoke(DelegatingMethodAccessorImpl.java:43)
    	at java.lang.reflect.Method.invoke(Method.java:498)
    	at org.junit.runners.model.FrameworkMethod$1.runReflectiveCall(FrameworkMethod.java:50)
    	at org.junit.internal.runners.model.ReflectiveCallable.run(ReflectiveCallable.java:12)
    	at org.junit.runners.model.FrameworkMethod.invokeExplosively(FrameworkMethod.java:47)
    	at org.junit.internal.runners.statements.InvokeMethod.evaluate(InvokeMethod.java:17)
    	at org.junit.internal.runners.statements.FailOnTimeout$CallableStatement.call(FailOnTimeout.java:298)
    	at org.junit.internal.runners.statements.FailOnTimeout$CallableStatement.call(FailOnTimeout.java:292)
    	at java.util.concurrent.FutureTask.run(FutureTask.java:266)
    	at java.lang.Thread.run(Thread.java:745)

20) ListGrid equals with different swapped sprites                                     .. failed
.. because game/ListGrid (details below):

    java.lang.NoClassDefFoundError: game/ListGrid
    	at tests.ListGridTest.testEqualsSwappedSprites(ListGridTest.java:516)
    	at sun.reflect.NativeMethodAccessorImpl.invoke0(Native Method)
    	at sun.reflect.NativeMethodAccessorImpl.invoke(NativeMethodAccessorImpl.java:62)
    	at sun.reflect.DelegatingMethodAccessorImpl.invoke(DelegatingMethodAccessorImpl.java:43)
    	at java.lang.reflect.Method.invoke(Method.java:498)
    	at org.junit.runners.model.FrameworkMethod$1.runReflectiveCall(FrameworkMethod.java:50)
    	at org.junit.internal.runners.model.ReflectiveCallable.run(ReflectiveCallable.java:12)
    	at org.junit.runners.model.FrameworkMethod.invokeExplosively(FrameworkMethod.java:47)
    	at org.junit.internal.runners.statements.InvokeMethod.evaluate(InvokeMethod.java:17)
    	at org.junit.internal.runners.statements.FailOnTimeout$CallableStatement.call(FailOnTimeout.java:298)
    	at org.junit.internal.runners.statements.FailOnTimeout$CallableStatement.call(FailOnTimeout.java:292)
    	at java.util.concurrent.FutureTask.run(FutureTask.java:266)
    	at java.lang.Thread.run(Thread.java:745)

21) ListGrid equals with different dimensions                                          .. failed
.. because game/ListGrid (details below):

    java.lang.NoClassDefFoundError: game/ListGrid
    	at tests.ListGridTest.testEqualsDifferentNumCols(ListGridTest.java:447)
    	at sun.reflect.NativeMethodAccessorImpl.invoke0(Native Method)
    	at sun.reflect.NativeMethodAccessorImpl.invoke(NativeMethodAccessorImpl.java:62)
    	at sun.reflect.DelegatingMethodAccessorImpl.invoke(DelegatingMethodAccessorImpl.java:43)
    	at java.lang.reflect.Method.invoke(Method.java:498)
    	at org.junit.runners.model.FrameworkMethod$1.runReflectiveCall(FrameworkMethod.java:50)
    	at org.junit.internal.runners.model.ReflectiveCallable.run(ReflectiveCallable.java:12)
    	at org.junit.runners.model.FrameworkMethod.invokeExplosively(FrameworkMethod.java:47)
    	at org.junit.internal.runners.statements.InvokeMethod.evaluate(InvokeMethod.java:17)
    	at org.junit.internal.runners.statements.FailOnTimeout$CallableStatement.call(FailOnTimeout.java:298)
    	at org.junit.internal.runners.statements.FailOnTimeout$CallableStatement.call(FailOnTimeout.java:292)
    	at java.util.concurrent.FutureTask.run(FutureTask.java:266)
    	at java.lang.Thread.run(Thread.java:745)

22) ListGrid setCell wall                                                              .. failed
.. because game/ListGrid (details below):

    java.lang.NoClassDefFoundError: game/ListGrid
    	at tests.ListGridTest.testSetCellWall(ListGridTest.java:183)
    	at sun.reflect.NativeMethodAccessorImpl.invoke0(Native Method)
    	at sun.reflect.NativeMethodAccessorImpl.invoke(NativeMethodAccessorImpl.java:62)
    	at sun.reflect.DelegatingMethodAccessorImpl.invoke(DelegatingMethodAccessorImpl.java:43)
    	at java.lang.reflect.Method.invoke(Method.java:498)
    	at org.junit.runners.model.FrameworkMethod$1.runReflectiveCall(FrameworkMethod.java:50)
    	at org.junit.internal.runners.model.ReflectiveCallable.run(ReflectiveCallable.java:12)
    	at org.junit.runners.model.FrameworkMethod.invokeExplosively(FrameworkMethod.java:47)
    	at org.junit.internal.runners.statements.InvokeMethod.evaluate(InvokeMethod.java:17)
    	at org.junit.internal.runners.statements.FailOnTimeout$CallableStatement.call(FailOnTimeout.java:298)
    	at org.junit.internal.runners.statements.FailOnTimeout$CallableStatement.call(FailOnTimeout.java:292)
    	at java.util.concurrent.FutureTask.run(FutureTask.java:266)
    	at java.lang.Thread.run(Thread.java:745)

23) ListGrid equals with similar dimensions                                            .. failed
.. because game/ListGrid (details below):

    java.lang.NoClassDefFoundError: game/ListGrid
    	at tests.ListGridTest.testEqualsSimilarSprites(ListGridTest.java:544)
    	at sun.reflect.NativeMethodAccessorImpl.invoke0(Native Method)
    	at sun.reflect.NativeMethodAccessorImpl.invoke(NativeMethodAccessorImpl.java:62)
    	at sun.reflect.DelegatingMethodAccessorImpl.invoke(DelegatingMethodAccessorImpl.java:43)
    	at java.lang.reflect.Method.invoke(Method.java:498)
    	at org.junit.runners.model.FrameworkMethod$1.runReflectiveCall(FrameworkMethod.java:50)
    	at org.junit.internal.runners.model.ReflectiveCallable.run(ReflectiveCallable.java:12)
    	at org.junit.runners.model.FrameworkMethod.invokeExplosively(FrameworkMethod.java:47)
    	at org.junit.internal.runners.statements.InvokeMethod.evaluate(InvokeMethod.java:17)
    	at org.junit.internal.runners.statements.FailOnTimeout$CallableStatement.call(FailOnTimeout.java:298)
    	at org.junit.internal.runners.statements.FailOnTimeout$CallableStatement.call(FailOnTimeout.java:292)
    	at java.util.concurrent.FutureTask.run(FutureTask.java:266)
    	at java.lang.Thread.run(Thread.java:745)
    Caused by: java.lang.ClassNotFoundException: game.ListGrid
    	at java.net.URLClassLoader.findClass(URLClassLoader.java:381)
    	at java.lang.ClassLoader.loadClass(ClassLoader.java:424)
    	at sun.misc.Launcher$AppClassLoader.loadClass(Launcher.java:331)
    	at java.lang.ClassLoader.loadClass(ClassLoader.java:357)
    	... 13 more

24) ListGrid equals with different sprites                                             .. failed
.. because game/ListGrid (details below):

    java.lang.NoClassDefFoundError: game/ListGrid
    	at tests.ListGridTest.testEqualsDifferentSprite(ListGridTest.java:488)
    	at sun.reflect.NativeMethodAccessorImpl.invoke0(Native Method)
    	at sun.reflect.NativeMethodAccessorImpl.invoke(NativeMethodAccessorImpl.java:62)
    	at sun.reflect.DelegatingMethodAccessorImpl.invoke(DelegatingMethodAccessorImpl.java:43)
    	at java.lang.reflect.Method.invoke(Method.java:498)
    	at org.junit.runners.model.FrameworkMethod$1.runReflectiveCall(FrameworkMethod.java:50)
    	at org.junit.internal.runners.model.ReflectiveCallable.run(ReflectiveCallable.java:12)
    	at org.junit.runners.model.FrameworkMethod.invokeExplosively(FrameworkMethod.java:47)
    	at org.junit.internal.runners.statements.InvokeMethod.evaluate(InvokeMethod.java:17)
    	at org.junit.internal.runners.statements.FailOnTimeout$CallableStatement.call(FailOnTimeout.java:298)
    	at org.junit.internal.runners.statements.FailOnTimeout$CallableStatement.call(FailOnTimeout.java:292)
    	at java.util.concurrent.FutureTask.run(FutureTask.java:266)
    	at java.lang.Thread.run(Thread.java:745)

25) ListGrid setCell dustball                                                          .. failed
.. because game/ListGrid (details below):

    java.lang.NoClassDefFoundError: game/ListGrid
    	at tests.ListGridTest.testSetCellDustBall(ListGridTest.java:211)
    	at sun.reflect.NativeMethodAccessorImpl.invoke0(Native Method)
    	at sun.reflect.NativeMethodAccessorImpl.invoke(NativeMethodAccessorImpl.java:62)
    	at sun.reflect.DelegatingMethodAccessorImpl.invoke(DelegatingMethodAccessorImpl.java:43)
    	at java.lang.reflect.Method.invoke(Method.java:498)
    	at org.junit.runners.model.FrameworkMethod$1.runReflectiveCall(FrameworkMethod.java:50)
    	at org.junit.internal.runners.model.ReflectiveCallable.run(ReflectiveCallable.java:12)
    	at org.junit.runners.model.FrameworkMethod.invokeExplosively(FrameworkMethod.java:47)
    	at org.junit.internal.runners.statements.InvokeMethod.evaluate(InvokeMethod.java:17)
    	at org.junit.internal.runners.statements.FailOnTimeout$CallableStatement.call(FailOnTimeout.java:298)
    	at org.junit.internal.runners.statements.FailOnTimeout$CallableStatement.call(FailOnTimeout.java:292)
    	at java.util.concurrent.FutureTask.run(FutureTask.java:266)
    	at java.lang.Thread.run(Thread.java:745)

26) ListGrid setCell vacant                                                            .. failed
.. because game/ListGrid (details below):

    java.lang.NoClassDefFoundError: game/ListGrid
    	at tests.ListGridTest.testSetCellVacant(ListGridTest.java:155)
    	at sun.reflect.NativeMethodAccessorImpl.invoke0(Native Method)
    	at sun.reflect.NativeMethodAccessorImpl.invoke(NativeMethodAccessorImpl.java:62)
    	at sun.reflect.DelegatingMethodAccessorImpl.invoke(DelegatingMethodAccessorImpl.java:43)
    	at java.lang.reflect.Method.invoke(Method.java:498)
    	at org.junit.runners.model.FrameworkMethod$1.runReflectiveCall(FrameworkMethod.java:50)
    	at org.junit.internal.runners.model.ReflectiveCallable.run(ReflectiveCallable.java:12)
    	at org.junit.runners.model.FrameworkMethod.invokeExplosively(FrameworkMethod.java:47)
    	at org.junit.internal.runners.statements.InvokeMethod.evaluate(InvokeMethod.java:17)
    	at org.junit.internal.runners.statements.FailOnTimeout$CallableStatement.call(FailOnTimeout.java:298)
    	at org.junit.internal.runners.statements.FailOnTimeout$CallableStatement.call(FailOnTimeout.java:292)
    	at java.util.concurrent.FutureTask.run(FutureTask.java:266)
    	at java.lang.Thread.run(Thread.java:745)

27) ListGrid getNumColumns                                                             .. failed
.. because game/ListGrid (details below):

    java.lang.NoClassDefFoundError: game/ListGrid
    	at tests.ListGridTest.testGetNumColsManyCols(ListGridTest.java:375)
    	at sun.reflect.NativeMethodAccessorImpl.invoke0(Native Method)
    	at sun.reflect.NativeMethodAccessorImpl.invoke(NativeMethodAccessorImpl.java:62)
    	at sun.reflect.DelegatingMethodAccessorImpl.invoke(DelegatingMethodAccessorImpl.java:43)
    	at java.lang.reflect.Method.invoke(Method.java:498)
    	at org.junit.runners.model.FrameworkMethod$1.runReflectiveCall(FrameworkMethod.java:50)
    	at org.junit.internal.runners.model.ReflectiveCallable.run(ReflectiveCallable.java:12)
    	at org.junit.runners.model.FrameworkMethod.invokeExplosively(FrameworkMethod.java:47)
    	at org.junit.internal.runners.statements.InvokeMethod.evaluate(InvokeMethod.java:17)
    	at org.junit.internal.runners.statements.FailOnTimeout$CallableStatement.call(FailOnTimeout.java:298)
    	at org.junit.internal.runners.statements.FailOnTimeout$CallableStatement.call(FailOnTimeout.java:292)
    	at java.util.concurrent.FutureTask.run(FutureTask.java:266)
    	at java.lang.Thread.run(Thread.java:745)

28) ListGrid setCell dirt                                                              .. failed
.. because game/ListGrid (details below):

    java.lang.NoClassDefFoundError: game/ListGrid
    	at tests.ListGridTest.testSetCellDust(ListGridTest.java:197)
    	at sun.reflect.NativeMethodAccessorImpl.invoke0(Native Method)
    	at sun.reflect.NativeMethodAccessorImpl.invoke(NativeMethodAccessorImpl.java:62)
    	at sun.reflect.DelegatingMethodAccessorImpl.invoke(DelegatingMethodAccessorImpl.java:43)
    	at java.lang.reflect.Method.invoke(Method.java:498)
    	at org.junit.runners.model.FrameworkMethod$1.runReflectiveCall(FrameworkMethod.java:50)
    	at org.junit.internal.runners.model.ReflectiveCallable.run(ReflectiveCallable.java:12)
    	at org.junit.runners.model.FrameworkMethod.invokeExplosively(FrameworkMethod.java:47)
    	at org.junit.internal.runners.statements.InvokeMethod.evaluate(InvokeMethod.java:17)
    	at org.junit.internal.runners.statements.FailOnTimeout$CallableStatement.call(FailOnTimeout.java:298)
    	at org.junit.internal.runners.statements.FailOnTimeout$CallableStatement.call(FailOnTimeout.java:292)
    	at java.util.concurrent.FutureTask.run(FutureTask.java:266)
    	at java.lang.Thread.run(Thread.java:745)

29) ListGrid setCell visited                                                           .. failed
.. because game/ListGrid (details below):

    java.lang.NoClassDefFoundError: game/ListGrid
    	at tests.ListGridTest.testSetCellVisited(ListGridTest.java:169)
    	at sun.reflect.NativeMethodAccessorImpl.invoke0(Native Method)
    	at sun.reflect.NativeMethodAccessorImpl.invoke(NativeMethodAccessorImpl.java:62)
    	at sun.reflect.DelegatingMethodAccessorImpl.invoke(DelegatingMethodAccessorImpl.java:43)
    	at java.lang.reflect.Method.invoke(Method.java:498)
    	at org.junit.runners.model.FrameworkMethod$1.runReflectiveCall(FrameworkMethod.java:50)
    	at org.junit.internal.runners.model.ReflectiveCallable.run(ReflectiveCallable.java:12)
    	at org.junit.runners.model.FrameworkMethod.invokeExplosively(FrameworkMethod.java:47)
    	at org.junit.internal.runners.statements.InvokeMethod.evaluate(InvokeMethod.java:17)
    	at org.junit.internal.runners.statements.FailOnTimeout$CallableStatement.call(FailOnTimeout.java:298)
    	at org.junit.internal.runners.statements.FailOnTimeout$CallableStatement.call(FailOnTimeout.java:292)
    	at java.util.concurrent.FutureTask.run(FutureTask.java:266)
    	at java.lang.Thread.run(Thread.java:745)

30) ListGrid getNumRows                                                                .. failed
.. because game/ListGrid (details below):

    java.lang.NoClassDefFoundError: game/ListGrid
    	at tests.ListGridTest.testGetNumRows(ListGridTest.java:326)
    	at sun.reflect.NativeMethodAccessorImpl.invoke0(Native Method)
    	at sun.reflect.NativeMethodAccessorImpl.invoke(NativeMethodAccessorImpl.java:62)
    	at sun.reflect.DelegatingMethodAccessorImpl.invoke(DelegatingMethodAccessorImpl.java:43)
    	at java.lang.reflect.Method.invoke(Method.java:498)
    	at org.junit.runners.model.FrameworkMethod$1.runReflectiveCall(FrameworkMethod.java:50)
    	at org.junit.internal.runners.model.ReflectiveCallable.run(ReflectiveCallable.java:12)
    	at org.junit.runners.model.FrameworkMethod.invokeExplosively(FrameworkMethod.java:47)
    	at org.junit.internal.runners.statements.InvokeMethod.evaluate(InvokeMethod.java:17)
    	at org.junit.internal.runners.statements.FailOnTimeout$CallableStatement.call(FailOnTimeout.java:298)
    	at org.junit.internal.runners.statements.FailOnTimeout$CallableStatement.call(FailOnTimeout.java:292)
    	at java.util.concurrent.FutureTask.run(FutureTask.java:266)
    	at java.lang.Thread.run(Thread.java:745)

31) ListGrid getNumRows signature                                                      .. failed
.. because game/ListGrid (details below):

    java.lang.NoClassDefFoundError: game/ListGrid
    	at tests.ListGridTest.testReflectionMethodGetNumRows(ListGridTest.java:88)
    	at sun.reflect.NativeMethodAccessorImpl.invoke0(Native Method)
    	at sun.reflect.NativeMethodAccessorImpl.invoke(NativeMethodAccessorImpl.java:62)
    	at sun.reflect.DelegatingMethodAccessorImpl.invoke(DelegatingMethodAccessorImpl.java:43)
    	at java.lang.reflect.Method.invoke(Method.java:498)
    	at org.junit.runners.model.FrameworkMethod$1.runReflectiveCall(FrameworkMethod.java:50)
    	at org.junit.internal.runners.model.ReflectiveCallable.run(ReflectiveCallable.java:12)
    	at org.junit.runners.model.FrameworkMethod.invokeExplosively(FrameworkMethod.java:47)
    	at org.junit.internal.runners.statements.InvokeMethod.evaluate(InvokeMethod.java:17)
    	at org.junit.internal.runners.statements.FailOnTimeout$CallableStatement.call(FailOnTimeout.java:298)
    	at org.junit.internal.runners.statements.FailOnTimeout$CallableStatement.call(FailOnTimeout.java:292)
    	at java.util.concurrent.FutureTask.run(FutureTask.java:266)
    	at java.lang.Thread.run(Thread.java:745)

32) ListGrid equals same                                                               .. failed
.. because game/ListGrid (details below):

    java.lang.NoClassDefFoundError: game/ListGrid
    	at tests.ListGridTest.testEqualsIdentical(ListGridTest.java:405)
    	at sun.reflect.NativeMethodAccessorImpl.invoke0(Native Method)
    	at sun.reflect.NativeMethodAccessorImpl.invoke(NativeMethodAccessorImpl.java:62)
    	at sun.reflect.DelegatingMethodAccessorImpl.invoke(DelegatingMethodAccessorImpl.java:43)
    	at java.lang.reflect.Method.invoke(Method.java:498)
    	at org.junit.runners.model.FrameworkMethod$1.runReflectiveCall(FrameworkMethod.java:50)
    	at org.junit.internal.runners.model.ReflectiveCallable.run(ReflectiveCallable.java:12)
    	at org.junit.runners.model.FrameworkMethod.invokeExplosively(FrameworkMethod.java:47)
    	at org.junit.internal.runners.statements.InvokeMethod.evaluate(InvokeMethod.java:17)
    	at org.junit.internal.runners.statements.FailOnTimeout$CallableStatement.call(FailOnTimeout.java:298)
    	at org.junit.internal.runners.statements.FailOnTimeout$CallableStatement.call(FailOnTimeout.java:292)
    	at java.util.concurrent.FutureTask.run(FutureTask.java:266)
    	at java.lang.Thread.run(Thread.java:745)

33) ListGrid setCell signature                                                         .. failed
.. because game/ListGrid (details below):

    java.lang.NoClassDefFoundError: game/ListGrid
    	at tests.ListGridTest.testReflectionMethodSetCell(ListGridTest.java:58)
    	at sun.reflect.NativeMethodAccessorImpl.invoke0(Native Method)
    	at sun.reflect.NativeMethodAccessorImpl.invoke(NativeMethodAccessorImpl.java:62)
    	at sun.reflect.DelegatingMethodAccessorImpl.invoke(DelegatingMethodAccessorImpl.java:43)
    	at java.lang.reflect.Method.invoke(Method.java:498)
    	at org.junit.runners.model.FrameworkMethod$1.runReflectiveCall(FrameworkMethod.java:50)
    	at org.junit.internal.runners.model.ReflectiveCallable.run(ReflectiveCallable.java:12)
    	at org.junit.runners.model.FrameworkMethod.invokeExplosively(FrameworkMethod.java:47)
    	at org.junit.internal.runners.statements.InvokeMethod.evaluate(InvokeMethod.java:17)
    	at org.junit.internal.runners.statements.FailOnTimeout$CallableStatement.call(FailOnTimeout.java:298)
    	at org.junit.internal.runners.statements.FailOnTimeout$CallableStatement.call(FailOnTimeout.java:292)
    	at java.util.concurrent.FutureTask.run(FutureTask.java:266)
    	at java.lang.Thread.run(Thread.java:745)

34) ListGrid getNumColumns signature                                                   .. failed
.. because game/ListGrid (details below):

    java.lang.NoClassDefFoundError: game/ListGrid
    	at tests.ListGridTest.testReflectionMethodGetNumCols(ListGridTest.java:102)
    	at sun.reflect.NativeMethodAccessorImpl.invoke0(Native Method)
    	at sun.reflect.NativeMethodAccessorImpl.invoke(NativeMethodAccessorImpl.java:62)
    	at sun.reflect.DelegatingMethodAccessorImpl.invoke(DelegatingMethodAccessorImpl.java:43)
    	at java.lang.reflect.Method.invoke(Method.java:498)
    	at org.junit.runners.model.FrameworkMethod$1.runReflectiveCall(FrameworkMethod.java:50)
    	at org.junit.internal.runners.model.ReflectiveCallable.run(ReflectiveCallable.java:12)
    	at org.junit.runners.model.FrameworkMethod.invokeExplosively(FrameworkMethod.java:47)
    	at org.junit.internal.runners.statements.InvokeMethod.evaluate(InvokeMethod.java:17)
    	at org.junit.internal.runners.statements.FailOnTimeout$CallableStatement.call(FailOnTimeout.java:298)
    	at org.junit.internal.runners.statements.FailOnTimeout$CallableStatement.call(FailOnTimeout.java:292)
    	at java.util.concurrent.FutureTask.run(FutureTask.java:266)
    	at java.lang.Thread.run(Thread.java:745)



Tests for tests.MapGridTest (0/34 passed)
--

1) MapGrid setCell V1                                                                 .. failed
.. because game/MapGrid (details below):

    java.lang.NoClassDefFoundError: game/MapGrid
    	at tests.MapGridTest.testSetCellVacuumOne(MapGridTest.java:228)
    	at sun.reflect.NativeMethodAccessorImpl.invoke0(Native Method)
    	at sun.reflect.NativeMethodAccessorImpl.invoke(NativeMethodAccessorImpl.java:62)
    	at sun.reflect.DelegatingMethodAccessorImpl.invoke(DelegatingMethodAccessorImpl.java:43)
    	at java.lang.reflect.Method.invoke(Method.java:498)
    	at org.junit.runners.model.FrameworkMethod$1.runReflectiveCall(FrameworkMethod.java:50)
    	at org.junit.internal.runners.model.ReflectiveCallable.run(ReflectiveCallable.java:12)
    	at org.junit.runners.model.FrameworkMethod.invokeExplosively(FrameworkMethod.java:47)
    	at org.junit.internal.runners.statements.InvokeMethod.evaluate(InvokeMethod.java:17)
    	at org.junit.internal.runners.statements.FailOnTimeout$CallableStatement.call(FailOnTimeout.java:298)
    	at org.junit.internal.runners.statements.FailOnTimeout$CallableStatement.call(FailOnTimeout.java:292)
    	at java.util.concurrent.FutureTask.run(FutureTask.java:266)
    	at java.lang.Thread.run(Thread.java:745)

2) MapGrid setCell visited                                                            .. failed
.. because game/MapGrid (details below):

    java.lang.NoClassDefFoundError: game/MapGrid
    	at tests.MapGridTest.testSetCellVisited(MapGridTest.java:172)
    	at sun.reflect.NativeMethodAccessorImpl.invoke0(Native Method)
    	at sun.reflect.NativeMethodAccessorImpl.invoke(NativeMethodAccessorImpl.java:62)
    	at sun.reflect.DelegatingMethodAccessorImpl.invoke(DelegatingMethodAccessorImpl.java:43)
    	at java.lang.reflect.Method.invoke(Method.java:498)
    	at org.junit.runners.model.FrameworkMethod$1.runReflectiveCall(FrameworkMethod.java:50)
    	at org.junit.internal.runners.model.ReflectiveCallable.run(ReflectiveCallable.java:12)
    	at org.junit.runners.model.FrameworkMethod.invokeExplosively(FrameworkMethod.java:47)
    	at org.junit.internal.runners.statements.InvokeMethod.evaluate(InvokeMethod.java:17)
    	at org.junit.internal.runners.statements.FailOnTimeout$CallableStatement.call(FailOnTimeout.java:298)
    	at org.junit.internal.runners.statements.FailOnTimeout$CallableStatement.call(FailOnTimeout.java:292)
    	at java.util.concurrent.FutureTask.run(FutureTask.java:266)
    	at java.lang.Thread.run(Thread.java:745)

3) MapGrid setCell wall                                                               .. failed
.. because game/MapGrid (details below):

    java.lang.NoClassDefFoundError: game/MapGrid
    	at tests.MapGridTest.testSetCellWall(MapGridTest.java:186)
    	at sun.reflect.NativeMethodAccessorImpl.invoke0(Native Method)
    	at sun.reflect.NativeMethodAccessorImpl.invoke(NativeMethodAccessorImpl.java:62)
    	at sun.reflect.DelegatingMethodAccessorImpl.invoke(DelegatingMethodAccessorImpl.java:43)
    	at java.lang.reflect.Method.invoke(Method.java:498)
    	at org.junit.runners.model.FrameworkMethod$1.runReflectiveCall(FrameworkMethod.java:50)
    	at org.junit.internal.runners.model.ReflectiveCallable.run(ReflectiveCallable.java:12)
    	at org.junit.runners.model.FrameworkMethod.invokeExplosively(FrameworkMethod.java:47)
    	at org.junit.internal.runners.statements.InvokeMethod.evaluate(InvokeMethod.java:17)
    	at org.junit.internal.runners.statements.FailOnTimeout$CallableStatement.call(FailOnTimeout.java:298)
    	at org.junit.internal.runners.statements.FailOnTimeout$CallableStatement.call(FailOnTimeout.java:292)
    	at java.util.concurrent.FutureTask.run(FutureTask.java:266)
    	at java.lang.Thread.run(Thread.java:745)

4) MapGrid does not override equals                                                   .. failed
.. because game/MapGrid (details below):

    java.lang.NoClassDefFoundError: game/MapGrid
    	at tests.MapGridTest.testReflectionMethodToString(MapGridTest.java:132)
    	at sun.reflect.NativeMethodAccessorImpl.invoke0(Native Method)
    	at sun.reflect.NativeMethodAccessorImpl.invoke(NativeMethodAccessorImpl.java:62)
    	at sun.reflect.DelegatingMethodAccessorImpl.invoke(DelegatingMethodAccessorImpl.java:43)
    	at java.lang.reflect.Method.invoke(Method.java:498)
    	at org.junit.runners.model.FrameworkMethod$1.runReflectiveCall(FrameworkMethod.java:50)
    	at org.junit.internal.runners.model.ReflectiveCallable.run(ReflectiveCallable.java:12)
    	at org.junit.runners.model.FrameworkMethod.invokeExplosively(FrameworkMethod.java:47)
    	at org.junit.internal.runners.statements.InvokeMethod.evaluate(InvokeMethod.java:17)
    	at org.junit.internal.runners.statements.FailOnTimeout$CallableStatement.call(FailOnTimeout.java:298)
    	at org.junit.internal.runners.statements.FailOnTimeout$CallableStatement.call(FailOnTimeout.java:292)
    	at java.util.concurrent.FutureTask.run(FutureTask.java:266)
    	at java.lang.Thread.run(Thread.java:745)

5) MapGrid variable                                                                   .. failed
.. because game/MapGrid (details below):

    java.lang.NoClassDefFoundError: game/MapGrid
    	at tests.MapGridTest.testReflectionVariable(MapGridTest.java:42)
    	at sun.reflect.NativeMethodAccessorImpl.invoke0(Native Method)
    	at sun.reflect.NativeMethodAccessorImpl.invoke(NativeMethodAccessorImpl.java:62)
    	at sun.reflect.DelegatingMethodAccessorImpl.invoke(DelegatingMethodAccessorImpl.java:43)
    	at java.lang.reflect.Method.invoke(Method.java:498)
    	at org.junit.runners.model.FrameworkMethod$1.runReflectiveCall(FrameworkMethod.java:50)
    	at org.junit.internal.runners.model.ReflectiveCallable.run(ReflectiveCallable.java:12)
    	at org.junit.runners.model.FrameworkMethod.invokeExplosively(FrameworkMethod.java:47)
    	at org.junit.internal.runners.statements.InvokeMethod.evaluate(InvokeMethod.java:17)
    	at org.junit.internal.runners.statements.FailOnTimeout$CallableStatement.call(FailOnTimeout.java:298)
    	at org.junit.internal.runners.statements.FailOnTimeout$CallableStatement.call(FailOnTimeout.java:292)
    	at java.util.concurrent.FutureTask.run(FutureTask.java:266)
    	at java.lang.Thread.run(Thread.java:745)

6) MapGrid setCell dirt                                                               .. failed
.. because game/MapGrid (details below):

    java.lang.NoClassDefFoundError: game/MapGrid
    	at tests.MapGridTest.testSetCellDust(MapGridTest.java:200)
    	at sun.reflect.NativeMethodAccessorImpl.invoke0(Native Method)
    	at sun.reflect.NativeMethodAccessorImpl.invoke(NativeMethodAccessorImpl.java:62)
    	at sun.reflect.DelegatingMethodAccessorImpl.invoke(DelegatingMethodAccessorImpl.java:43)
    	at java.lang.reflect.Method.invoke(Method.java:498)
    	at org.junit.runners.model.FrameworkMethod$1.runReflectiveCall(FrameworkMethod.java:50)
    	at org.junit.internal.runners.model.ReflectiveCallable.run(ReflectiveCallable.java:12)
    	at org.junit.runners.model.FrameworkMethod.invokeExplosively(FrameworkMethod.java:47)
    	at org.junit.internal.runners.statements.InvokeMethod.evaluate(InvokeMethod.java:17)
    	at org.junit.internal.runners.statements.FailOnTimeout$CallableStatement.call(FailOnTimeout.java:298)
    	at org.junit.internal.runners.statements.FailOnTimeout$CallableStatement.call(FailOnTimeout.java:292)
    	at java.util.concurrent.FutureTask.run(FutureTask.java:266)
    	at java.lang.Thread.run(Thread.java:745)

7) MapGrid equals same                                                                .. failed
.. because game/MapGrid (details below):

    java.lang.NoClassDefFoundError: game/MapGrid
    	at tests.MapGridTest.testEqualsIdentical(MapGridTest.java:408)
    	at sun.reflect.NativeMethodAccessorImpl.invoke0(Native Method)
    	at sun.reflect.NativeMethodAccessorImpl.invoke(NativeMethodAccessorImpl.java:62)
    	at sun.reflect.DelegatingMethodAccessorImpl.invoke(DelegatingMethodAccessorImpl.java:43)
    	at java.lang.reflect.Method.invoke(Method.java:498)
    	at org.junit.runners.model.FrameworkMethod$1.runReflectiveCall(FrameworkMethod.java:50)
    	at org.junit.internal.runners.model.ReflectiveCallable.run(ReflectiveCallable.java:12)
    	at org.junit.runners.model.FrameworkMethod.invokeExplosively(FrameworkMethod.java:47)
    	at org.junit.internal.runners.statements.InvokeMethod.evaluate(InvokeMethod.java:17)
    	at org.junit.internal.runners.statements.FailOnTimeout$CallableStatement.call(FailOnTimeout.java:298)
    	at org.junit.internal.runners.statements.FailOnTimeout$CallableStatement.call(FailOnTimeout.java:292)
    	at java.util.concurrent.FutureTask.run(FutureTask.java:266)
    	at java.lang.Thread.run(Thread.java:745)

8) MapGrid getNumRows                                                                 .. failed
.. because game/MapGrid (details below):

    java.lang.NoClassDefFoundError: game/MapGrid
    	at tests.MapGridTest.testGetNumRowsManyRows(MapGridTest.java:349)
    	at sun.reflect.NativeMethodAccessorImpl.invoke0(Native Method)
    	at sun.reflect.NativeMethodAccessorImpl.invoke(NativeMethodAccessorImpl.java:62)
    	at sun.reflect.DelegatingMethodAccessorImpl.invoke(DelegatingMethodAccessorImpl.java:43)
    	at java.lang.reflect.Method.invoke(Method.java:498)
    	at org.junit.runners.model.FrameworkMethod$1.runReflectiveCall(FrameworkMethod.java:50)
    	at org.junit.internal.runners.model.ReflectiveCallable.run(ReflectiveCallable.java:12)
    	at org.junit.runners.model.FrameworkMethod.invokeExplosively(FrameworkMethod.java:47)
    	at org.junit.internal.runners.statements.InvokeMethod.evaluate(InvokeMethod.java:17)
    	at org.junit.internal.runners.statements.FailOnTimeout$CallableStatement.call(FailOnTimeout.java:298)
    	at org.junit.internal.runners.statements.FailOnTimeout$CallableStatement.call(FailOnTimeout.java:292)
    	at java.util.concurrent.FutureTask.run(FutureTask.java:266)
    	at java.lang.Thread.run(Thread.java:745)

9) MapGrid getNumRows                                                                 .. failed
.. because game/MapGrid (details below):

    java.lang.NoClassDefFoundError: game/MapGrid
    	at tests.MapGridTest.testGetNumRows(MapGridTest.java:329)
    	at sun.reflect.NativeMethodAccessorImpl.invoke0(Native Method)
    	at sun.reflect.NativeMethodAccessorImpl.invoke(NativeMethodAccessorImpl.java:62)
    	at sun.reflect.DelegatingMethodAccessorImpl.invoke(DelegatingMethodAccessorImpl.java:43)
    	at java.lang.reflect.Method.invoke(Method.java:498)
    	at org.junit.runners.model.FrameworkMethod$1.runReflectiveCall(FrameworkMethod.java:50)
    	at org.junit.internal.runners.model.ReflectiveCallable.run(ReflectiveCallable.java:12)
    	at org.junit.runners.model.FrameworkMethod.invokeExplosively(FrameworkMethod.java:47)
    	at org.junit.internal.runners.statements.InvokeMethod.evaluate(InvokeMethod.java:17)
    	at org.junit.internal.runners.statements.FailOnTimeout$CallableStatement.call(FailOnTimeout.java:298)
    	at org.junit.internal.runners.statements.FailOnTimeout$CallableStatement.call(FailOnTimeout.java:292)
    	at java.util.concurrent.FutureTask.run(FutureTask.java:266)
    	at java.lang.Thread.run(Thread.java:745)

10) MapGrid equals with similar dimensions                                             .. failed
.. because game/MapGrid (details below):

    java.lang.NoClassDefFoundError: game/MapGrid
    	at tests.MapGridTest.testEqualsSimilarSprites(MapGridTest.java:547)
    	at sun.reflect.NativeMethodAccessorImpl.invoke0(Native Method)
    	at sun.reflect.NativeMethodAccessorImpl.invoke(NativeMethodAccessorImpl.java:62)
    	at sun.reflect.DelegatingMethodAccessorImpl.invoke(DelegatingMethodAccessorImpl.java:43)
    	at java.lang.reflect.Method.invoke(Method.java:498)
    	at org.junit.runners.model.FrameworkMethod$1.runReflectiveCall(FrameworkMethod.java:50)
    	at org.junit.internal.runners.model.ReflectiveCallable.run(ReflectiveCallable.java:12)
    	at org.junit.runners.model.FrameworkMethod.invokeExplosively(FrameworkMethod.java:47)
    	at org.junit.internal.runners.statements.InvokeMethod.evaluate(InvokeMethod.java:17)
    	at org.junit.internal.runners.statements.FailOnTimeout$CallableStatement.call(FailOnTimeout.java:298)
    	at org.junit.internal.runners.statements.FailOnTimeout$CallableStatement.call(FailOnTimeout.java:292)
    	at java.util.concurrent.FutureTask.run(FutureTask.java:266)
    	at java.lang.Thread.run(Thread.java:745)
    Caused by: java.lang.ClassNotFoundException: game.MapGrid
    	at java.net.URLClassLoader.findClass(URLClassLoader.java:381)
    	at java.lang.ClassLoader.loadClass(ClassLoader.java:424)
    	at sun.misc.Launcher$AppClassLoader.loadClass(Launcher.java:331)
    	at java.lang.ClassLoader.loadClass(ClassLoader.java:357)
    	... 13 more

11) MapGrid toString with all sprites                                                  .. failed
.. because game/MapGrid (details below):

    java.lang.NoClassDefFoundError: game/MapGrid
    	at tests.MapGridTest.testToStringAllSprites(MapGridTest.java:620)
    	at sun.reflect.NativeMethodAccessorImpl.invoke0(Native Method)
    	at sun.reflect.NativeMethodAccessorImpl.invoke(NativeMethodAccessorImpl.java:62)
    	at sun.reflect.DelegatingMethodAccessorImpl.invoke(DelegatingMethodAccessorImpl.java:43)
    	at java.lang.reflect.Method.invoke(Method.java:498)
    	at org.junit.runners.model.FrameworkMethod$1.runReflectiveCall(FrameworkMethod.java:50)
    	at org.junit.internal.runners.model.ReflectiveCallable.run(ReflectiveCallable.java:12)
    	at org.junit.runners.model.FrameworkMethod.invokeExplosively(FrameworkMethod.java:47)
    	at org.junit.internal.runners.statements.InvokeMethod.evaluate(InvokeMethod.java:17)
    	at org.junit.internal.runners.statements.FailOnTimeout$CallableStatement.call(FailOnTimeout.java:298)
    	at org.junit.internal.runners.statements.FailOnTimeout$CallableStatement.call(FailOnTimeout.java:292)
    	at java.util.concurrent.FutureTask.run(FutureTask.java:266)
    	at java.lang.Thread.run(Thread.java:745)

12) MapGrid setCell V2                                                                 .. failed
.. because game/MapGrid (details below):

    java.lang.NoClassDefFoundError: game/MapGrid
    	at tests.MapGridTest.testSetCellMultipleCellsVacantPlayerOne(MapGridTest.java:281)
    	at sun.reflect.NativeMethodAccessorImpl.invoke0(Native Method)
    	at sun.reflect.NativeMethodAccessorImpl.invoke(NativeMethodAccessorImpl.java:62)
    	at sun.reflect.DelegatingMethodAccessorImpl.invoke(DelegatingMethodAccessorImpl.java:43)
    	at java.lang.reflect.Method.invoke(Method.java:498)
    	at org.junit.runners.model.FrameworkMethod$1.runReflectiveCall(FrameworkMethod.java:50)
    	at org.junit.internal.runners.model.ReflectiveCallable.run(ReflectiveCallable.java:12)
    	at org.junit.runners.model.FrameworkMethod.invokeExplosively(FrameworkMethod.java:47)
    	at org.junit.internal.runners.statements.InvokeMethod.evaluate(InvokeMethod.java:17)
    	at org.junit.internal.runners.statements.FailOnTimeout$CallableStatement.call(FailOnTimeout.java:298)
    	at org.junit.internal.runners.statements.FailOnTimeout$CallableStatement.call(FailOnTimeout.java:292)
    	at java.util.concurrent.FutureTask.run(FutureTask.java:266)
    	at java.lang.Thread.run(Thread.java:745)

13) MapGrid getNumRows                                                                 .. failed
.. because game/MapGrid (details below):

    java.lang.NoClassDefFoundError: game/MapGrid
    	at tests.MapGridTest.testGetNumRowsFewRows(MapGridTest.java:339)
    	at sun.reflect.NativeMethodAccessorImpl.invoke0(Native Method)
    	at sun.reflect.NativeMethodAccessorImpl.invoke(NativeMethodAccessorImpl.java:62)
    	at sun.reflect.DelegatingMethodAccessorImpl.invoke(DelegatingMethodAccessorImpl.java:43)
    	at java.lang.reflect.Method.invoke(Method.java:498)
    	at org.junit.runners.model.FrameworkMethod$1.runReflectiveCall(FrameworkMethod.java:50)
    	at org.junit.internal.runners.model.ReflectiveCallable.run(ReflectiveCallable.java:12)
    	at org.junit.runners.model.FrameworkMethod.invokeExplosively(FrameworkMethod.java:47)
    	at org.junit.internal.runners.statements.InvokeMethod.evaluate(InvokeMethod.java:17)
    	at org.junit.internal.runners.statements.FailOnTimeout$CallableStatement.call(FailOnTimeout.java:298)
    	at org.junit.internal.runners.statements.FailOnTimeout$CallableStatement.call(FailOnTimeout.java:292)
    	at java.util.concurrent.FutureTask.run(FutureTask.java:266)
    	at java.lang.Thread.run(Thread.java:745)

14) MapGrid toString with all walls                                                    .. failed
.. because game/MapGrid (details below):

    java.lang.NoClassDefFoundError: game/MapGrid
    	at tests.MapGridTest.testToStringAllWalls(MapGridTest.java:578)
    	at sun.reflect.NativeMethodAccessorImpl.invoke0(Native Method)
    	at sun.reflect.NativeMethodAccessorImpl.invoke(NativeMethodAccessorImpl.java:62)
    	at sun.reflect.DelegatingMethodAccessorImpl.invoke(DelegatingMethodAccessorImpl.java:43)
    	at java.lang.reflect.Method.invoke(Method.java:498)
    	at org.junit.runners.model.FrameworkMethod$1.runReflectiveCall(FrameworkMethod.java:50)
    	at org.junit.internal.runners.model.ReflectiveCallable.run(ReflectiveCallable.java:12)
    	at org.junit.runners.model.FrameworkMethod.invokeExplosively(FrameworkMethod.java:47)
    	at org.junit.internal.runners.statements.InvokeMethod.evaluate(InvokeMethod.java:17)
    	at org.junit.internal.runners.statements.FailOnTimeout$CallableStatement.call(FailOnTimeout.java:298)
    	at org.junit.internal.runners.statements.FailOnTimeout$CallableStatement.call(FailOnTimeout.java:292)
    	at java.util.concurrent.FutureTask.run(FutureTask.java:266)
    	at java.lang.Thread.run(Thread.java:745)

15) MapGrid setCell dustball                                                           .. failed
.. because game/MapGrid (details below):

    java.lang.NoClassDefFoundError: game/MapGrid
    	at tests.MapGridTest.testSetCellDustBall(MapGridTest.java:214)
    	at sun.reflect.NativeMethodAccessorImpl.invoke0(Native Method)
    	at sun.reflect.NativeMethodAccessorImpl.invoke(NativeMethodAccessorImpl.java:62)
    	at sun.reflect.DelegatingMethodAccessorImpl.invoke(DelegatingMethodAccessorImpl.java:43)
    	at java.lang.reflect.Method.invoke(Method.java:498)
    	at org.junit.runners.model.FrameworkMethod$1.runReflectiveCall(FrameworkMethod.java:50)
    	at org.junit.internal.runners.model.ReflectiveCallable.run(ReflectiveCallable.java:12)
    	at org.junit.runners.model.FrameworkMethod.invokeExplosively(FrameworkMethod.java:47)
    	at org.junit.internal.runners.statements.InvokeMethod.evaluate(InvokeMethod.java:17)
    	at org.junit.internal.runners.statements.FailOnTimeout$CallableStatement.call(FailOnTimeout.java:298)
    	at org.junit.internal.runners.statements.FailOnTimeout$CallableStatement.call(FailOnTimeout.java:292)
    	at java.util.concurrent.FutureTask.run(FutureTask.java:266)
    	at java.lang.Thread.run(Thread.java:745)

16) MapGrid getNumColumns                                                              .. failed
.. because game/MapGrid (details below):

    java.lang.NoClassDefFoundError: game/MapGrid
    	at tests.MapGridTest.testGetNumCols(MapGridTest.java:359)
    	at sun.reflect.NativeMethodAccessorImpl.invoke0(Native Method)
    	at sun.reflect.NativeMethodAccessorImpl.invoke(NativeMethodAccessorImpl.java:62)
    	at sun.reflect.DelegatingMethodAccessorImpl.invoke(DelegatingMethodAccessorImpl.java:43)
    	at java.lang.reflect.Method.invoke(Method.java:498)
    	at org.junit.runners.model.FrameworkMethod$1.runReflectiveCall(FrameworkMethod.java:50)
    	at org.junit.internal.runners.model.ReflectiveCallable.run(ReflectiveCallable.java:12)
    	at org.junit.runners.model.FrameworkMethod.invokeExplosively(FrameworkMethod.java:47)
    	at org.junit.internal.runners.statements.InvokeMethod.evaluate(InvokeMethod.java:17)
    	at org.junit.internal.runners.statements.FailOnTimeout$CallableStatement.call(FailOnTimeout.java:298)
    	at org.junit.internal.runners.statements.FailOnTimeout$CallableStatement.call(FailOnTimeout.java:292)
    	at java.util.concurrent.FutureTask.run(FutureTask.java:266)
    	at java.lang.Thread.run(Thread.java:745)

17) MapGrid equals with different swapped sprites                                      .. failed
.. because game/MapGrid (details below):

    java.lang.NoClassDefFoundError: game/MapGrid
    	at tests.MapGridTest.testEqualsSwappedSprites(MapGridTest.java:519)
    	at sun.reflect.NativeMethodAccessorImpl.invoke0(Native Method)
    	at sun.reflect.NativeMethodAccessorImpl.invoke(NativeMethodAccessorImpl.java:62)
    	at sun.reflect.DelegatingMethodAccessorImpl.invoke(DelegatingMethodAccessorImpl.java:43)
    	at java.lang.reflect.Method.invoke(Method.java:498)
    	at org.junit.runners.model.FrameworkMethod$1.runReflectiveCall(FrameworkMethod.java:50)
    	at org.junit.internal.runners.model.ReflectiveCallable.run(ReflectiveCallable.java:12)
    	at org.junit.runners.model.FrameworkMethod.invokeExplosively(FrameworkMethod.java:47)
    	at org.junit.internal.runners.statements.InvokeMethod.evaluate(InvokeMethod.java:17)
    	at org.junit.internal.runners.statements.FailOnTimeout$CallableStatement.call(FailOnTimeout.java:298)
    	at org.junit.internal.runners.statements.FailOnTimeout$CallableStatement.call(FailOnTimeout.java:292)
    	at java.util.concurrent.FutureTask.run(FutureTask.java:266)
    	at java.lang.Thread.run(Thread.java:745)

18) MapGrid getNumColumns                                                              .. failed
.. because game/MapGrid (details below):

    java.lang.NoClassDefFoundError: game/MapGrid
    	at tests.MapGridTest.testGetNumColsManyCols(MapGridTest.java:378)
    	at sun.reflect.NativeMethodAccessorImpl.invoke0(Native Method)
    	at sun.reflect.NativeMethodAccessorImpl.invoke(NativeMethodAccessorImpl.java:62)
    	at sun.reflect.DelegatingMethodAccessorImpl.invoke(DelegatingMethodAccessorImpl.java:43)
    	at java.lang.reflect.Method.invoke(Method.java:498)
    	at org.junit.runners.model.FrameworkMethod$1.runReflectiveCall(FrameworkMethod.java:50)
    	at org.junit.internal.runners.model.ReflectiveCallable.run(ReflectiveCallable.java:12)
    	at org.junit.runners.model.FrameworkMethod.invokeExplosively(FrameworkMethod.java:47)
    	at org.junit.internal.runners.statements.InvokeMethod.evaluate(InvokeMethod.java:17)
    	at org.junit.internal.runners.statements.FailOnTimeout$CallableStatement.call(FailOnTimeout.java:298)
    	at org.junit.internal.runners.statements.FailOnTimeout$CallableStatement.call(FailOnTimeout.java:292)
    	at java.util.concurrent.FutureTask.run(FutureTask.java:266)
    	at java.lang.Thread.run(Thread.java:745)

19) MapGrid getCell signature                                                          .. failed
.. because game/MapGrid (details below):

    java.lang.NoClassDefFoundError: game/MapGrid
    	at tests.MapGridTest.testReflectionMethodGetCell(MapGridTest.java:76)
    	at sun.reflect.NativeMethodAccessorImpl.invoke0(Native Method)
    	at sun.reflect.NativeMethodAccessorImpl.invoke(NativeMethodAccessorImpl.java:62)
    	at sun.reflect.DelegatingMethodAccessorImpl.invoke(DelegatingMethodAccessorImpl.java:43)
    	at java.lang.reflect.Method.invoke(Method.java:498)
    	at org.junit.runners.model.FrameworkMethod$1.runReflectiveCall(FrameworkMethod.java:50)
    	at org.junit.internal.runners.model.ReflectiveCallable.run(ReflectiveCallable.java:12)
    	at org.junit.runners.model.FrameworkMethod.invokeExplosively(FrameworkMethod.java:47)
    	at org.junit.internal.runners.statements.InvokeMethod.evaluate(InvokeMethod.java:17)
    	at org.junit.internal.runners.statements.FailOnTimeout$CallableStatement.call(FailOnTimeout.java:298)
    	at org.junit.internal.runners.statements.FailOnTimeout$CallableStatement.call(FailOnTimeout.java:292)
    	at java.util.concurrent.FutureTask.run(FutureTask.java:266)
    	at java.lang.Thread.run(Thread.java:745)

20) MapGrid equals with different dimensions                                           .. failed
.. because game/MapGrid (details below):

    java.lang.NoClassDefFoundError: game/MapGrid
    	at tests.MapGridTest.testEqualsDifferentDimensions(MapGridTest.java:467)
    	at sun.reflect.NativeMethodAccessorImpl.invoke0(Native Method)
    	at sun.reflect.NativeMethodAccessorImpl.invoke(NativeMethodAccessorImpl.java:62)
    	at sun.reflect.DelegatingMethodAccessorImpl.invoke(DelegatingMethodAccessorImpl.java:43)
    	at java.lang.reflect.Method.invoke(Method.java:498)
    	at org.junit.runners.model.FrameworkMethod$1.runReflectiveCall(FrameworkMethod.java:50)
    	at org.junit.internal.runners.model.ReflectiveCallable.run(ReflectiveCallable.java:12)
    	at org.junit.runners.model.FrameworkMethod.invokeExplosively(FrameworkMethod.java:47)
    	at org.junit.internal.runners.statements.InvokeMethod.evaluate(InvokeMethod.java:17)
    	at org.junit.internal.runners.statements.FailOnTimeout$CallableStatement.call(FailOnTimeout.java:298)
    	at org.junit.internal.runners.statements.FailOnTimeout$CallableStatement.call(FailOnTimeout.java:292)
    	at java.util.concurrent.FutureTask.run(FutureTask.java:266)
    	at java.lang.Thread.run(Thread.java:745)

21) MapGrid getNumColumns signature                                                    .. failed
.. because game/MapGrid (details below):

    java.lang.NoClassDefFoundError: game/MapGrid
    	at tests.MapGridTest.testReflectionMethodGetNumCols(MapGridTest.java:105)
    	at sun.reflect.NativeMethodAccessorImpl.invoke0(Native Method)
    	at sun.reflect.NativeMethodAccessorImpl.invoke(NativeMethodAccessorImpl.java:62)
    	at sun.reflect.DelegatingMethodAccessorImpl.invoke(DelegatingMethodAccessorImpl.java:43)
    	at java.lang.reflect.Method.invoke(Method.java:498)
    	at org.junit.runners.model.FrameworkMethod$1.runReflectiveCall(FrameworkMethod.java:50)
    	at org.junit.internal.runners.model.ReflectiveCallable.run(ReflectiveCallable.java:12)
    	at org.junit.runners.model.FrameworkMethod.invokeExplosively(FrameworkMethod.java:47)
    	at org.junit.internal.runners.statements.InvokeMethod.evaluate(InvokeMethod.java:17)
    	at org.junit.internal.runners.statements.FailOnTimeout$CallableStatement.call(FailOnTimeout.java:298)
    	at org.junit.internal.runners.statements.FailOnTimeout$CallableStatement.call(FailOnTimeout.java:292)
    	at java.util.concurrent.FutureTask.run(FutureTask.java:266)
    	at java.lang.Thread.run(Thread.java:745)

22) MapGrid constructor                                                                .. failed
.. because game/MapGrid (details below):

    java.lang.NoClassDefFoundError: game/MapGrid
    	at tests.MapGridTest.testReflectionCnstructor(MapGridTest.java:144)
    	at sun.reflect.NativeMethodAccessorImpl.invoke0(Native Method)
    	at sun.reflect.NativeMethodAccessorImpl.invoke(NativeMethodAccessorImpl.java:62)
    	at sun.reflect.DelegatingMethodAccessorImpl.invoke(DelegatingMethodAccessorImpl.java:43)
    	at java.lang.reflect.Method.invoke(Method.java:498)
    	at org.junit.runners.model.FrameworkMethod$1.runReflectiveCall(FrameworkMethod.java:50)
    	at org.junit.internal.runners.model.ReflectiveCallable.run(ReflectiveCallable.java:12)
    	at org.junit.runners.model.FrameworkMethod.invokeExplosively(FrameworkMethod.java:47)
    	at org.junit.internal.runners.statements.InvokeMethod.evaluate(InvokeMethod.java:17)
    	at org.junit.internal.runners.statements.FailOnTimeout$CallableStatement.call(FailOnTimeout.java:298)
    	at org.junit.internal.runners.statements.FailOnTimeout$CallableStatement.call(FailOnTimeout.java:292)
    	at java.util.concurrent.FutureTask.run(FutureTask.java:266)
    	at java.lang.Thread.run(Thread.java:745)

23) MapGrid getNumRows signature                                                       .. failed
.. because game/MapGrid (details below):

    java.lang.NoClassDefFoundError: game/MapGrid
    	at tests.MapGridTest.testReflectionMethodGetNumRows(MapGridTest.java:91)
    	at sun.reflect.NativeMethodAccessorImpl.invoke0(Native Method)
    	at sun.reflect.NativeMethodAccessorImpl.invoke(NativeMethodAccessorImpl.java:62)
    	at sun.reflect.DelegatingMethodAccessorImpl.invoke(DelegatingMethodAccessorImpl.java:43)
    	at java.lang.reflect.Method.invoke(Method.java:498)
    	at org.junit.runners.model.FrameworkMethod$1.runReflectiveCall(FrameworkMethod.java:50)
    	at org.junit.internal.runners.model.ReflectiveCallable.run(ReflectiveCallable.java:12)
    	at org.junit.runners.model.FrameworkMethod.invokeExplosively(FrameworkMethod.java:47)
    	at org.junit.internal.runners.statements.InvokeMethod.evaluate(InvokeMethod.java:17)
    	at org.junit.internal.runners.statements.FailOnTimeout$CallableStatement.call(FailOnTimeout.java:298)
    	at org.junit.internal.runners.statements.FailOnTimeout$CallableStatement.call(FailOnTimeout.java:292)
    	at java.util.concurrent.FutureTask.run(FutureTask.java:266)
    	at java.lang.Thread.run(Thread.java:745)

24) MapGrid setCell over non-vacant cell                                               .. failed
.. because game/MapGrid (details below):

    java.lang.NoClassDefFoundError: game/MapGrid
    	at tests.MapGridTest.testSetCellOverwriteCellsVacantPlayerOne(MapGridTest.java:305)
    	at sun.reflect.NativeMethodAccessorImpl.invoke0(Native Method)
    	at sun.reflect.NativeMethodAccessorImpl.invoke(NativeMethodAccessorImpl.java:62)
    	at sun.reflect.DelegatingMethodAccessorImpl.invoke(DelegatingMethodAccessorImpl.java:43)
    	at java.lang.reflect.Method.invoke(Method.java:498)
    	at org.junit.runners.model.FrameworkMethod$1.runReflectiveCall(FrameworkMethod.java:50)
    	at org.junit.internal.runners.model.ReflectiveCallable.run(ReflectiveCallable.java:12)
    	at org.junit.runners.model.FrameworkMethod.invokeExplosively(FrameworkMethod.java:47)
    	at org.junit.internal.runners.statements.InvokeMethod.evaluate(InvokeMethod.java:17)
    	at org.junit.internal.runners.statements.FailOnTimeout$CallableStatement.call(FailOnTimeout.java:298)
    	at org.junit.internal.runners.statements.FailOnTimeout$CallableStatement.call(FailOnTimeout.java:292)
    	at java.util.concurrent.FutureTask.run(FutureTask.java:266)
    	at java.lang.Thread.run(Thread.java:745)

25) MapGrid equals with different dimensions                                           .. failed
.. because game/MapGrid (details below):

    java.lang.NoClassDefFoundError: game/MapGrid
    	at tests.MapGridTest.testEqualsDifferentNumRows(MapGridTest.java:433)
    	at sun.reflect.NativeMethodAccessorImpl.invoke0(Native Method)
    	at sun.reflect.NativeMethodAccessorImpl.invoke(NativeMethodAccessorImpl.java:62)
    	at sun.reflect.DelegatingMethodAccessorImpl.invoke(DelegatingMethodAccessorImpl.java:43)
    	at java.lang.reflect.Method.invoke(Method.java:498)
    	at org.junit.runners.model.FrameworkMethod$1.runReflectiveCall(FrameworkMethod.java:50)
    	at org.junit.internal.runners.model.ReflectiveCallable.run(ReflectiveCallable.java:12)
    	at org.junit.runners.model.FrameworkMethod.invokeExplosively(FrameworkMethod.java:47)
    	at org.junit.internal.runners.statements.InvokeMethod.evaluate(InvokeMethod.java:17)
    	at org.junit.internal.runners.statements.FailOnTimeout$CallableStatement.call(FailOnTimeout.java:298)
    	at org.junit.internal.runners.statements.FailOnTimeout$CallableStatement.call(FailOnTimeout.java:292)
    	at java.util.concurrent.FutureTask.run(FutureTask.java:266)
    	at java.lang.Thread.run(Thread.java:745)

26) MapGrid setCell walls                                                              .. failed
.. because game/MapGrid (details below):

    java.lang.NoClassDefFoundError: game/MapGrid
    	at tests.MapGridTest.testSetCellMultipleCellsWalls(MapGridTest.java:258)
    	at sun.reflect.NativeMethodAccessorImpl.invoke0(Native Method)
    	at sun.reflect.NativeMethodAccessorImpl.invoke(NativeMethodAccessorImpl.java:62)
    	at sun.reflect.DelegatingMethodAccessorImpl.invoke(DelegatingMethodAccessorImpl.java:43)
    	at java.lang.reflect.Method.invoke(Method.java:498)
    	at org.junit.runners.model.FrameworkMethod$1.runReflectiveCall(FrameworkMethod.java:50)
    	at org.junit.internal.runners.model.ReflectiveCallable.run(ReflectiveCallable.java:12)
    	at org.junit.runners.model.FrameworkMethod.invokeExplosively(FrameworkMethod.java:47)
    	at org.junit.internal.runners.statements.InvokeMethod.evaluate(InvokeMethod.java:17)
    	at org.junit.internal.runners.statements.FailOnTimeout$CallableStatement.call(FailOnTimeout.java:298)
    	at org.junit.internal.runners.statements.FailOnTimeout$CallableStatement.call(FailOnTimeout.java:292)
    	at java.util.concurrent.FutureTask.run(FutureTask.java:266)
    	at java.lang.Thread.run(Thread.java:745)

27) MapGrid equals with different sprites                                              .. failed
.. because game/MapGrid (details below):

    java.lang.NoClassDefFoundError: game/MapGrid
    	at tests.MapGridTest.testEqualsDifferentSprite(MapGridTest.java:491)
    	at sun.reflect.NativeMethodAccessorImpl.invoke0(Native Method)
    	at sun.reflect.NativeMethodAccessorImpl.invoke(NativeMethodAccessorImpl.java:62)
    	at sun.reflect.DelegatingMethodAccessorImpl.invoke(DelegatingMethodAccessorImpl.java:43)
    	at java.lang.reflect.Method.invoke(Method.java:498)
    	at org.junit.runners.model.FrameworkMethod$1.runReflectiveCall(FrameworkMethod.java:50)
    	at org.junit.internal.runners.model.ReflectiveCallable.run(ReflectiveCallable.java:12)
    	at org.junit.runners.model.FrameworkMethod.invokeExplosively(FrameworkMethod.java:47)
    	at org.junit.internal.runners.statements.InvokeMethod.evaluate(InvokeMethod.java:17)
    	at org.junit.internal.runners.statements.FailOnTimeout$CallableStatement.call(FailOnTimeout.java:298)
    	at org.junit.internal.runners.statements.FailOnTimeout$CallableStatement.call(FailOnTimeout.java:292)
    	at java.util.concurrent.FutureTask.run(FutureTask.java:266)
    	at java.lang.Thread.run(Thread.java:745)

28) MapGrid setCell signature                                                          .. failed
.. because game/MapGrid (details below):

    java.lang.NoClassDefFoundError: game/MapGrid
    	at tests.MapGridTest.testReflectionMethodSetCell(MapGridTest.java:61)
    	at sun.reflect.NativeMethodAccessorImpl.invoke0(Native Method)
    	at sun.reflect.NativeMethodAccessorImpl.invoke(NativeMethodAccessorImpl.java:62)
    	at sun.reflect.DelegatingMethodAccessorImpl.invoke(DelegatingMethodAccessorImpl.java:43)
    	at java.lang.reflect.Method.invoke(Method.java:498)
    	at org.junit.runners.model.FrameworkMethod$1.runReflectiveCall(FrameworkMethod.java:50)
    	at org.junit.internal.runners.model.ReflectiveCallable.run(ReflectiveCallable.java:12)
    	at org.junit.runners.model.FrameworkMethod.invokeExplosively(FrameworkMethod.java:47)
    	at org.junit.internal.runners.statements.InvokeMethod.evaluate(InvokeMethod.java:17)
    	at org.junit.internal.runners.statements.FailOnTimeout$CallableStatement.call(FailOnTimeout.java:298)
    	at org.junit.internal.runners.statements.FailOnTimeout$CallableStatement.call(FailOnTimeout.java:292)
    	at java.util.concurrent.FutureTask.run(FutureTask.java:266)
    	at java.lang.Thread.run(Thread.java:745)

29) MapGrid equals self                                                                .. failed
.. because game/MapGrid (details below):

    java.lang.NoClassDefFoundError: game/MapGrid
    	at tests.MapGridTest.testEqualsSelf(MapGridTest.java:388)
    	at sun.reflect.NativeMethodAccessorImpl.invoke0(Native Method)
    	at sun.reflect.NativeMethodAccessorImpl.invoke(NativeMethodAccessorImpl.java:62)
    	at sun.reflect.DelegatingMethodAccessorImpl.invoke(DelegatingMethodAccessorImpl.java:43)
    	at java.lang.reflect.Method.invoke(Method.java:498)
    	at org.junit.runners.model.FrameworkMethod$1.runReflectiveCall(FrameworkMethod.java:50)
    	at org.junit.internal.runners.model.ReflectiveCallable.run(ReflectiveCallable.java:12)
    	at org.junit.runners.model.FrameworkMethod.invokeExplosively(FrameworkMethod.java:47)
    	at org.junit.internal.runners.statements.InvokeMethod.evaluate(InvokeMethod.java:17)
    	at org.junit.internal.runners.statements.FailOnTimeout$CallableStatement.call(FailOnTimeout.java:298)
    	at org.junit.internal.runners.statements.FailOnTimeout$CallableStatement.call(FailOnTimeout.java:292)
    	at java.util.concurrent.FutureTask.run(FutureTask.java:266)
    	at java.lang.Thread.run(Thread.java:745)

30) MapGrid extends Grid                                                               .. failed
.. because game/MapGrid (details below):

    java.lang.NoClassDefFoundError: game/MapGrid
    	at tests.MapGridTest.testReflectionMapGrid(MapGridTest.java:34)
    	at sun.reflect.NativeMethodAccessorImpl.invoke0(Native Method)
    	at sun.reflect.NativeMethodAccessorImpl.invoke(NativeMethodAccessorImpl.java:62)
    	at sun.reflect.DelegatingMethodAccessorImpl.invoke(DelegatingMethodAccessorImpl.java:43)
    	at java.lang.reflect.Method.invoke(Method.java:498)
    	at org.junit.runners.model.FrameworkMethod$1.runReflectiveCall(FrameworkMethod.java:50)
    	at org.junit.internal.runners.model.ReflectiveCallable.run(ReflectiveCallable.java:12)
    	at org.junit.runners.model.FrameworkMethod.invokeExplosively(FrameworkMethod.java:47)
    	at org.junit.internal.runners.statements.InvokeMethod.evaluate(InvokeMethod.java:17)
    	at org.junit.internal.runners.statements.FailOnTimeout$CallableStatement.call(FailOnTimeout.java:298)
    	at org.junit.internal.runners.statements.FailOnTimeout$CallableStatement.call(FailOnTimeout.java:292)
    	at java.util.concurrent.FutureTask.run(FutureTask.java:266)
    	at java.lang.Thread.run(Thread.java:745)

31) MapGrid does not override equals                                                   .. failed
.. because game/MapGrid (details below):

    java.lang.NoClassDefFoundError: game/MapGrid
    	at tests.MapGridTest.testReflectionMethodEquals(MapGridTest.java:119)
    	at sun.reflect.NativeMethodAccessorImpl.invoke0(Native Method)
    	at sun.reflect.NativeMethodAccessorImpl.invoke(NativeMethodAccessorImpl.java:62)
    	at sun.reflect.DelegatingMethodAccessorImpl.invoke(DelegatingMethodAccessorImpl.java:43)
    	at java.lang.reflect.Method.invoke(Method.java:498)
    	at org.junit.runners.model.FrameworkMethod$1.runReflectiveCall(FrameworkMethod.java:50)
    	at org.junit.internal.runners.model.ReflectiveCallable.run(ReflectiveCallable.java:12)
    	at org.junit.runners.model.FrameworkMethod.invokeExplosively(FrameworkMethod.java:47)
    	at org.junit.internal.runners.statements.InvokeMethod.evaluate(InvokeMethod.java:17)
    	at org.junit.internal.runners.statements.FailOnTimeout$CallableStatement.call(FailOnTimeout.java:298)
    	at org.junit.internal.runners.statements.FailOnTimeout$CallableStatement.call(FailOnTimeout.java:292)
    	at java.util.concurrent.FutureTask.run(FutureTask.java:266)
    	at java.lang.Thread.run(Thread.java:745)

32) MapGrid setCell vacant                                                             .. failed
.. because game/MapGrid (details below):

    java.lang.NoClassDefFoundError: game/MapGrid
    	at tests.MapGridTest.testSetCellVacant(MapGridTest.java:158)
    	at sun.reflect.NativeMethodAccessorImpl.invoke0(Native Method)
    	at sun.reflect.NativeMethodAccessorImpl.invoke(NativeMethodAccessorImpl.java:62)
    	at sun.reflect.DelegatingMethodAccessorImpl.invoke(DelegatingMethodAccessorImpl.java:43)
    	at java.lang.reflect.Method.invoke(Method.java:498)
    	at org.junit.runners.model.FrameworkMethod$1.runReflectiveCall(FrameworkMethod.java:50)
    	at org.junit.internal.runners.model.ReflectiveCallable.run(ReflectiveCallable.java:12)
    	at org.junit.runners.model.FrameworkMethod.invokeExplosively(FrameworkMethod.java:47)
    	at org.junit.internal.runners.statements.InvokeMethod.evaluate(InvokeMethod.java:17)
    	at org.junit.internal.runners.statements.FailOnTimeout$CallableStatement.call(FailOnTimeout.java:298)
    	at org.junit.internal.runners.statements.FailOnTimeout$CallableStatement.call(FailOnTimeout.java:292)
    	at java.util.concurrent.FutureTask.run(FutureTask.java:266)
    	at java.lang.Thread.run(Thread.java:745)

33) MapGrid setCell V2                                                                 .. failed
.. because game/MapGrid (details below):

    java.lang.NoClassDefFoundError: game/MapGrid
    	at tests.MapGridTest.testSetCellVacuumTwo(MapGridTest.java:243)
    	at sun.reflect.NativeMethodAccessorImpl.invoke0(Native Method)
    	at sun.reflect.NativeMethodAccessorImpl.invoke(NativeMethodAccessorImpl.java:62)
    	at sun.reflect.DelegatingMethodAccessorImpl.invoke(DelegatingMethodAccessorImpl.java:43)
    	at java.lang.reflect.Method.invoke(Method.java:498)
    	at org.junit.runners.model.FrameworkMethod$1.runReflectiveCall(FrameworkMethod.java:50)
    	at org.junit.internal.runners.model.ReflectiveCallable.run(ReflectiveCallable.java:12)
    	at org.junit.runners.model.FrameworkMethod.invokeExplosively(FrameworkMethod.java:47)
    	at org.junit.internal.runners.statements.InvokeMethod.evaluate(InvokeMethod.java:17)
    	at org.junit.internal.runners.statements.FailOnTimeout$CallableStatement.call(FailOnTimeout.java:298)
    	at org.junit.internal.runners.statements.FailOnTimeout$CallableStatement.call(FailOnTimeout.java:292)
    	at java.util.concurrent.FutureTask.run(FutureTask.java:266)
    	at java.lang.Thread.run(Thread.java:745)

34) MapGrid equals with different dimensions                                           .. failed
.. because game/MapGrid (details below):

    java.lang.NoClassDefFoundError: game/MapGrid
    	at tests.MapGridTest.testEqualsDifferentNumCols(MapGridTest.java:450)
    	at sun.reflect.NativeMethodAccessorImpl.invoke0(Native Method)
    	at sun.reflect.NativeMethodAccessorImpl.invoke(NativeMethodAccessorImpl.java:62)
    	at sun.reflect.DelegatingMethodAccessorImpl.invoke(DelegatingMethodAccessorImpl.java:43)
    	at java.lang.reflect.Method.invoke(Method.java:498)
    	at org.junit.runners.model.FrameworkMethod$1.runReflectiveCall(FrameworkMethod.java:50)
    	at org.junit.internal.runners.model.ReflectiveCallable.run(ReflectiveCallable.java:12)
    	at org.junit.runners.model.FrameworkMethod.invokeExplosively(FrameworkMethod.java:47)
    	at org.junit.internal.runners.statements.InvokeMethod.evaluate(InvokeMethod.java:17)
    	at org.junit.internal.runners.statements.FailOnTimeout$CallableStatement.call(FailOnTimeout.java:298)
    	at org.junit.internal.runners.statements.FailOnTimeout$CallableStatement.call(FailOnTimeout.java:292)
    	at java.util.concurrent.FutureTask.run(FutureTask.java:266)
    	at java.lang.Thread.run(Thread.java:745)



Tests for tests.VacuumTest (30/32 passed)
--

1) getRow() returning the correct value                                               .. ok!
2) getColumn() returning the correct value                                            .. ok!
3) getRow() not changing the return value of getColumn()                              .. ok!
4) the method updateCoordinates()                                                     .. ok!
5) getColumn() not changing the return value of getRow()                              .. ok!
6) moveTo has correct signature                                                       .. ok!
7) Vacuum correctly inherits from Sprite                                              .. ok!
8) getRow() returning the correct value with multiple Sprites                         .. ok!
9) setUnder() sets the under sprite                                                   .. ok!
10) the variable symbol exists and is declared correctly                               .. ok!
11) the method getRow()                                                                .. ok!
12) the variable row exists and is declared correctly                                  .. ok!
13) moveTo modifies location correctly                                                 .. ok!
14) getScore returns correct score                                                     .. ok!
15) getColumn() returning the correct value with multiple Sprites                      .. ok!
16) the variable column exists and is declared correctly                               .. ok!
17) the method getSymbol()                                                             .. ok!
18) getColumn() not changing the return value of getSymbol()                           .. ok!
19) moveTo modifies location of correct vacuum                                         .. ok!
20) toString() returning the correct value                                             .. ok!
21) getSymbol() not changing the return value of getRow()                              .. ok!
22) the constructor exists and is declared correctly                                   .. ok!
23) getSymbol() not changing the return value of getColumn()                           .. ok!
24) getScore returns correct value after emptying                                      .. ok!
25) the method updateCoordinates()                                                     .. ok!
26) getRow() not changing the return value of getSymbol()                              .. ok!
27) the method getColumn()                                                             .. ok!
28) getSymbol() returning the correct value                                            .. ok!
29) the method equals()                                                                .. ok!
30) the method hashCode()                                                              .. ok!
31) clean() modifies vacuum fullness                                                   .. failed
.. because Tests if clean correctly modifies vacuum's fullness. (details below):

    java.lang.AssertionError: Tests if clean correctly modifies vacuum's fullness.
    	at org.junit.Assert.fail(Assert.java:88)
    	at org.junit.Assert.assertTrue(Assert.java:41)
    	at tests.VacuumTest.testClean(VacuumTest.java:68)
    	at sun.reflect.NativeMethodAccessorImpl.invoke0(Native Method)
    	at sun.reflect.NativeMethodAccessorImpl.invoke(NativeMethodAccessorImpl.java:62)
    	at sun.reflect.DelegatingMethodAccessorImpl.invoke(DelegatingMethodAccessorImpl.java:43)
    	at java.lang.reflect.Method.invoke(Method.java:498)
    	at org.junit.runners.model.FrameworkMethod$1.runReflectiveCall(FrameworkMethod.java:50)
    	at org.junit.internal.runners.model.ReflectiveCallable.run(ReflectiveCallable.java:12)
    	at org.junit.runners.model.FrameworkMethod.invokeExplosively(FrameworkMethod.java:47)
    	at org.junit.internal.runners.statements.InvokeMethod.evaluate(InvokeMethod.java:17)
    	at org.junit.internal.runners.statements.FailOnTimeout$CallableStatement.call(FailOnTimeout.java:298)
    	at org.junit.internal.runners.statements.FailOnTimeout$CallableStatement.call(FailOnTimeout.java:292)
    	at java.util.concurrent.FutureTask.run(FutureTask.java:266)
    	at java.lang.Thread.run(Thread.java:745)

32) empty modifies vacuum fullness                                                     .. failed
.. because Tests if empty & clean correctly modifies vacuum's fullness. (details below):

    java.lang.AssertionError: Tests if empty & clean correctly modifies vacuum's fullness.
    	at org.junit.Assert.fail(Assert.java:88)
    	at org.junit.Assert.assertTrue(Assert.java:41)
    	at tests.VacuumTest.testEmptyAndClean(VacuumTest.java:87)
    	at sun.reflect.NativeMethodAccessorImpl.invoke0(Native Method)
    	at sun.reflect.NativeMethodAccessorImpl.invoke(NativeMethodAccessorImpl.java:62)
    	at sun.reflect.DelegatingMethodAccessorImpl.invoke(DelegatingMethodAccessorImpl.java:43)
    	at java.lang.reflect.Method.invoke(Method.java:498)
    	at org.junit.runners.model.FrameworkMethod$1.runReflectiveCall(FrameworkMethod.java:50)
    	at org.junit.internal.runners.model.ReflectiveCallable.run(ReflectiveCallable.java:12)
    	at org.junit.runners.model.FrameworkMethod.invokeExplosively(FrameworkMethod.java:47)
    	at org.junit.internal.runners.statements.InvokeMethod.evaluate(InvokeMethod.java:17)
    	at org.junit.internal.runners.statements.FailOnTimeout$CallableStatement.call(FailOnTimeout.java:298)
    	at org.junit.internal.runners.statements.FailOnTimeout$CallableStatement.call(FailOnTimeout.java:292)
    	at java.util.concurrent.FutureTask.run(FutureTask.java:266)
    	at java.lang.Thread.run(Thread.java:745)



